2018-09-30__09:43:36 0.01 0.04 0.00 2.38% 44.01 normal
2018-09-30__09:43:41 0.01 0.04 0.00 5.12% 44.01 normal
2018-09-30__09:43:46 0.00 0.03 0.00 1.90% 44.01 normal
2018-09-30__09:43:51 0.16 0.07 0.01 2.84% 44.01 normal
2018-09-30__09:43:56 0.15 0.07 0.01 2.86% 44.01 normal
2018-09-30__09:44:01 0.14 0.06 0.01 3.77% 44.55 normal
2018-09-30__09:44:06 0.13 0.06 0.01 1.44% 44.01 normal
2018-09-30__09:44:11 0.12 0.06 0.01 2.86% 44.55 normal
2018-09-30__09:44:16 0.11 0.06 0.01 1.91% 44.01 normal
2018-09-30__09:44:21 0.10 0.06 0.01 2.86% 44.55 normal
2018-09-30__09:44:26 0.09 0.06 0.01 2.84% 44.55 normal
2018-09-30__09:44:31 0.08 0.06 0.01 0.96% 44.55 normal
2018-09-30__09:44:36 0.08 0.06 0.01 2.84% 44.01 normal
2018-09-30__09:44:41 0.07 0.05 0.01 2.38% 45.08 normal
2018-09-30__09:44:47 0.06 0.05 0.01 1.44% 45.08 normal
2018-09-30__09:44:51 0.06 0.05 0.00 1.91% 44.55 normal
2018-09-30__09:44:56 0.05 0.05 0.00 3.30% 45.08 normal
2018-09-30__09:45:01 0.05 0.05 0.00 1.92% 45.08 normal
2018-09-30__09:45:06 0.05 0.05 0.00 -0.49% 45.08 normal
2018-09-30__09:45:11 0.04 0.05 0.00 2.84% 45.08 normal
2018-09-30__09:45:16 0.04 0.05 0.00 5.12% 45.08 normal
2018-09-30__09:45:21 0.03 0.05 0.00 3.77% 44.55 normal
2018-09-30__09:45:26 0.03 0.05 0.00 4.65% 44.01 normal
2018-09-30__09:45:31 0.03 0.04 0.00 1.91% 45.08 normal
2018-09-30__09:45:37 0.03 0.04 0.00 2.38% 44.55 normal
2018-09-30__09:45:42 0.02 0.04 0.00 3.30% 45.08 normal
2018-09-30__09:45:47 0.02 0.04 0.00 0.00% 44.01 normal
2018-09-30__09:45:52 0.02 0.04 0.00 3.32% 44.55 normal
2018-09-30__09:45:57 0.02 0.04 0.00 3.79% 44.55 normal
2018-09-30__09:46:02 0.02 0.04 0.00 1.90% 44.55 normal
2018-09-30__09:46:07 0.02 0.04 0.00 2.83% 44.55 normal
2018-09-30__09:46:12 0.01 0.04 0.00 1.91% 44.01 normal
2018-09-30__09:46:17 0.01 0.04 0.00 3.32% 44.55 normal
2018-09-30__09:46:22 0.01 0.03 0.00 2.86% 44.55 normal
2018-09-30__09:46:27 0.01 0.03 0.00 2.82% 43.47 normal
2018-09-30__09:46:32 0.01 0.03 0.00 2.37% 44.55 normal
2018-09-30__09:46:37 0.01 0.03 0.00 2.39% 45.08 normal
2018-09-30__09:46:42 0.01 0.03 0.00 2.86% 44.01 normal
2018-09-30__09:46:47 0.01 0.03 0.00 2.35% 43.47 normal
2018-09-30__09:46:52 0.01 0.03 0.00 0.96% 43.47 normal
2018-09-30__09:46:57 0.00 0.03 0.00 1.45% 44.01 normal
2018-09-30__09:47:02 0.00 0.03 0.00 2.84% 43.47 normal
2018-09-30__09:47:07 0.00 0.03 0.00 5.71% 44.01 normal
2018-09-30__09:47:12 0.00 0.03 0.00 1.96% 45.08 normal
2018-09-30__09:47:17 0.00 0.03 0.00 4.76% 45.08 normal
2018-09-30__09:47:22 0.00 0.03 0.00 0.99% 45.08 normal
2018-09-30__09:47:27 0.32 0.09 0.02 17.31% 45.08 normal
2018-09-30__09:47:32 0.30 0.09 0.02 2.36% 45.08 normal
2018-09-30__09:47:37 0.43 0.12 0.03 1.91% 45.08 normal
2018-09-30__09:47:42 0.40 0.12 0.03 3.74% 44.01 normal
2018-09-30__09:47:47 0.37 0.12 0.03 2.86% 45.08 normal
2018-09-30__09:47:52 0.34 0.12 0.03 3.32% 44.55 normal
2018-09-30__09:47:57 0.31 0.11 0.03 16.59% 45.08 normal
2018-09-30__09:48:02 0.28 0.11 0.03 4.23% 44.55 normal
2018-09-30__09:48:07 0.26 0.11 0.03 2.37% 45.08 normal
2018-09-30__09:48:12 0.24 0.11 0.03 1.91% 44.01 normal
2018-09-30__09:48:17 0.22 0.11 0.03 3.74% 45.08 normal
2018-09-30__09:48:22 0.20 0.10 0.03 3.30% 44.01 normal
2018-09-30__09:48:27 0.19 0.10 0.03 0.97% 44.55 normal
2018-09-30__09:48:32 0.17 0.10 0.03 3.74% 44.01 normal
2018-09-30__09:48:37 0.16 0.10 0.03 1.90% 44.55 normal
2018-09-30__09:48:42 0.14 0.10 0.03 1.91% 44.01 normal
2018-09-30__09:48:47 0.13 0.09 0.02 1.44% 43.47 normal
2018-09-30__09:48:52 0.12 0.09 0.02 3.33% 44.55 normal
2018-09-30__09:48:57 0.11 0.09 0.02 1.89% 43.47 normal
2018-09-30__09:49:02 0.10 0.09 0.02 5.09% 43.47 normal
2018-09-30__09:49:07 0.09 0.09 0.02 3.33% 45.08 normal
2018-09-30__09:49:12 0.09 0.08 0.02 1.90% 44.01 normal
2018-09-30__09:49:17 0.08 0.08 0.02 5.24% 44.55 normal
2018-09-30__09:49:22 0.07 0.08 0.02 2.38% 44.55 normal
2018-09-30__09:49:27 0.07 0.08 0.02 1.90% 44.55 normal
2018-09-30__09:49:32 0.06 0.08 0.02 3.29% 44.01 normal
2018-09-30__09:49:37 0.06 0.08 0.02 2.39% 45.08 normal
2018-09-30__09:49:42 0.05 0.08 0.02 3.77% 44.01 normal
2018-09-30__09:49:47 0.05 0.07 0.02 3.76% 45.08 normal
2018-09-30__09:49:52 0.04 0.07 0.02 11.48% 45.08 normal
2018-09-30__09:49:57 0.04 0.07 0.02 10.63% 45.62 normal
2018-09-30__09:50:02 0.04 0.07 0.02 4.27% 45.62 normal
2018-09-30__09:50:07 0.03 0.07 0.02 2.39% 45.62 normal
2018-09-30__09:50:12 0.03 0.07 0.02 3.32% 45.08 normal
2018-09-30__09:50:17 0.03 0.07 0.02 1.89% 45.08 normal
2018-09-30__09:50:22 0.02 0.06 0.02 3.35% 45.08 normal
2018-09-30__09:50:27 0.02 0.06 0.02 4.21% 44.01 normal
2018-09-30__09:50:32 0.10 0.08 0.02 0.48% 45.08 normal
2018-09-30__09:50:37 0.09 0.08 0.02 4.93% 45.08 normal
2018-09-30__09:50:42 0.08 0.08 0.02 0.97% 45.08 normal
2018-09-30__09:50:47 0.08 0.07 0.02 1.94% 45.62 normal
2018-09-30__09:50:52 0.07 0.07 0.02 4.69% 45.62 normal
2018-09-30__09:50:57 0.07 0.07 0.02 3.77% 45.08 normal
2018-09-30__09:51:02 0.06 0.07 0.02 3.29% 45.08 normal
2018-09-30__09:51:07 0.06 0.07 0.02 1.91% 45.08 normal
2018-09-30__09:51:12 0.05 0.07 0.02 3.32% 45.62 normal
2018-09-30__09:51:17 0.05 0.07 0.02 10.14% 45.08 normal
2018-09-30__09:51:22 0.04 0.06 0.02 20.38% 45.08 normal
2018-09-30__09:51:27 0.04 0.06 0.02 2.84% 45.08 normal
2018-09-30__09:51:32 0.04 0.06 0.01 1.43% 45.08 normal
2018-09-30__09:51:37 0.03 0.06 0.01 2.84% 45.62 normal
2018-09-30__09:51:42 0.03 0.06 0.01 0.97% 45.08 normal
2018-09-30__09:51:47 0.03 0.06 0.01 0.00% 45.08 normal
2018-09-30__09:51:52 0.02 0.06 0.01 0.97% 45.62 normal
2018-09-30__09:51:57 0.02 0.06 0.01 2.87% 45.62 normal
2018-09-30__09:52:02 0.02 0.05 0.01 7.58% 45.62 normal
2018-09-30__09:52:07 0.02 0.05 0.01 9.09% 45.08 normal
2018-09-30__09:52:12 0.02 0.05 0.01 2.84% 45.62 normal
2018-09-30__09:52:17 0.02 0.05 0.01 3.30% 44.55 normal
2018-09-30__09:52:22 0.01 0.05 0.01 3.77% 45.08 normal
2018-09-30__09:52:27 0.01 0.05 0.01 4.63% 44.55 normal
2018-09-30__09:52:32 0.01 0.05 0.01 2.40% 46.16 normal
2018-09-30__09:52:37 0.01 0.05 0.01 1.44% 45.08 normal
2018-09-30__09:52:42 0.01 0.05 0.01 12.50% 45.08 normal
2018-09-30__09:52:47 0.01 0.05 0.01 5.88% 45.08 normal
2018-09-30__09:52:52 0.01 0.04 0.01 9.22% 45.08 normal
2018-09-30__09:52:57 0.01 0.04 0.01 3.29% 44.01 normal
2018-09-30__09:53:02 0.01 0.04 0.01 0.00% 45.08 normal
2018-09-30__09:53:07 0.00 0.04 0.01 3.76% 45.08 normal
2018-09-30__09:53:12 0.00 0.04 0.00 3.30% 45.62 normal
2018-09-30__09:53:17 0.00 0.04 0.00 1.90% 44.55 normal
2018-09-30__09:53:22 0.24 0.09 0.02 8.53% 45.08 normal
2018-09-30__09:53:27 0.22 0.09 0.02 3.43% 44.55 normal
2018-09-30__09:53:32 0.21 0.09 0.02 3.41% 45.08 normal
2018-09-30__09:53:37 0.19 0.08 0.02 3.32% 45.08 normal
2018-09-30__09:53:42 0.17 0.08 0.02 0.96% 45.08 normal
2018-09-30__09:53:47 0.16 0.08 0.02 4.23% 44.55 normal
2018-09-30__09:53:52 0.15 0.08 0.02 3.32% 44.55 normal
2018-09-30__09:53:57 0.21 0.10 0.02 1.45% 45.08 normal
2018-09-30__09:54:02 0.20 0.09 0.02 3.33% 45.62 normal
2018-09-30__09:54:07 0.26 0.11 0.03 6.73% 45.08 normal
2018-09-30__09:54:12 0.24 0.11 0.03 2.39% 44.55 normal
2018-09-30__09:54:17 0.22 0.10 0.03 11.42% 45.08 normal
2018-09-30__09:54:22 0.20 0.10 0.03 5.53% 44.01 normal
2018-09-30__09:54:27 0.19 0.10 0.03 2.84% 45.08 normal
2018-09-30__09:54:32 0.17 0.10 0.03 0.97% 45.08 normal
2018-09-30__09:54:37 0.16 0.10 0.02 3.30% 44.55 normal
2018-09-30__09:54:42 0.14 0.09 0.02 1.91% 45.08 normal
2018-09-30__09:54:47 0.13 0.09 0.02 10.10% 45.08 normal
2018-09-30__09:54:52 0.12 0.09 0.02 2.44% 45.08 normal
2018-09-30__09:54:57 0.11 0.09 0.02 6.13% 45.62 normal
2018-09-30__09:55:02 0.10 0.09 0.02 10.05% 45.62 normal
2018-09-30__09:55:07 0.09 0.09 0.02 3.29% 44.55 normal
2018-09-30__09:55:12 0.09 0.08 0.02 1.44% 45.08 normal
2018-09-30__09:55:17 0.08 0.08 0.02 1.91% 45.08 normal
2018-09-30__09:55:22 0.31 0.13 0.04 0.96% 45.08 normal
2018-09-30__09:55:27 0.29 0.13 0.04 13.04% 45.08 normal
2018-09-30__09:55:32 0.26 0.13 0.04 7.62% 45.08 normal
2018-09-30__09:55:37 0.24 0.12 0.04 1.90% 45.08 normal
2018-09-30__09:55:42 0.22 0.12 0.04 2.91% 46.16 normal
2018-09-30__09:55:47 0.21 0.12 0.03 16.43% 45.08 normal
2018-09-30__09:55:52 0.19 0.12 0.03 2.39% 45.08 normal
2018-09-30__09:55:57 0.17 0.11 0.03 4.19% 45.08 normal
2018-09-30__09:56:02 0.16 0.11 0.03 3.30% 45.62 normal
2018-09-30__09:56:07 0.15 0.11 0.03 3.90% 45.62 normal
2018-09-30__09:56:12 0.13 0.11 0.03 7.62% 45.08 normal
2018-09-30__09:56:17 0.12 0.11 0.03 1.43% 45.08 normal
2018-09-30__09:56:22 0.11 0.10 0.03 3.30% 45.08 normal
2018-09-30__09:56:27 0.10 0.10 0.03 2.43% 45.08 normal
2018-09-30__09:56:32 0.10 0.10 0.03 9.09% 45.08 normal
2018-09-30__09:56:37 0.09 0.10 0.03 0.97% 45.62 normal
2018-09-30__09:56:42 0.08 0.10 0.03 0.96% 45.08 normal
2018-09-30__09:56:47 0.07 0.10 0.03 3.29% 44.55 normal
2018-09-30__09:56:52 0.07 0.09 0.03 15.57% 45.62 normal
2018-09-30__09:56:57 0.06 0.09 0.03 7.14% 44.55 normal
2018-09-30__09:57:02 0.06 0.09 0.03 1.44% 45.08 normal
2018-09-30__09:57:07 0.05 0.09 0.03 3.27% 44.55 normal
2018-09-30__09:57:12 0.05 0.09 0.03 2.97% 45.08 normal
2018-09-30__09:57:17 0.04 0.08 0.03 9.13% 45.08 normal
2018-09-30__09:57:22 0.04 0.08 0.03 5.09% 44.01 normal
2018-09-30__09:57:27 0.04 0.08 0.02 1.44% 45.08 normal
2018-09-30__09:57:32 0.27 0.13 0.04 13.55% 45.08 normal
2018-09-30__09:57:37 0.25 0.13 0.04 7.14% 45.08 normal
2018-09-30__09:57:42 0.23 0.13 0.04 2.82% 44.01 normal
2018-09-30__09:57:47 0.21 0.12 0.04 2.84% 44.01 normal
2018-09-30__09:57:52 0.20 0.12 0.04 1.92% 44.55 normal
2018-09-30__09:57:57 0.18 0.12 0.04 8.22% 45.08 normal
2018-09-30__09:58:02 0.16 0.12 0.04 2.37% 45.08 normal
2018-09-30__09:58:07 0.15 0.11 0.04 3.29% 44.55 normal
2018-09-30__09:58:12 0.22 0.13 0.04 4.35% 45.08 normal
2018-09-30__09:58:17 0.20 0.13 0.04 12.81% 44.55 normal
2018-09-30__09:58:22 0.18 0.12 0.04 2.38% 45.08 normal
2018-09-30__09:58:27 0.17 0.12 0.04 1.90% 44.01 normal
2018-09-30__09:58:32 0.16 0.12 0.04 3.79% 45.08 normal
2018-09-30__09:58:37 0.14 0.12 0.04 6.67% 45.08 normal
2018-09-30__09:58:42 0.13 0.11 0.04 9.09% 45.08 normal
2018-09-30__09:58:47 0.12 0.11 0.04 4.19% 44.55 normal
2018-09-30__09:58:52 0.11 0.11 0.04 1.90% 45.08 normal
2018-09-30__09:58:57 0.10 0.11 0.04 14.35% 45.08 normal
2018-09-30__09:59:02 0.09 0.11 0.04 7.35% 47.24 normal
2018-09-30__09:59:07 0.09 0.10 0.04 1.44% 45.08 normal
2018-09-30__09:59:12 0.08 0.10 0.04 2.84% 45.62 normal
2018-09-30__09:59:17 0.07 0.10 0.04 4.63% 45.08 normal
2018-09-30__09:59:22 0.07 0.10 0.04 5.66% 45.62 normal
2018-09-30__09:59:27 0.06 0.10 0.04 8.78% 45.62 normal
2018-09-30__09:59:32 0.06 0.10 0.04 1.44% 45.08 normal
2018-09-30__09:59:37 0.06 0.10 0.04 12.38% 45.08 normal
2018-09-30__09:59:42 0.05 0.09 0.03 13.82% 44.01 normal
2018-09-30__09:59:47 0.05 0.09 0.03 2.38% 45.08 normal
2018-09-30__09:59:52 0.04 0.09 0.03 2.36% 44.55 normal
2018-09-30__09:59:57 0.04 0.09 0.03 1.44% 45.08 normal
2018-09-30__10:00:02 0.04 0.09 0.03 2.37% 45.08 normal
2018-09-30__10:00:07 0.03 0.08 0.03 4.78% 45.08 normal
2018-09-30__10:00:12 0.27 0.13 0.05 13.59% 45.62 normal
2018-09-30__10:00:17 0.81 0.25 0.09 11.11% 45.62 normal
2018-09-30__10:00:22 1.23 0.34 0.12 7.18% 45.08 normal
2018-09-30__10:00:27 1.37 0.39 0.13 1.91% 45.08 normal
2018-09-30__10:00:32 1.74 0.48 0.17 3.30% 45.08 normal
2018-09-30__10:00:37 1.92 0.54 0.19 2.38% 45.08 normal
2018-09-30__10:00:42 1.85 0.55 0.19 0.97% 46.16 normal
2018-09-30__10:00:47 1.86 0.57 0.20 1.92% 45.62 normal
2018-09-30__10:00:52 1.71 0.56 0.20 1.49% 45.62 normal
2018-09-30__10:00:57 1.57 0.55 0.20 14.98% 45.08 normal
2018-09-30__10:01:02 1.45 0.54 0.20 19.31% 45.08 normal
2018-09-30__10:01:07 1.33 0.53 0.19 8.53% 45.08 normal
2018-09-30__10:01:12 1.30 0.54 0.20 1.90% 45.08 normal
2018-09-30__10:01:17 1.20 0.53 0.20 1.43% 44.55 normal
2018-09-30__10:01:22 1.10 0.52 0.20 3.30% 45.62 normal
2018-09-30__10:01:27 1.01 0.51 0.19 2.38% 45.08 normal
2018-09-30__10:01:32 0.93 0.51 0.19 2.38% 45.08 normal
2018-09-30__10:01:37 0.86 0.50 0.19 5.29% 45.62 normal
2018-09-30__10:01:42 0.79 0.49 0.19 21.53% 45.62 normal
2018-09-30__10:01:47 0.73 0.48 0.19 10.68% 45.08 normal
2018-09-30__10:01:52 0.67 0.47 0.19 2.86% 45.08 normal
2018-09-30__10:01:57 0.61 0.46 0.19 2.86% 44.01 normal
2018-09-30__10:02:02 0.56 0.46 0.18 1.91% 45.08 normal
2018-09-30__10:02:07 0.52 0.45 0.18 4.23% 45.62 normal
2018-09-30__10:02:12 0.48 0.44 0.18 3.33% 45.08 normal
2018-09-30__10:02:17 0.44 0.43 0.18 2.42% 45.08 normal
2018-09-30__10:02:22 0.40 0.43 0.18 20.77% 45.08 normal
2018-09-30__10:02:27 0.61 0.47 0.20 7.25% 45.08 normal
2018-09-30__10:02:32 0.56 0.46 0.19 2.38% 45.08 normal
2018-09-30__10:02:37 0.52 0.45 0.19 1.44% 44.55 normal
2018-09-30__10:02:42 0.47 0.44 0.19 2.38% 45.08 normal
2018-09-30__10:02:47 0.44 0.44 0.19 2.42% 45.08 normal
2018-09-30__10:02:52 0.40 0.43 0.19 2.84% 45.08 normal
2018-09-30__10:02:57 0.37 0.42 0.19 0.00% 45.08 normal
2018-09-30__10:03:02 0.34 0.41 0.18 3.83% 45.08 normal
2018-09-30__10:03:07 0.31 0.41 0.18 15.89% 45.62 normal
2018-09-30__10:03:12 0.29 0.40 0.18 1.90% 45.08 normal
2018-09-30__10:03:17 0.26 0.39 0.18 3.81% 45.08 normal
2018-09-30__10:03:22 0.24 0.39 0.18 2.84% 45.08 normal
2018-09-30__10:03:27 0.22 0.38 0.18 1.45% 45.08 normal
2018-09-30__10:03:32 0.20 0.37 0.18 2.38% 45.62 normal
2018-09-30__10:03:37 0.19 0.37 0.18 3.77% 45.62 normal
2018-09-30__10:03:42 0.17 0.36 0.18 2.86% 45.62 normal
2018-09-30__10:03:47 0.16 0.35 0.17 15.79% 45.62 normal
2018-09-30__10:03:52 0.15 0.35 0.17 16.43% 45.08 normal
2018-09-30__10:03:57 0.13 0.34 0.17 2.84% 45.62 normal
2018-09-30__10:04:02 0.12 0.34 0.17 1.44% 45.08 normal
2018-09-30__10:04:07 0.11 0.33 0.17 1.44% 45.08 normal
2018-09-30__10:04:12 0.10 0.33 0.17 1.44% 45.08 normal
2018-09-30__10:04:17 0.10 0.32 0.17 2.86% 45.08 normal
2018-09-30__10:04:22 0.09 0.31 0.17 3.29% 45.08 normal
2018-09-30__10:04:27 0.08 0.31 0.17 1.45% 45.08 normal
2018-09-30__10:04:32 0.07 0.30 0.17 14.01% 45.62 normal
2018-09-30__10:04:37 0.07 0.30 0.16 12.08% 45.08 normal
2018-09-30__10:04:42 0.06 0.29 0.16 0.96% 44.55 normal
2018-09-30__10:04:47 0.06 0.29 0.16 1.45% 45.08 normal
2018-09-30__10:04:52 0.05 0.28 0.16 2.37% 44.01 normal
2018-09-30__10:04:57 0.05 0.28 0.16 1.46% 45.08 normal
2018-09-30__10:05:02 0.04 0.27 0.16 2.36% 45.08 normal
2018-09-30__10:05:07 0.04 0.27 0.16 2.38% 45.62 normal
2018-09-30__10:05:12 0.04 0.26 0.16 3.30% 45.08 normal
2018-09-30__10:05:17 0.03 0.26 0.16 20.75% 45.62 normal
2018-09-30__10:05:22 0.03 0.25 0.16 8.02% 44.55 normal
2018-09-30__10:05:27 0.03 0.25 0.16 2.38% 45.08 normal
2018-09-30__10:05:32 0.02 0.25 0.15 3.32% 45.08 normal
2018-09-30__10:05:37 0.02 0.24 0.15 1.90% 44.55 normal
2018-09-30__10:05:42 0.18 0.27 0.16 2.40% 45.08 normal
2018-09-30__10:05:47 0.33 0.30 0.17 4.63% 45.08 normal
2018-09-30__10:05:52 0.46 0.33 0.18 2.86% 45.08 normal
2018-09-30__10:05:57 0.58 0.36 0.19 10.63% 45.08 normal
2018-09-30__10:06:02 0.54 0.35 0.19 28.91% 45.08 normal
2018-09-30__10:06:07 0.49 0.34 0.19 8.41% 45.08 normal
2018-09-30__10:06:12 0.54 0.35 0.20 1.91% 45.08 normal
2018-09-30__10:06:17 0.49 0.35 0.19 5.56% 44.55 normal
2018-09-30__10:06:22 0.45 0.34 0.19 2.38% 45.08 normal
2018-09-30__10:06:27 0.42 0.34 0.19 3.30% 45.08 normal
2018-09-30__10:06:32 0.38 0.33 0.19 5.12% 45.08 normal
2018-09-30__10:06:37 0.35 0.32 0.19 0.49% 45.62 normal
2018-09-30__10:06:42 0.32 0.32 0.19 12.02% 45.08 normal
2018-09-30__10:06:47 0.30 0.31 0.18 16.19% 45.08 normal
2018-09-30__10:06:52 0.27 0.31 0.18 2.86% 45.08 normal
2018-09-30__10:06:57 0.57 0.37 0.20 1.44% 45.08 normal
2018-09-30__10:07:02 0.53 0.36 0.20 0.96% 45.08 normal
2018-09-30__10:07:07 0.48 0.36 0.20 2.39% 45.08 normal
2018-09-30__10:07:12 0.44 0.35 0.20 4.23% 45.08 normal
2018-09-30__10:07:17 0.41 0.34 0.20 3.27% 44.55 normal
2018-09-30__10:07:22 0.38 0.34 0.20 9.57% 45.08 normal
2018-09-30__10:07:27 0.35 0.33 0.20 17.87% 45.08 normal
2018-09-30__10:07:32 0.40 0.34 0.20 6.54% 45.62 normal
2018-09-30__10:07:37 0.45 0.36 0.20 25.85% 47.24 normal
2018-09-30__10:07:42 0.49 0.37 0.21 1.92% 48.31 normal
2018-09-30__10:07:47 0.45 0.36 0.21 2.93% 47.77 normal
2018-09-30__10:07:52 0.41 0.35 0.21 2.40% 47.24 normal
2018-09-30__10:07:57 0.46 0.36 0.21 3.32% 46.70 normal
2018-09-30__10:08:02 0.42 0.36 0.21 5.24% 46.70 normal
2018-09-30__10:08:07 0.39 0.35 0.21 10.58% 46.70 normal
2018-09-30__10:08:12 0.36 0.35 0.21 20.64% 46.16 normal
2018-09-30__10:08:17 0.33 0.34 0.20 4.31% 45.62 normal
2018-09-30__10:08:22 0.62 0.40 0.22 1.44% 45.08 normal
2018-09-30__10:08:27 0.57 0.39 0.22 2.37% 45.08 normal
2018-09-30__10:08:32 0.53 0.39 0.22 2.38% 45.08 normal
2018-09-30__10:08:37 0.48 0.38 0.22 2.36% 45.08 normal
2018-09-30__10:08:42 0.45 0.37 0.22 3.76% 45.08 normal
2018-09-30__10:08:47 0.41 0.37 0.22 1.89% 45.08 normal
2018-09-30__10:08:52 0.38 0.36 0.22 9.71% 46.16 normal
2018-09-30__10:08:57 0.35 0.35 0.21 16.02% 45.62 normal
2018-09-30__10:09:02 0.32 0.35 0.21 5.24% 45.08 normal
2018-09-30__10:09:07 0.29 0.34 0.21 4.72% 45.08 normal
2018-09-30__10:09:12 0.27 0.34 0.21 2.84% 45.08 normal
2018-09-30__10:09:17 0.25 0.33 0.21 1.44% 45.08 normal
2018-09-30__10:09:22 0.23 0.33 0.21 4.23% 45.08 normal
2018-09-30__10:09:27 0.21 0.32 0.21 2.80% 45.08 normal
2018-09-30__10:09:32 0.19 0.31 0.20 0.96% 45.62 normal
2018-09-30__10:09:37 0.18 0.31 0.20 9.36% 45.62 normal
2018-09-30__10:09:42 0.16 0.30 0.20 5.69% 45.08 normal
2018-09-30__10:09:47 0.15 0.30 0.20 1.91% 45.08 normal
2018-09-30__10:09:52 0.14 0.29 0.20 1.44% 45.08 normal
2018-09-30__10:09:57 0.12 0.29 0.20 1.44% 45.08 normal
2018-09-30__10:10:02 0.11 0.28 0.20 3.30% 45.08 normal
2018-09-30__10:10:07 0.11 0.28 0.19 2.82% 45.08 normal
2018-09-30__10:10:12 0.10 0.27 0.19 3.30% 45.62 normal
2018-09-30__10:10:17 0.09 0.27 0.19 10.10% 45.62 normal
2018-09-30__10:10:22 0.08 0.26 0.19 16.10% 45.62 normal
2018-09-30__10:10:27 0.07 0.26 0.19 7.94% 45.62 normal
2018-09-30__10:10:32 0.07 0.25 0.19 1.93% 45.08 normal
2018-09-30__10:10:37 0.14 0.27 0.19 2.39% 45.62 normal
2018-09-30__10:10:42 0.13 0.26 0.19 27.27% 47.77 normal
2018-09-30__10:10:47 0.20 0.27 0.19 26.09% 50.46 note
2018-09-30__10:10:52 0.27 0.29 0.20 19.81% 51.54 note
2018-09-30__10:10:57 0.24 0.28 0.20 5.16% 48.31 normal
2018-09-30__10:11:02 0.22 0.28 0.20 9.27% 47.24 normal
2018-09-30__10:11:07 0.21 0.27 0.19 21.15% 46.70 normal
2018-09-30__10:11:12 0.19 0.27 0.19 9.30% 45.08 normal
2018-09-30__10:11:17 0.17 0.26 0.19 3.30% 46.16 normal
2018-09-30__10:11:22 0.16 0.26 0.19 1.44% 45.08 normal
2018-09-30__10:11:27 0.15 0.25 0.19 0.48% 44.55 normal
2018-09-30__10:11:32 0.13 0.25 0.19 2.36% 45.08 normal
2018-09-30__10:11:37 0.12 0.25 0.18 3.30% 45.08 normal
2018-09-30__10:11:42 0.11 0.24 0.18 3.85% 45.62 normal
2018-09-30__10:11:47 0.10 0.24 0.18 6.70% 45.08 normal
2018-09-30__10:11:52 0.10 0.23 0.18 15.31% 45.08 normal
2018-09-30__10:11:57 0.09 0.23 0.18 7.04% 45.08 normal
2018-09-30__10:12:02 0.08 0.22 0.18 1.44% 45.08 normal
2018-09-30__10:12:07 0.07 0.22 0.18 1.45% 45.08 normal
2018-09-30__10:12:12 0.07 0.22 0.18 3.33% 45.08 normal
2018-09-30__10:12:17 0.06 0.21 0.18 4.23% 45.62 normal
2018-09-30__10:12:22 0.06 0.21 0.17 1.44% 45.62 normal
2018-09-30__10:12:27 0.05 0.20 0.17 12.86% 45.08 normal
2018-09-30__10:12:32 0.05 0.20 0.17 8.96% 45.08 normal
2018-09-30__10:12:37 0.04 0.20 0.17 20.10% 44.55 normal
2018-09-30__10:12:42 0.04 0.19 0.17 3.32% 45.08 normal
2018-09-30__10:12:47 0.04 0.19 0.17 1.90% 44.01 normal
2018-09-30__10:12:52 0.03 0.19 0.17 4.23% 45.62 normal
2018-09-30__10:12:57 0.03 0.18 0.17 0.49% 46.16 normal
2018-09-30__10:13:02 0.03 0.18 0.17 3.32% 45.08 normal
2018-09-30__10:13:07 0.02 0.18 0.17 5.26% 45.62 normal
2018-09-30__10:13:12 0.02 0.17 0.16 2.43% 45.08 normal
2018-09-30__10:13:17 0.02 0.17 0.16 7.84% 45.08 normal
2018-09-30__10:13:22 0.10 0.18 0.17 5.77% 44.55 normal
2018-09-30__10:13:27 0.09 0.18 0.17 1.93% 45.08 normal
2018-09-30__10:13:32 0.08 0.18 0.17 1.44% 44.55 normal
2018-09-30__10:13:37 0.08 0.17 0.17 3.32% 45.08 normal
2018-09-30__10:13:42 0.07 0.17 0.16 2.39% 45.08 normal
2018-09-30__10:13:47 0.06 0.17 0.16 1.90% 44.55 normal
2018-09-30__10:13:52 0.06 0.17 0.16 5.94% 45.62 normal
2018-09-30__10:13:57 0.05 0.16 0.16 6.73% 45.08 normal
2018-09-30__10:14:02 0.05 0.16 0.16 12.87% 45.62 normal
2018-09-30__10:14:07 0.05 0.16 0.16 6.70% 44.55 normal
2018-09-30__10:14:12 0.04 0.15 0.16 0.96% 44.55 normal
2018-09-30__10:14:17 0.04 0.15 0.16 2.38% 45.08 normal
2018-09-30__10:14:22 0.03 0.15 0.16 1.42% 45.08 normal
2018-09-30__10:14:27 0.03 0.15 0.16 8.10% 44.55 normal
2018-09-30__10:14:32 0.03 0.14 0.16 0.48% 44.55 normal
2018-09-30__10:14:37 0.03 0.14 0.15 3.77% 45.08 normal
2018-09-30__10:14:42 0.02 0.14 0.15 4.74% 45.08 normal
2018-09-30__10:14:47 0.02 0.14 0.15 14.98% 45.62 normal
2018-09-30__10:14:52 0.02 0.13 0.15 5.83% 45.08 normal
2018-09-30__10:14:57 0.02 0.13 0.15 2.83% 44.01 normal
2018-09-30__10:15:02 0.58 0.25 0.19 2.83% 45.08 normal
2018-09-30__10:15:07 0.53 0.24 0.19 2.36% 44.01 normal
2018-09-30__10:15:12 0.49 0.24 0.18 2.84% 44.01 normal
2018-09-30__10:15:17 0.45 0.23 0.18 1.44% 45.62 normal
2018-09-30__10:15:22 0.41 0.23 0.18 2.36% 45.08 normal
2018-09-30__10:15:27 0.38 0.22 0.18 5.71% 45.08 normal
2018-09-30__10:15:32 0.35 0.22 0.18 16.19% 45.08 normal
2018-09-30__10:15:37 0.32 0.22 0.18 2.38% 45.08 normal
2018-09-30__10:15:42 0.54 0.26 0.19 4.23% 44.55 normal
2018-09-30__10:15:47 0.49 0.26 0.19 3.32% 44.55 normal
2018-09-30__10:15:52 0.45 0.25 0.19 3.32% 45.08 normal
2018-09-30__10:15:57 0.42 0.25 0.19 2.38% 45.08 normal
2018-09-30__10:16:02 0.38 0.25 0.19 2.36% 44.55 normal
2018-09-30__10:16:07 0.35 0.24 0.19 -0.48% 45.08 normal
2018-09-30__10:16:12 0.32 0.24 0.19 13.79% 45.08 normal
2018-09-30__10:16:17 0.30 0.23 0.18 14.35% 45.08 normal
2018-09-30__10:16:22 0.27 0.23 0.18 0.96% 45.08 normal
2018-09-30__10:16:27 0.25 0.22 0.18 2.86% 45.08 normal
2018-09-30__10:16:32 0.23 0.22 0.18 3.77% 44.55 normal
2018-09-30__10:16:37 0.21 0.22 0.18 4.21% 44.01 normal
2018-09-30__10:16:42 0.19 0.21 0.18 1.44% 45.08 normal
2018-09-30__10:16:47 0.18 0.21 0.18 2.38% 45.62 normal
2018-09-30__10:16:52 0.16 0.20 0.18 7.66% 44.55 normal
2018-09-30__10:16:57 0.15 0.20 0.18 16.99% 45.08 normal
2018-09-30__10:17:02 0.14 0.20 0.17 5.80% 44.55 normal
2018-09-30__10:17:07 0.13 0.19 0.17 1.93% 45.08 normal
2018-09-30__10:17:12 0.12 0.19 0.17 1.89% 44.01 normal
2018-09-30__10:17:17 0.11 0.19 0.17 2.84% 45.08 normal
2018-09-30__10:17:22 0.10 0.18 0.17 2.86% 45.08 normal
2018-09-30__10:17:27 0.09 0.18 0.17 0.96% 44.01 normal
2018-09-30__10:17:32 0.08 0.18 0.17 10.40% 44.55 normal
2018-09-30__10:17:37 0.08 0.17 0.17 6.76% 45.08 normal
2018-09-30__10:17:42 0.07 0.17 0.17 16.59% 45.08 normal
2018-09-30__10:17:47 0.06 0.17 0.17 7.94% 44.55 normal
2018-09-30__10:17:52 0.06 0.16 0.16 3.77% 45.08 normal
2018-09-30__10:17:57 0.05 0.16 0.16 1.44% 44.01 normal
2018-09-30__10:18:02 0.05 0.16 0.16 2.86% 45.08 normal
2018-09-30__10:18:07 0.05 0.16 0.16 0.96% 44.55 normal
2018-09-30__10:18:12 0.04 0.15 0.16 10.28% 45.08 normal
2018-09-30__10:18:17 0.04 0.15 0.16 4.29% 45.08 normal
2018-09-30__10:18:22 0.03 0.15 0.16 4.35% 45.08 normal
2018-09-30__10:18:27 0.03 0.14 0.16 11.59% 45.08 normal
2018-09-30__10:18:32 0.03 0.14 0.16 1.91% 45.08 normal
2018-09-30__10:18:37 0.03 0.14 0.16 0.96% 45.08 normal
2018-09-30__10:18:42 0.10 0.15 0.16 2.38% 45.08 normal
2018-09-30__10:18:47 0.10 0.15 0.16 3.79% 45.08 normal
2018-09-30__10:18:52 0.09 0.15 0.16 6.31% 45.08 normal
2018-09-30__10:18:57 0.08 0.15 0.16 3.37% 45.08 normal
2018-09-30__10:19:02 0.07 0.14 0.16 2.38% 45.08 normal
2018-09-30__10:19:07 0.07 0.14 0.16 8.33% 45.08 normal
2018-09-30__10:19:12 0.06 0.14 0.15 10.38% 45.08 normal
2018-09-30__10:19:17 0.06 0.14 0.15 1.91% 45.08 normal
2018-09-30__10:19:22 0.05 0.13 0.15 2.38% 45.08 normal
2018-09-30__10:19:27 0.05 0.13 0.15 0.48% 45.08 normal
2018-09-30__10:19:32 0.04 0.13 0.15 11.47% 45.62 normal
2018-09-30__10:19:37 0.04 0.13 0.15 6.16% 45.08 normal
2018-09-30__10:19:42 0.04 0.12 0.15 1.91% 45.08 normal
2018-09-30__10:19:47 0.03 0.12 0.15 0.97% 44.55 normal
2018-09-30__10:19:52 0.35 0.19 0.17 12.75% 45.62 normal
2018-09-30__10:19:57 0.32 0.18 0.17 7.51% 45.08 normal
2018-09-30__10:20:02 0.30 0.18 0.17 0.97% 45.08 normal
2018-09-30__10:20:07 0.27 0.18 0.17 4.25% 45.08 normal
2018-09-30__10:20:12 0.25 0.17 0.16 0.98% 45.08 normal
2018-09-30__10:20:17 0.23 0.17 0.16 5.69% 45.62 normal
2018-09-30__10:20:22 0.21 0.17 0.16 2.84% 45.08 normal
2018-09-30__10:20:27 0.19 0.16 0.16 2.84% 45.08 normal
2018-09-30__10:20:32 0.18 0.16 0.16 3.38% 45.08 normal
2018-09-30__10:20:37 0.16 0.16 0.16 11.90% 45.62 normal
2018-09-30__10:20:42 0.15 0.15 0.16 1.90% 44.55 normal
2018-09-30__10:20:47 0.14 0.15 0.16 2.38% 45.08 normal
2018-09-30__10:20:52 0.13 0.15 0.16 1.91% 45.08 normal
2018-09-30__10:20:57 0.12 0.15 0.16 9.00% 44.01 normal
2018-09-30__10:21:02 0.11 0.14 0.16 4.19% 44.55 normal
2018-09-30__10:21:07 0.10 0.14 0.15 2.39% 45.08 normal
2018-09-30__10:21:12 0.09 0.14 0.15 3.72% 45.08 normal
2018-09-30__10:21:17 0.08 0.14 0.15 9.66% 45.08 normal
2018-09-30__10:21:22 0.08 0.13 0.15 12.08% 45.08 normal
2018-09-30__10:21:27 0.07 0.13 0.15 0.95% 44.55 normal
2018-09-30__10:21:32 0.06 0.13 0.15 2.38% 45.08 normal
2018-09-30__10:21:37 0.14 0.14 0.15 6.64% 45.08 normal
2018-09-30__10:21:42 0.13 0.14 0.15 3.77% 44.55 normal
2018-09-30__10:21:47 0.12 0.14 0.15 3.79% 45.08 normal
2018-09-30__10:21:52 0.11 0.14 0.15 2.39% 45.08 normal
2018-09-30__10:21:57 0.10 0.13 0.15 0.96% 44.01 normal
2018-09-30__10:22:02 0.09 0.13 0.15 8.21% 45.62 normal
2018-09-30__10:22:07 0.08 0.13 0.15 10.48% 45.08 normal
2018-09-30__10:22:12 0.08 0.13 0.15 4.88% 44.01 normal
2018-09-30__10:22:17 0.07 0.12 0.15 4.21% 44.55 normal
2018-09-30__10:22:22 0.06 0.12 0.15 2.84% 44.55 normal
2018-09-30__10:22:27 0.06 0.12 0.14 0.95% 44.01 normal
2018-09-30__10:22:32 0.05 0.12 0.14 2.38% 45.08 normal
2018-09-30__10:22:37 0.29 0.16 0.16 2.37% 44.55 normal
2018-09-30__10:22:42 0.27 0.16 0.16 8.25% 45.08 normal
2018-09-30__10:22:47 0.25 0.16 0.16 12.86% 45.08 normal
2018-09-30__10:22:52 0.23 0.16 0.16 11.11% 44.55 normal
2018-09-30__10:22:57 0.21 0.15 0.16 3.86% 43.47 normal
2018-09-30__10:23:02 0.19 0.15 0.15 3.30% 44.55 normal
2018-09-30__10:23:07 0.17 0.15 0.15 2.86% 44.55 normal
2018-09-30__10:23:12 0.16 0.14 0.15 2.38% 45.08 normal
2018-09-30__10:23:17 0.15 0.14 0.15 1.90% 44.01 normal
2018-09-30__10:23:22 0.14 0.14 0.15 2.38% 45.08 normal
2018-09-30__10:23:27 0.12 0.14 0.15 11.90% 45.08 normal
2018-09-30__10:23:32 0.11 0.13 0.15 11.98% 45.08 normal
2018-09-30__10:23:37 0.10 0.13 0.15 1.89% 44.01 normal
2018-09-30__10:23:42 0.10 0.13 0.15 2.39% 44.55 normal
2018-09-30__10:23:47 0.41 0.19 0.17 4.19% 44.55 normal
2018-09-30__10:23:52 0.78 0.27 0.19 3.79% 44.55 normal
2018-09-30__10:23:57 0.71 0.27 0.19 2.84% 44.01 normal
2018-09-30__10:24:02 0.66 0.26 0.19 1.91% 45.08 normal
2018-09-30__10:24:07 0.60 0.26 0.19 13.11% 45.08 normal
2018-09-30__10:24:12 0.56 0.26 0.19 10.38% 45.08 normal
2018-09-30__10:24:17 0.51 0.25 0.19 2.84% 44.01 normal
2018-09-30__10:24:22 0.47 0.25 0.18 2.38% 45.08 normal
2018-09-30__10:24:27 0.43 0.24 0.18 2.87% 45.08 normal
2018-09-30__10:24:32 0.40 0.24 0.18 4.69% 45.08 normal
2018-09-30__10:24:37 0.36 0.23 0.18 5.19% 44.01 normal
2018-09-30__10:24:42 0.34 0.23 0.18 1.44% 45.08 normal
2018-09-30__10:24:47 0.31 0.23 0.18 5.14% 45.08 normal
2018-09-30__10:24:52 0.28 0.22 0.18 16.02% 45.08 normal
2018-09-30__10:24:57 0.26 0.22 0.18 15.17% 45.08 normal
2018-09-30__10:25:02 0.24 0.21 0.18 0.00% 45.62 normal
2018-09-30__10:25:07 0.22 0.21 0.17 1.91% 45.08 normal
2018-09-30__10:25:12 0.20 0.21 0.17 1.93% 45.08 normal
2018-09-30__10:25:17 0.18 0.20 0.17 1.90% 45.08 normal
2018-09-30__10:25:22 0.17 0.20 0.17 3.29% 44.55 normal
2018-09-30__10:25:27 0.16 0.20 0.17 1.45% 45.08 normal
2018-09-30__10:25:32 0.14 0.19 0.17 16.67% 45.62 normal
2018-09-30__10:25:37 0.13 0.19 0.17 7.28% 45.08 normal
2018-09-30__10:25:42 0.12 0.19 0.17 10.14% 45.08 normal
2018-09-30__10:25:47 0.11 0.18 0.17 1.44% 44.01 normal
2018-09-30__10:25:52 0.10 0.18 0.17 0.96% 45.08 normal
2018-09-30__10:25:57 0.09 0.18 0.16 3.26% 44.55 normal
2018-09-30__10:26:02 0.09 0.17 0.16 3.79% 45.08 normal
2018-09-30__10:26:07 0.08 0.17 0.16 0.00% 45.08 normal
2018-09-30__10:26:12 0.07 0.17 0.16 1.43% 45.08 normal
2018-09-30__10:26:17 0.07 0.16 0.16 8.96% 45.08 normal
2018-09-30__10:26:22 0.06 0.16 0.16 4.83% 45.08 normal
2018-09-30__10:26:27 0.06 0.16 0.16 8.78% 45.08 normal
2018-09-30__10:26:32 0.05 0.15 0.16 2.39% 45.08 normal
2018-09-30__10:26:37 0.29 0.20 0.17 3.77% 45.08 normal
2018-09-30__10:26:42 0.34 0.22 0.18 0.96% 44.01 normal
2018-09-30__10:26:47 0.32 0.21 0.18 1.90% 45.08 normal
2018-09-30__10:26:52 0.29 0.21 0.18 0.98% 45.62 normal
2018-09-30__10:26:57 0.27 0.20 0.18 13.89% 45.08 normal
2018-09-30__10:27:02 0.25 0.20 0.17 0.48% 45.08 normal
2018-09-30__10:27:07 0.23 0.20 0.17 6.91% 45.08 normal
2018-09-30__10:27:12 0.21 0.19 0.17 1.93% 45.08 normal
2018-09-30__10:27:17 0.19 0.19 0.17 1.93% 45.08 normal
2018-09-30__10:27:22 0.17 0.19 0.17 2.37% 45.08 normal
2018-09-30__10:27:27 0.16 0.18 0.17 1.93% 44.55 normal
2018-09-30__10:27:32 0.15 0.18 0.17 11.48% 45.08 normal
2018-09-30__10:27:37 0.14 0.18 0.17 10.90% 45.62 normal
2018-09-30__10:27:42 0.12 0.17 0.17 7.01% 45.08 normal
2018-09-30__10:27:47 0.11 0.17 0.17 3.38% 45.08 normal
2018-09-30__10:27:52 0.10 0.17 0.16 14.83% 44.55 normal
2018-09-30__10:27:57 0.10 0.16 0.16 1.91% 45.08 normal
2018-09-30__10:28:02 0.09 0.16 0.16 1.44% 45.08 normal
2018-09-30__10:28:07 0.08 0.16 0.16 1.44% 45.08 normal
2018-09-30__10:28:12 0.07 0.16 0.16 7.25% 45.08 normal
2018-09-30__10:28:17 0.07 0.15 0.16 10.38% 45.62 normal
2018-09-30__10:28:22 0.06 0.15 0.16 6.64% 44.55 normal
2018-09-30__10:28:27 0.06 0.15 0.16 3.32% 45.62 normal
2018-09-30__10:28:32 0.05 0.14 0.16 3.85% 45.08 normal
2018-09-30__10:28:37 0.05 0.14 0.16 11.32% 45.08 normal
2018-09-30__10:28:42 0.28 0.19 0.17 4.23% 44.01 normal
2018-09-30__10:28:47 0.26 0.19 0.17 2.86% 45.08 normal
2018-09-30__10:28:52 0.24 0.18 0.17 0.96% 45.08 normal
2018-09-30__10:28:57 0.22 0.18 0.17 12.50% 45.08 normal
2018-09-30__10:29:02 0.44 0.23 0.18 8.06% 45.08 normal
2018-09-30__10:29:07 0.41 0.22 0.18 0.48% 45.08 normal
2018-09-30__10:29:12 0.37 0.22 0.18 0.96% 44.55 normal
2018-09-30__10:29:17 0.34 0.21 0.18 5.61% 45.08 normal
2018-09-30__10:29:22 0.32 0.21 0.18 3.77% 45.08 normal
2018-09-30__10:29:27 0.29 0.21 0.18 1.90% 45.08 normal
2018-09-30__10:29:32 0.27 0.20 0.18 2.36% 44.01 normal
2018-09-30__10:29:37 0.25 0.20 0.18 5.94% 45.08 normal
2018-09-30__10:29:42 0.23 0.20 0.18 10.05% 45.08 normal
2018-09-30__10:29:47 0.21 0.19 0.17 5.21% 45.08 normal
2018-09-30__10:29:52 0.19 0.19 0.17 2.36% 44.01 normal
2018-09-30__10:29:57 0.17 0.19 0.17 5.19% 45.08 normal
2018-09-30__10:30:02 0.16 0.18 0.17 16.90% 44.55 normal
2018-09-30__10:30:07 0.15 0.18 0.17 2.39% 45.08 normal
2018-09-30__10:30:12 0.14 0.18 0.17 1.44% 44.01 normal
2018-09-30__10:30:17 0.12 0.17 0.17 9.35% 44.01 normal
2018-09-30__10:30:22 0.11 0.17 0.17 13.95% 44.55 normal
2018-09-30__10:30:27 0.10 0.17 0.17 4.76% 44.01 normal
2018-09-30__10:30:32 0.10 0.16 0.17 1.45% 44.55 normal
2018-09-30__10:30:37 0.09 0.16 0.16 3.77% 45.08 normal
2018-09-30__10:30:42 0.08 0.16 0.16 7.14% 44.55 normal
2018-09-30__10:30:47 0.07 0.16 0.16 16.27% 44.01 normal
2018-09-30__10:30:52 0.31 0.20 0.18 1.45% 44.55 normal
2018-09-30__10:30:57 0.28 0.20 0.18 7.73% 45.08 normal
2018-09-30__10:31:02 0.26 0.20 0.18 10.95% 45.08 normal
2018-09-30__10:31:07 0.24 0.19 0.18 4.37% 45.08 normal
2018-09-30__10:31:12 0.22 0.19 0.17 2.83% 45.08 normal
2018-09-30__10:31:17 0.20 0.19 0.17 0.97% 45.08 normal
2018-09-30__10:31:22 0.27 0.20 0.18 1.44% 44.01 normal
2018-09-30__10:31:27 0.24 0.20 0.18 2.88% 45.08 normal
2018-09-30__10:31:32 0.22 0.19 0.18 2.38% 44.55 normal
2018-09-30__10:31:37 0.21 0.19 0.18 12.50% 44.01 normal
2018-09-30__10:31:42 0.19 0.19 0.17 8.37% 45.08 normal
2018-09-30__10:31:47 0.17 0.18 0.17 5.29% 44.55 normal
2018-09-30__10:31:52 0.16 0.18 0.17 2.86% 44.55 normal
2018-09-30__10:31:57 0.15 0.18 0.17 1.44% 44.55 normal
2018-09-30__10:32:02 0.13 0.17 0.17 4.19% 44.01 normal
2018-09-30__10:32:07 0.12 0.17 0.17 4.31% 45.08 normal
2018-09-30__10:32:12 0.19 0.18 0.17 11.37% 45.08 normal
2018-09-30__10:32:17 0.18 0.18 0.17 9.95% 45.08 normal
2018-09-30__10:32:22 0.16 0.18 0.17 3.83% 44.55 normal
2018-09-30__10:32:27 0.15 0.17 0.17 8.96% 45.08 normal
2018-09-30__10:32:32 0.14 0.17 0.17 4.74% 44.55 normal
2018-09-30__10:32:37 0.13 0.17 0.17 1.91% 44.55 normal
2018-09-30__10:32:42 0.12 0.16 0.17 2.39% 45.08 normal
2018-09-30__10:32:47 0.19 0.18 0.17 3.77% 45.08 normal
2018-09-30__10:32:52 0.17 0.18 0.17 3.86% 44.55 normal
2018-09-30__10:32:57 0.16 0.17 0.17 8.78% 45.08 normal
2018-09-30__10:33:02 0.14 0.17 0.17 6.73% 44.55 normal
2018-09-30__10:33:07 0.13 0.17 0.17 10.63% 44.01 normal
2018-09-30__10:33:12 0.12 0.16 0.17 8.02% 44.01 normal
2018-09-30__10:33:17 0.11 0.16 0.17 1.44% 45.08 normal
2018-09-30__10:33:22 0.10 0.16 0.17 2.83% 44.01 normal
2018-09-30__10:33:27 0.09 0.15 0.17 3.76% 44.01 normal
2018-09-30__10:33:32 0.09 0.15 0.16 1.91% 45.08 normal
2018-09-30__10:33:37 0.16 0.17 0.17 4.78% 45.08 normal
2018-09-30__10:33:42 0.15 0.16 0.17 17.16% 44.55 normal
2018-09-30__10:33:47 0.13 0.16 0.17 9.18% 45.08 normal
2018-09-30__10:33:52 0.12 0.16 0.17 8.37% 44.01 normal
2018-09-30__10:33:57 0.11 0.15 0.17 2.39% 44.01 normal
2018-09-30__10:34:02 0.10 0.15 0.16 1.89% 44.01 normal
2018-09-30__10:34:07 0.10 0.15 0.16 2.39% 45.08 normal
2018-09-30__10:34:12 0.25 0.18 0.17 1.90% 44.55 normal
2018-09-30__10:34:17 0.31 0.19 0.18 1.90% 44.01 normal
2018-09-30__10:34:22 0.28 0.19 0.18 12.92% 45.08 normal
2018-09-30__10:34:27 0.26 0.19 0.18 8.61% 45.08 normal
2018-09-30__10:34:32 0.24 0.18 0.18 3.43% 44.55 normal
2018-09-30__10:34:37 0.22 0.18 0.18 3.74% 44.01 normal
2018-09-30__10:34:42 0.20 0.18 0.17 2.38% 44.01 normal
2018-09-30__10:34:47 0.51 0.24 0.20 2.38% 45.08 normal
2018-09-30__10:34:52 0.47 0.24 0.19 0.97% 45.08 normal
2018-09-30__10:34:57 0.43 0.23 0.19 3.83% 45.08 normal
2018-09-30__10:35:02 0.47 0.24 0.20 0.97% 46.16 normal
2018-09-30__10:35:07 0.44 0.24 0.20 10.28% 44.55 normal
2018-09-30__10:35:12 0.40 0.24 0.19 7.66% 45.08 normal
2018-09-30__10:35:17 0.37 0.23 0.19 6.16% 44.55 normal
2018-09-30__10:35:22 0.34 0.23 0.19 1.91% 45.08 normal
2018-09-30__10:35:27 0.31 0.22 0.19 4.69% 44.55 normal
2018-09-30__10:35:32 0.29 0.22 0.19 2.86% 45.08 normal
2018-09-30__10:35:37 0.26 0.22 0.19 9.13% 45.62 normal
2018-09-30__10:35:42 0.24 0.21 0.18 6.98% 45.08 normal
2018-09-30__10:35:47 0.22 0.21 0.18 2.43% 45.08 normal
2018-09-30__10:35:52 0.20 0.20 0.18 16.51% 45.08 normal
2018-09-30__10:35:57 0.19 0.20 0.18 5.71% 44.55 normal
2018-09-30__10:36:02 0.17 0.20 0.18 3.33% 45.08 normal
2018-09-30__10:36:07 0.16 0.19 0.18 1.91% 45.08 normal
2018-09-30__10:36:12 0.14 0.19 0.18 3.33% 45.08 normal
2018-09-30__10:36:17 0.13 0.19 0.18 5.37% 45.08 normal
2018-09-30__10:36:22 0.12 0.18 0.18 5.24% 45.08 normal
2018-09-30__10:36:27 0.11 0.18 0.17 1.90% 45.08 normal
2018-09-30__10:36:32 0.10 0.18 0.17 3.38% 45.08 normal
2018-09-30__10:36:37 0.09 0.17 0.17 16.43% 45.08 normal
2018-09-30__10:36:42 0.09 0.17 0.17 7.04% 45.08 normal
2018-09-30__10:36:47 0.08 0.17 0.17 1.90% 44.01 normal
2018-09-30__10:36:52 0.07 0.16 0.17 0.48% 44.55 normal
2018-09-30__10:36:57 0.07 0.16 0.17 3.90% 45.08 normal
2018-09-30__10:37:02 0.06 0.16 0.17 4.74% 45.08 normal
2018-09-30__10:37:07 0.06 0.16 0.17 4.25% 45.08 normal
2018-09-30__10:37:12 0.05 0.15 0.17 2.39% 45.08 normal
2018-09-30__10:37:17 0.05 0.15 0.16 3.85% 45.08 normal
2018-09-30__10:37:22 0.04 0.15 0.16 17.29% 45.08 normal
2018-09-30__10:37:27 0.04 0.14 0.16 4.33% 45.08 normal
2018-09-30__10:37:32 0.04 0.14 0.16 1.43% 44.55 normal
2018-09-30__10:37:37 0.03 0.14 0.16 4.35% 45.08 normal
2018-09-30__10:37:42 0.03 0.14 0.16 15.87% 45.62 normal
2018-09-30__10:37:47 0.03 0.13 0.16 4.25% 45.08 normal
2018-09-30__10:37:52 0.02 0.13 0.16 1.46% 45.08 normal
2018-09-30__10:37:57 0.02 0.13 0.16 2.37% 45.62 normal
2018-09-30__10:38:02 0.02 0.13 0.16 25.98% 46.16 normal
2018-09-30__10:38:07 0.02 0.12 0.16 11.11% 45.08 normal
2018-09-30__10:38:12 0.02 0.12 0.15 3.88% 45.08 normal
2018-09-30__10:38:17 0.02 0.12 0.15 2.39% 44.55 normal
2018-09-30__10:38:22 0.01 0.12 0.15 2.86% 44.55 normal
2018-09-30__10:38:27 0.01 0.12 0.15 2.87% 45.08 normal
2018-09-30__10:38:32 0.01 0.11 0.15 4.39% 45.08 normal
2018-09-30__10:38:37 0.01 0.11 0.15 4.27% 45.08 normal
2018-09-30__10:38:42 0.01 0.11 0.15 1.44% 44.55 normal
2018-09-30__10:38:47 0.01 0.11 0.15 11.32% 45.08 normal
2018-09-30__10:38:52 0.01 0.11 0.15 3.74% 44.55 normal
2018-09-30__10:38:57 0.01 0.10 0.15 1.43% 44.55 normal
2018-09-30__10:39:02 0.01 0.10 0.14 5.88% 45.62 normal
2018-09-30__10:39:07 0.00 0.10 0.14 1.90% 44.01 normal
2018-09-30__10:39:12 0.00 0.10 0.14 1.92% 44.55 normal
2018-09-30__10:39:17 0.00 0.10 0.14 2.83% 43.47 normal
2018-09-30__10:39:22 0.00 0.09 0.14 1.44% 44.01 normal
2018-09-30__10:39:27 0.00 0.09 0.14 4.33% 44.55 normal
2018-09-30__10:39:32 0.00 0.09 0.14 9.52% 44.55 normal
2018-09-30__10:39:37 0.00 0.09 0.14 2.38% 44.01 normal
2018-09-30__10:39:42 0.00 0.09 0.14 1.90% 43.47 normal
2018-09-30__10:39:47 0.00 0.08 0.14 2.86% 44.01 normal
2018-09-30__10:39:52 0.00 0.08 0.13 0.96% 44.01 normal
2018-09-30__10:39:57 0.00 0.08 0.13 3.33% 45.08 normal
2018-09-30__10:40:02 0.08 0.10 0.14 1.44% 44.55 normal
2018-09-30__10:40:07 0.07 0.10 0.14 6.13% 45.08 normal
2018-09-30__10:40:12 0.07 0.09 0.14 3.92% 45.08 normal
2018-09-30__10:40:17 0.06 0.09 0.14 9.18% 45.08 normal
2018-09-30__10:40:22 0.06 0.09 0.13 2.84% 44.01 normal
2018-09-30__10:40:27 0.05 0.09 0.13 3.33% 44.55 normal
2018-09-30__10:40:32 0.05 0.09 0.13 5.69% 44.01 normal
2018-09-30__10:40:37 0.04 0.08 0.13 7.44% 44.55 normal
2018-09-30__10:40:42 0.04 0.08 0.13 3.76% 44.01 normal
2018-09-30__10:40:47 0.04 0.08 0.13 2.82% 44.01 normal
2018-09-30__10:40:52 0.03 0.08 0.13 3.85% 45.08 normal
2018-09-30__10:40:57 0.03 0.08 0.13 7.11% 44.01 normal
2018-09-30__10:41:02 0.03 0.08 0.13 11.96% 45.08 normal
2018-09-30__10:41:07 0.02 0.08 0.13 1.92% 44.01 normal
2018-09-30__10:41:12 0.02 0.07 0.12 0.95% 44.01 normal
2018-09-30__10:41:17 0.02 0.07 0.12 2.38% 45.08 normal
2018-09-30__10:41:22 0.02 0.07 0.12 2.37% 44.01 normal
2018-09-30__10:41:27 0.02 0.07 0.12 3.33% 44.01 normal
2018-09-30__10:41:32 0.02 0.07 0.12 3.86% 45.08 normal
2018-09-30__10:41:37 0.01 0.07 0.12 2.39% 45.08 normal
2018-09-30__10:41:42 0.01 0.07 0.12 7.39% 45.08 normal
2018-09-30__10:41:47 0.01 0.06 0.12 3.77% 44.01 normal
2018-09-30__10:41:52 0.01 0.06 0.12 5.12% 43.47 normal
2018-09-30__10:41:57 0.01 0.06 0.12 2.40% 44.55 normal
2018-09-30__10:42:02 0.01 0.06 0.12 1.44% 44.01 normal
2018-09-30__10:42:07 0.01 0.06 0.11 2.84% 44.01 normal
2018-09-30__10:42:12 0.01 0.06 0.11 3.29% 44.01 normal
2018-09-30__10:42:17 0.01 0.06 0.11 3.29% 44.01 normal
2018-09-30__10:42:22 0.00 0.06 0.11 2.44% 44.55 normal
2018-09-30__10:42:27 0.00 0.05 0.11 16.82% 44.01 normal
2018-09-30__10:42:32 0.00 0.05 0.11 1.90% 43.47 normal
2018-09-30__10:42:37 0.00 0.05 0.11 1.92% 44.01 normal
2018-09-30__10:42:42 0.00 0.05 0.11 2.37% 44.55 normal
2018-09-30__10:42:47 0.00 0.05 0.11 3.32% 44.55 normal
2018-09-30__10:42:52 0.00 0.05 0.11 1.43% 43.47 normal
2018-09-30__10:42:57 0.00 0.05 0.10 1.90% 45.08 normal
2018-09-30__10:43:02 0.00 0.05 0.10 1.90% 44.01 normal
2018-09-30__10:43:07 0.00 0.05 0.10 3.88% 44.55 normal
2018-09-30__10:43:12 0.00 0.05 0.10 5.24% 44.55 normal
2018-09-30__10:43:17 0.00 0.04 0.10 0.48% 45.08 normal
2018-09-30__10:43:22 0.00 0.04 0.10 3.32% 44.01 normal
2018-09-30__10:43:27 0.00 0.04 0.10 2.82% 44.55 normal
2018-09-30__10:43:32 0.00 0.04 0.10 2.84% 45.08 normal
2018-09-30__10:43:37 0.00 0.04 0.10 3.32% 44.55 normal
2018-09-30__10:43:42 0.00 0.04 0.10 3.77% 45.08 normal
2018-09-30__10:43:47 0.00 0.04 0.09 1.94% 44.01 normal
2018-09-30__10:43:52 0.00 0.04 0.09 11.37% 44.01 normal
2018-09-30__10:43:57 0.00 0.04 0.09 1.45% 44.55 normal
2018-09-30__10:44:02 0.00 0.04 0.09 3.33% 44.55 normal
2018-09-30__10:44:07 0.00 0.04 0.09 1.91% 45.08 normal
