2018-12-11__22:54:36 0.48 0.42 0.43 4.93% 59.00 note
2018-12-12__20:07:49 0.20 0.25 0.30 3.47% 63.00 note
2018-12-12__20:07:52 0.20 0.25 0.30 3.96% 64.00 note
2018-12-12__20:07:54 0.19 0.25 0.30 3.01% 64.00 note
2018-12-12__20:07:57 0.19 0.25 0.30 2.72% 64.00 note
2018-12-12__20:07:59 0.17 0.24 0.29 2.00% 63.00 note
2018-12-12__20:08:02 0.17 0.24 0.29 1.50% 63.00 note
2018-12-12__20:08:04 0.16 0.24 0.29 3.23% 63.00 note
2018-12-12__20:08:07 0.16 0.24 0.29 3.49% 64.00 note
2018-12-12__20:08:09 0.14 0.23 0.29 2.49% 63.00 note
2018-12-12__20:08:12 0.14 0.23 0.29 3.50% 63.00 note
2018-12-12__20:08:14 0.13 0.23 0.29 2.74% 64.00 note
2018-12-12__20:08:17 0.13 0.23 0.29 1.99% 64.00 note
2018-12-12__20:08:19 0.12 0.23 0.29 2.49% 64.00 note
2018-12-12__20:08:22 0.12 0.23 0.29 2.98% 64.00 note
2018-12-12__20:08:25 0.19 0.24 0.29 3.46% 64.00 note
2018-12-12__20:08:27 0.19 0.24 0.29 1.75% 64.00 note
2018-12-12__20:08:30 0.18 0.24 0.29 2.24% 64.00 note
2018-12-12__20:08:32 0.18 0.24 0.29 2.96% 64.00 note
2018-12-12__20:08:35 0.16 0.23 0.29 2.74% 64.00 note
2018-12-12__20:08:37 0.16 0.23 0.29 3.74% 64.00 note
2018-12-12__20:08:40 0.15 0.23 0.28 2.96% 64.00 note
2018-12-12__20:08:42 0.15 0.23 0.28 5.68% 64.00 note
2018-12-12__20:08:45 0.30 0.26 0.29 4.22% 64.00 note
2018-12-12__20:08:47 0.30 0.26 0.29 2.98% 64.00 note
2018-12-12__20:08:50 0.35 0.27 0.30 2.74% 63.00 note
2018-12-12__20:08:52 0.35 0.27 0.30 3.47% 63.00 note
2018-12-12__20:08:55 0.33 0.26 0.30 3.20% 63.00 note
2018-12-12__20:08:57 0.33 0.26 0.30 2.74% 63.00 note
2018-12-12__20:09:00 0.30 0.26 0.29 1.99% 63.00 note
2018-12-12__20:09:02 0.30 0.26 0.29 10.20% 67.00 note
2018-12-12__20:09:05 0.36 0.27 0.30 2.96% 63.00 note
2018-12-12__20:09:07 0.36 0.27 0.30 5.46% 63.00 note
2018-12-12__20:09:10 0.33 0.27 0.30 2.72% 63.00 note
2018-12-12__20:09:15 0.38 0.28 0.30 2.95% 64.00 note
2018-12-12__20:09:18 0.38 0.28 0.30 3.22% 63.00 note
2018-12-12__20:09:20 0.35 0.28 0.30 1.74% 63.00 note
2018-12-12__20:09:23 0.35 0.28 0.30 3.00% 63.00 note
2018-12-12__20:09:25 0.32 0.27 0.30 2.74% 63.00 note
2018-12-12__20:09:28 0.32 0.27 0.30 1.99% 63.00 note
2018-12-12__20:09:30 0.30 0.27 0.29 3.24% 63.00 note
2018-12-12__20:09:33 0.30 0.27 0.29 3.94% 63.00 note
2018-12-12__20:09:35 0.27 0.26 0.29 2.49% 63.00 note
2018-12-12__20:09:38 0.27 0.26 0.29 4.70% 63.00 note
2018-12-12__20:09:40 0.25 0.26 0.29 1.75% 63.00 note
2018-12-12__20:09:43 0.25 0.26 0.29 3.46% 63.00 note
2018-12-12__20:09:45 0.23 0.25 0.29 2.99% 63.00 note
2018-12-12__20:09:48 0.23 0.25 0.29 2.71% 63.00 note
2018-12-12__20:09:50 0.21 0.25 0.29 3.74% 63.00 note
2018-12-12__20:09:53 0.21 0.25 0.29 3.22% 63.00 note
2018-12-12__20:09:55 0.19 0.24 0.28 5.88% 62.00 note
2018-12-12__20:09:58 0.19 0.24 0.28 2.49% 62.00 note
2018-12-12__20:10:00 0.18 0.24 0.28 7.54% 62.00 note
2018-12-12__20:10:03 0.18 0.24 0.28 2.50% 62.00 note
2018-12-12__20:10:06 0.16 0.23 0.28 3.23% 62.00 note
2018-12-12__20:10:08 0.16 0.23 0.28 2.74% 62.00 note
2018-12-12__20:10:11 0.15 0.23 0.28 2.99% 62.00 note
2018-12-12__20:10:13 0.15 0.23 0.28 3.47% 63.00 note
2018-12-12__20:10:16 0.22 0.24 0.28 2.98% 62.00 note
2018-12-12__20:10:18 0.22 0.24 0.28 2.73% 62.00 note
2018-12-12__20:10:21 0.28 0.26 0.29 3.47% 62.00 note
2018-12-12__20:10:23 0.28 0.26 0.29 2.24% 62.00 note
2018-12-12__20:10:26 0.26 0.25 0.28 3.22% 62.00 note
2018-12-12__20:10:28 0.26 0.25 0.28 2.74% 62.00 note
2018-12-12__20:10:31 0.24 0.25 0.28 3.27% 62.00 note
2018-12-12__20:10:33 0.24 0.25 0.28 4.24% 62.00 note
2018-12-12__20:10:36 0.22 0.24 0.28 2.72% 61.00 note
2018-12-12__20:10:38 0.22 0.24 0.28 3.23% 61.00 note
2018-12-12__20:10:41 0.28 0.26 0.28 2.49% 61.00 note
2018-12-12__20:10:43 0.28 0.26 0.28 3.49% 61.00 note
2018-12-12__20:10:46 0.74 0.35 0.31 2.00% 61.00 note
2018-12-12__20:10:48 0.74 0.35 0.31 2.49% 61.00 note
2018-12-12__20:10:51 0.76 0.36 0.32 2.49% 61.00 note
2018-12-12__20:10:53 0.76 0.36 0.32 2.74% 61.00 note
2018-12-12__20:10:56 0.70 0.36 0.32 2.99% 62.00 note
2018-12-12__20:10:59 0.70 0.36 0.32 2.75% 62.00 note
2018-12-12__20:11:01 0.72 0.37 0.32 4.49% 61.00 note
2018-12-12__20:11:04 0.72 0.37 0.32 4.23% 61.00 note
2018-12-12__20:11:06 0.67 0.36 0.32 2.97% 61.00 note
2018-12-12__20:11:09 0.67 0.36 0.32 3.23% 61.00 note
2018-12-12__20:11:11 1.49 0.54 0.38 3.23% 61.00 note
2018-12-12__20:11:14 1.45 0.55 0.38 2.99% 61.00 note
2018-12-12__20:11:16 1.45 0.55 0.38 3.24% 61.00 note
2018-12-12__20:11:19 1.34 0.54 0.38 4.94% 61.00 note
2018-12-12__20:11:21 1.34 0.54 0.38 3.01% 61.00 note
2018-12-12__20:11:24 1.23 0.53 0.37 2.73% 60.00 note
2018-12-12__20:11:26 1.23 0.53 0.37 2.99% 61.00 note
2018-12-12__20:11:29 1.21 0.54 0.38 2.48% 60.00 note
2018-12-12__20:11:31 1.21 0.54 0.38 2.01% 61.00 note
2018-12-12__20:11:34 1.11 0.53 0.38 2.97% 60.00 note
2018-12-12__20:11:36 1.11 0.53 0.38 2.74% 60.00 note
2018-12-12__20:11:39 1.02 0.52 0.37 3.94% 60.00 note
2018-12-12__20:11:41 1.02 0.52 0.37 3.23% 60.00 note
2018-12-12__20:11:44 0.94 0.51 0.37 3.21% 60.00 note
2018-12-12__20:11:47 0.94 0.51 0.37 2.01% 60.00 note
2018-12-12__20:11:49 0.87 0.50 0.37 4.50% 60.00 note
2018-12-12__20:11:52 0.87 0.50 0.37 4.23% 61.00 note
2018-12-12__20:11:54 0.88 0.51 0.37 2.99% 60.00 note
2018-12-12__20:11:57 0.88 0.51 0.37 4.16% 60.00 note
2018-12-12__20:11:59 0.81 0.50 0.37 2.24% 60.00 note
2018-12-12__20:12:02 0.81 0.50 0.37 2.72% 60.00 note
2018-12-12__20:12:04 0.90 0.52 0.38 2.49% 60.00 note
2018-12-12__20:12:07 0.90 0.52 0.38 2.23% 60.00 note
2018-12-12__20:12:09 0.83 0.52 0.38 3.26% 60.00 note
2018-12-12__20:12:12 0.83 0.52 0.38 2.24% 60.00 note
2018-12-12__20:12:14 0.76 0.51 0.37 3.97% 60.00 note
2018-12-12__20:12:17 0.76 0.51 0.37 1.99% 60.00 note
2018-12-12__20:12:19 0.78 0.52 0.38 4.26% 60.00 note
2018-12-12__20:12:22 0.78 0.52 0.38 3.23% 60.00 note
2018-12-12__20:12:24 0.80 0.52 0.38 3.70% 60.00 note
2018-12-12__20:12:27 0.80 0.52 0.38 2.97% 60.00 note
2018-12-12__20:12:29 0.74 0.52 0.38 2.99% 60.00 note
2018-12-12__20:12:32 0.74 0.52 0.38 3.45% 60.00 note
2018-12-12__20:12:35 0.76 0.52 0.38 2.98% 60.00 note
2018-12-12__20:12:37 0.76 0.52 0.38 2.00% 60.00 note
2018-12-12__20:12:40 0.70 0.51 0.38 3.48% 60.00 note
2018-12-12__20:12:42 0.70 0.51 0.38 3.46% 60.00 note
2018-12-12__20:12:45 0.64 0.51 0.38 2.99% 60.00 note
2018-12-12__20:12:47 0.64 0.51 0.38 2.99% 60.00 note
2018-12-12__20:12:50 0.59 0.50 0.37 3.20% 60.00 note
2018-12-12__20:12:52 0.59 0.50 0.37 2.26% 60.00 note
2018-12-12__20:12:55 0.54 0.49 0.37 2.47% 60.00 note
2018-12-12__20:12:57 0.54 0.49 0.37 3.72% 60.00 note
2018-12-12__20:13:00 0.50 0.48 0.37 2.01% 60.00 note
2018-12-12__20:13:02 0.50 0.48 0.37 4.68% 60.00 note
2018-12-12__20:13:05 0.46 0.47 0.37 2.99% 60.00 note
2018-12-12__20:13:07 0.46 0.47 0.37 4.53% 60.00 note
2018-12-12__20:13:10 0.42 0.46 0.36 3.22% 60.00 note
2018-12-12__20:13:12 0.42 0.46 0.36 3.23% 60.00 note
2018-12-12__20:13:15 0.55 0.49 0.37 3.22% 60.00 note
2018-12-12__20:13:17 0.55 0.49 0.37 3.46% 59.00 note
2018-12-12__20:13:20 0.50 0.48 0.37 2.23% 59.00 note
2018-12-12__20:13:22 0.50 0.48 0.37 1.51% 60.00 note
2018-12-12__20:13:25 0.46 0.47 0.37 2.00% 60.00 note
2018-12-12__20:13:28 0.46 0.47 0.37 3.24% 60.00 note
2018-12-12__20:13:30 0.43 0.46 0.37 2.49% 59.00 note
2018-12-12__20:13:33 0.43 0.46 0.37 3.73% 59.00 note
2018-12-12__20:13:35 0.39 0.46 0.36 1.75% 59.00 note
2018-12-12__20:13:38 0.39 0.46 0.36 4.26% 59.00 note
2018-12-12__20:13:40 0.36 0.45 0.36 8.54% 62.00 note
2018-12-12__20:13:43 0.36 0.45 0.36 12.32% 62.00 note
2018-12-12__20:13:45 0.41 0.46 0.37 5.75% 62.00 note
2018-12-12__20:13:48 0.41 0.46 0.37 2.72% 60.00 note
2018-12-12__20:13:50 0.38 0.45 0.36 2.48% 60.00 note
2018-12-12__20:13:53 0.38 0.45 0.36 1.99% 63.00 note
2018-12-12__20:13:55 0.35 0.44 0.36 3.97% 60.00 note
2018-12-12__20:13:58 0.35 0.44 0.36 3.70% 60.00 note
2018-12-12__20:14:00 0.32 0.43 0.36 2.75% 59.00 note
2018-12-12__20:14:03 0.32 0.43 0.36 2.73% 60.00 note
2018-12-12__20:14:05 0.29 0.43 0.36 3.95% 60.00 note
2018-12-12__20:14:08 0.29 0.43 0.36 4.70% 60.00 note
2018-12-12__20:14:10 0.27 0.42 0.35 4.22% 60.00 note
2018-12-12__20:14:13 0.27 0.42 0.35 2.48% 60.00 note
2018-12-12__20:14:16 0.33 0.43 0.36 5.22% 60.00 note
2018-12-12__20:14:18 0.33 0.43 0.36 2.23% 60.00 note
2018-12-12__20:14:21 0.38 0.44 0.36 4.49% 60.00 note
2018-12-12__20:14:23 0.38 0.44 0.36 2.96% 60.00 note
2018-12-12__20:14:26 0.35 0.43 0.36 5.71% 59.00 note
2018-12-12__20:14:28 0.35 0.43 0.36 4.95% 60.00 note
2018-12-12__20:14:31 0.32 0.43 0.36 3.46% 59.00 note
2018-12-12__20:14:33 0.32 0.43 0.36 2.98% 59.00 note
2018-12-12__20:14:36 0.46 0.45 0.37 1.99% 60.00 note
2018-12-12__20:14:38 0.46 0.45 0.37 2.98% 59.00 note
2018-12-12__20:14:41 0.42 0.44 0.37 2.73% 59.00 note
2018-12-12__20:14:43 0.42 0.44 0.37 3.48% 59.00 note
2018-12-12__20:14:46 0.39 0.44 0.36 3.72% 59.00 note
2018-12-12__20:14:48 0.39 0.44 0.36 3.24% 59.00 note
2018-12-12__20:14:51 0.36 0.43 0.36 2.49% 59.00 note
2018-12-12__20:14:53 0.36 0.43 0.36 2.74% 59.00 note
2018-12-12__20:14:56 0.33 0.42 0.36 5.19% 59.00 note
2018-12-12__20:14:58 0.33 0.42 0.36 5.19% 59.00 note
2018-12-12__20:15:01 0.30 0.41 0.36 2.98% 59.00 note
2018-12-12__20:15:03 0.30 0.41 0.36 3.72% 59.00 note
2018-12-12__20:15:06 0.28 0.41 0.36 2.24% 59.00 note
2018-12-12__20:15:09 0.28 0.41 0.36 3.23% 59.00 note
2018-12-12__20:15:11 0.25 0.40 0.35 2.72% 59.00 note
2018-12-12__20:15:14 0.25 0.40 0.35 2.99% 59.00 note
2018-12-12__20:15:16 0.23 0.39 0.35 2.24% 59.00 note
2018-12-12__20:15:19 0.23 0.39 0.35 4.66% 59.00 note
2018-12-12__20:15:21 0.21 0.39 0.35 2.52% 60.00 note
2018-12-12__20:15:24 0.21 0.39 0.35 2.72% 60.00 note
2018-12-12__20:15:26 0.20 0.38 0.35 4.50% 60.00 note
2018-12-12__20:15:29 0.20 0.38 0.35 3.98% 60.00 note
2018-12-12__20:15:31 0.26 0.39 0.35 4.24% 60.00 note
2018-12-12__20:15:34 0.26 0.39 0.35 3.23% 60.00 note
2018-12-12__20:15:36 0.24 0.38 0.35 4.20% 59.00 note
2018-12-12__20:15:39 0.24 0.38 0.35 1.50% 59.00 note
2018-12-12__20:15:41 0.22 0.38 0.35 2.74% 59.00 note
2018-12-12__20:15:44 0.22 0.38 0.35 2.49% 59.00 note
2018-12-12__20:15:46 0.20 0.37 0.35 4.22% 59.00 note
2018-12-12__20:15:49 0.19 0.36 0.34 2.98% 59.00 note
2018-12-12__20:15:51 0.19 0.36 0.34 2.99% 59.00 note
2018-12-12__20:15:54 0.17 0.36 0.34 2.48% 59.00 note
2018-12-12__20:15:57 0.17 0.36 0.34 3.47% 62.00 note
2018-12-12__20:15:59 0.16 0.35 0.34 1.50% 60.00 note
2018-12-12__20:16:02 0.16 0.35 0.34 2.51% 59.00 note
2018-12-12__20:16:04 0.14 0.35 0.34 5.17% 59.00 note
2018-12-12__20:16:07 0.14 0.35 0.34 4.89% 59.00 note
2018-12-12__20:16:09 0.21 0.36 0.34 3.24% 59.00 note
2018-12-12__20:16:12 0.21 0.36 0.34 2.72% 59.00 note
2018-12-12__20:16:14 0.20 0.35 0.34 4.77% 59.00 note
2018-12-12__20:16:17 0.20 0.35 0.34 3.47% 59.00 note
2018-12-12__20:16:19 0.18 0.34 0.34 3.25% 59.00 note
2018-12-12__20:16:22 0.18 0.34 0.34 2.48% 59.00 note
2018-12-12__20:16:24 0.16 0.34 0.34 2.50% 59.00 note
2018-12-12__20:16:27 0.16 0.34 0.34 2.48% 59.00 note
2018-12-12__20:16:29 0.15 0.33 0.33 4.68% 59.00 note
2018-12-12__20:16:32 0.15 0.33 0.33 3.45% 59.00 note
2018-12-12__20:16:34 0.14 0.33 0.33 5.67% 59.00 note
2018-12-12__20:16:37 0.14 0.33 0.33 2.00% 59.00 note
2018-12-12__20:16:39 0.13 0.32 0.33 3.98% 59.00 note
2018-12-12__20:16:42 0.13 0.32 0.33 2.23% 59.00 note
2018-12-12__20:16:45 0.12 0.32 0.33 5.94% 59.00 note
2018-12-12__20:16:47 0.12 0.32 0.33 3.98% 59.00 note
2018-12-12__20:16:50 0.11 0.31 0.33 3.01% 59.00 note
2018-12-12__20:16:52 0.11 0.31 0.33 2.74% 59.00 note
2018-12-12__20:16:55 0.10 0.30 0.32 4.42% 59.00 note
2018-12-12__20:16:57 0.10 0.30 0.32 2.99% 59.00 note
2018-12-12__20:17:00 0.09 0.30 0.32 2.72% 59.00 note
2018-12-12__20:17:02 0.09 0.30 0.32 3.96% 59.00 note
2018-12-12__20:17:05 0.08 0.29 0.32 4.46% 59.00 note
2018-12-12__20:17:07 0.08 0.29 0.32 3.00% 59.00 note
2018-12-12__20:17:10 0.08 0.29 0.32 3.22% 59.00 note
2018-12-12__20:17:12 0.08 0.29 0.32 2.26% 59.00 note
2018-12-12__20:17:15 0.07 0.28 0.32 4.47% 59.00 note
2018-12-12__20:17:17 0.07 0.28 0.32 4.68% 59.00 note
2018-12-12__20:17:20 0.06 0.28 0.31 2.73% 59.00 note
2018-12-12__20:17:22 0.06 0.28 0.31 2.74% 59.00 note
2018-12-12__20:17:25 0.06 0.27 0.31 2.96% 59.00 note
2018-12-12__20:17:27 0.06 0.27 0.31 4.22% 59.00 note
2018-12-12__20:17:30 0.05 0.27 0.31 3.21% 59.00 note
2018-12-12__20:17:33 0.05 0.27 0.31 4.99% 59.00 note
2018-12-12__20:17:35 0.13 0.28 0.31 3.97% 59.00 note
2018-12-12__20:17:38 0.13 0.28 0.31 5.45% 59.00 note
2018-12-12__20:17:40 0.12 0.28 0.31 1.75% 59.00 note
2018-12-12__20:17:43 0.12 0.28 0.31 2.24% 59.00 note
2018-12-12__20:17:45 0.11 0.27 0.31 3.51% 61.00 note
2018-12-12__20:17:48 0.11 0.27 0.31 2.97% 59.00 note
2018-12-12__20:17:50 0.18 0.28 0.31 2.73% 59.00 note
2018-12-12__20:17:53 0.18 0.28 0.31 3.47% 59.00 note
2018-12-12__20:17:55 0.17 0.28 0.31 2.99% 59.00 note
2018-12-12__20:17:58 0.17 0.28 0.31 2.00% 59.00 note
2018-12-12__20:18:00 0.15 0.27 0.31 3.47% 59.00 note
2018-12-12__20:18:03 0.15 0.27 0.31 5.21% 59.00 note
2018-12-12__20:18:05 0.22 0.29 0.31 4.47% 59.00 note
2018-12-12__20:18:08 0.22 0.29 0.31 4.96% 59.00 note
2018-12-12__20:18:10 0.20 0.28 0.31 2.26% 59.00 note
2018-12-12__20:18:13 0.20 0.28 0.31 2.73% 59.00 note
2018-12-12__20:18:15 0.19 0.28 0.31 2.99% 59.00 note
2018-12-12__20:18:18 0.19 0.28 0.31 2.24% 59.00 note
2018-12-12__20:18:20 0.17 0.27 0.31 2.98% 58.00 note
2018-12-12__20:18:23 0.17 0.27 0.31 3.49% 59.00 note
2018-12-12__20:18:26 0.16 0.27 0.31 8.56% 59.00 note
2018-12-12__20:18:28 0.16 0.27 0.31 3.45% 59.00 note
2018-12-12__20:18:31 0.22 0.28 0.31 2.99% 59.00 note
2018-12-12__20:18:33 0.22 0.28 0.31 4.22% 59.00 note
2018-12-12__20:18:36 0.21 0.27 0.31 4.18% 59.00 note
2018-12-12__20:18:38 0.21 0.27 0.31 3.73% 58.00 note
2018-12-12__20:18:41 0.19 0.27 0.31 3.96% 59.00 note
2018-12-12__20:18:43 0.19 0.27 0.31 3.52% 59.00 note
2018-12-12__20:18:46 0.17 0.26 0.30 2.74% 59.00 note
2018-12-12__20:18:48 0.17 0.26 0.30 3.54% 60.00 note
2018-12-12__20:18:51 0.24 0.28 0.31 5.03% 61.00 note
2018-12-12__20:18:53 0.24 0.28 0.31 3.99% 60.00 note
2018-12-12__20:18:56 0.22 0.27 0.31 9.80% 59.00 note
2018-12-12__20:18:58 0.22 0.27 0.31 2.78% 66.00 note
2018-12-12__20:19:01 0.20 0.27 0.30 4.00% 61.00 note
2018-12-12__20:19:03 0.20 0.27 0.30 8.68% 66.00 note
2018-12-12__20:19:06 0.19 0.26 0.30 5.74% 62.00 note
2018-12-12__20:19:08 0.19 0.26 0.30 39.95% 66.00 note
2018-12-12__20:19:11 0.33 0.29 0.31 46.88% 81.00 warning
2018-12-12__20:19:14 0.33 0.29 0.31 6.28% 73.00 warning
2018-12-12__20:19:16 0.39 0.30 0.32 2.98% 66.00 note
2018-12-12__20:19:19 0.39 0.30 0.32 2.76% 64.00 note
2018-12-12__20:19:21 0.35 0.30 0.31 3.01% 64.00 note
2018-12-12__20:19:24 0.35 0.30 0.31 4.02% 63.00 note
2018-12-12__20:19:26 0.33 0.29 0.31 5.93% 63.00 note
2018-12-12__20:19:29 0.33 0.29 0.31 3.81% 63.00 note
2018-12-12__20:19:31 0.38 0.31 0.32 7.79% 63.00 note
2018-12-12__20:19:34 0.38 0.31 0.32 19.66% 68.00 note
2018-12-12__20:19:36 0.35 0.30 0.31 20.84% 68.00 note
2018-12-12__20:19:39 0.35 0.30 0.31 9.45% 67.00 note
2018-12-12__20:19:41 0.32 0.29 0.31 7.52% 66.00 note
2018-12-12__20:19:44 0.32 0.29 0.31 4.25% 65.00 note
2018-12-12__20:19:46 0.29 0.29 0.31 11.75% 65.00 note
2018-12-12__20:19:49 0.29 0.29 0.31 14.93% 71.00 warning
2018-12-12__20:19:51 0.35 0.30 0.31 6.25% 70.00 note
2018-12-12__20:19:54 0.35 0.30 0.31 2.00% 64.00 note
2018-12-12__20:19:56 0.40 0.31 0.32 3.80% 67.00 note
2018-12-12__20:19:59 0.40 0.31 0.32 2.98% 64.00 note
2018-12-12__20:20:01 0.37 0.31 0.32 3.96% 63.00 note
2018-12-12__20:20:04 0.37 0.31 0.32 2.73% 63.00 note
2018-12-12__20:20:07 0.34 0.30 0.31 3.73% 63.00 note
2018-12-12__20:20:09 0.34 0.30 0.31 3.69% 63.00 note
2018-12-12__20:20:12 0.31 0.30 0.31 7.09% 64.00 note
2018-12-12__20:20:14 0.29 0.29 0.31 6.52% 64.00 note
2018-12-12__20:20:17 0.29 0.29 0.31 3.23% 64.00 note
2018-12-12__20:20:19 0.27 0.29 0.31 2.99% 64.00 note
2018-12-12__20:20:22 0.27 0.29 0.31 3.00% 64.00 note
2018-12-12__20:20:24 0.24 0.28 0.31 3.97% 64.00 note
2018-12-12__20:20:27 0.24 0.28 0.31 3.70% 63.00 note
2018-12-12__20:20:29 0.22 0.28 0.30 3.97% 63.00 note
2018-12-12__20:20:32 0.22 0.28 0.30 1.75% 63.00 note
2018-12-12__20:20:34 0.21 0.27 0.30 3.48% 63.00 note
2018-12-12__20:20:37 0.21 0.27 0.30 10.95% 63.00 note
2018-12-12__20:20:39 0.27 0.28 0.31 37.59% 73.00 warning
2018-12-12__20:20:42 0.27 0.28 0.31 15.71% 75.00 warning
2018-12-12__20:20:44 0.33 0.30 0.31 20.55% 75.00 warning
2018-12-12__20:20:47 0.33 0.30 0.31 14.81% 76.00 warning
2018-12-12__20:20:49 0.38 0.31 0.31 15.63% 75.00 warning
2018-12-12__20:20:52 0.38 0.31 0.31 21.57% 75.00 warning
2018-12-12__20:20:55 0.43 0.32 0.32 15.38% 75.00 warning
2018-12-12__20:20:57 0.43 0.32 0.32 27.16% 78.00 warning
2018-12-12__20:21:00 0.48 0.33 0.32 21.53% 80.00 warning
2018-12-12__20:21:02 0.48 0.33 0.32 15.10% 77.00 warning
2018-12-12__20:21:05 0.52 0.34 0.33 21.71% 77.00 warning
2018-12-12__20:21:07 0.52 0.34 0.33 14.68% 79.00 warning
2018-12-12__20:21:10 0.72 0.39 0.34 18.09% 79.00 warning
2018-12-12__20:21:12 0.72 0.39 0.34 16.00% 76.00 warning
2018-12-12__20:21:15 0.66 0.38 0.34 2.48% 67.00 note
2018-12-12__20:21:17 0.66 0.38 0.34 3.23% 66.00 note
2018-12-12__20:21:20 0.61 0.37 0.34 2.73% 65.00 note
2018-12-12__20:21:22 0.61 0.37 0.34 2.50% 65.00 note
2018-12-12__20:21:25 0.64 0.39 0.34 4.23% 64.00 note
2018-12-12__20:21:27 0.64 0.39 0.34 8.93% 64.00 note
2018-12-12__20:21:30 0.59 0.38 0.34 2.74% 66.00 note
2018-12-12__20:21:32 0.59 0.38 0.34 2.51% 64.00 note
2018-12-12__20:21:35 1.10 0.49 0.37 2.96% 64.00 note
2018-12-12__20:21:37 1.10 0.49 0.37 3.98% 64.00 note
2018-12-12__20:21:40 1.01 0.48 0.37 4.43% 64.00 note
2018-12-12__20:21:42 1.01 0.48 0.37 4.19% 64.00 note
2018-12-12__20:21:45 0.93 0.47 0.37 1.00% 64.00 note
2018-12-12__20:21:48 0.93 0.47 0.37 3.71% 64.00 note
2018-12-12__20:21:50 0.94 0.48 0.37 2.72% 64.00 note
2018-12-12__20:21:53 0.94 0.48 0.37 2.48% 64.00 note
2018-12-12__20:21:55 0.86 0.47 0.37 3.69% 64.00 note
2018-12-12__20:21:58 0.86 0.47 0.37 2.73% 64.00 note
2018-12-12__20:22:00 0.87 0.48 0.37 2.49% 64.00 note
2018-12-12__20:22:03 0.87 0.48 0.37 1.50% 64.00 note
2018-12-12__20:22:05 0.80 0.47 0.37 2.75% 64.00 note
2018-12-12__20:22:08 0.80 0.47 0.37 2.73% 64.00 note
2018-12-12__20:22:10 0.74 0.46 0.37 4.48% 64.00 note
2018-12-12__20:22:13 0.74 0.46 0.37 4.42% 64.00 note
2018-12-12__20:22:15 0.68 0.46 0.37 2.76% 64.00 note
2018-12-12__20:22:18 0.68 0.46 0.37 1.50% 64.00 note
2018-12-12__20:22:20 0.63 0.45 0.36 3.70% 63.00 note
2018-12-12__20:22:23 0.63 0.45 0.36 1.99% 63.00 note
2018-12-12__20:22:25 0.58 0.44 0.36 3.72% 63.00 note
2018-12-12__20:22:28 0.58 0.44 0.36 3.23% 63.00 note
2018-12-12__20:22:30 0.53 0.43 0.36 3.75% 63.00 note
2018-12-12__20:22:33 0.53 0.43 0.36 2.24% 63.00 note
2018-12-12__20:22:36 0.57 0.44 0.36 3.49% 63.00 note
2018-12-12__20:22:38 0.57 0.44 0.36 3.42% 63.00 note
2018-12-12__20:22:41 0.52 0.44 0.36 2.98% 63.00 note
2018-12-12__20:22:43 0.52 0.44 0.36 4.19% 63.00 note
2018-12-12__20:22:46 0.48 0.43 0.36 16.38% 68.00 note
2018-12-12__20:22:48 0.48 0.43 0.36 3.72% 65.00 note
2018-12-12__20:22:51 0.44 0.42 0.36 3.21% 63.00 note
2018-12-12__20:22:53 0.44 0.42 0.36 2.74% 63.00 note
2018-12-12__20:22:56 0.49 0.43 0.36 3.21% 63.00 note
2018-12-12__20:22:58 0.49 0.43 0.36 4.73% 63.00 note
2018-12-12__20:23:01 0.45 0.42 0.36 3.01% 63.00 note
2018-12-12__20:23:03 0.45 0.42 0.36 3.97% 63.00 note
2018-12-12__20:23:06 0.41 0.42 0.36 9.65% 64.00 note
2018-12-12__20:40:34 0.19 0.22 0.28 6.65% 61.00 note
2018-12-12__20:40:37 0.26 0.23 0.29 3.97% 61.00 note
2018-12-12__20:40:40 0.26 0.23 0.29 3.25% 60.00 note
2018-12-12__20:40:42 0.24 0.23 0.28 2.48% 60.00 note
2018-12-12__20:40:45 0.24 0.23 0.28 3.47% 60.00 note
2018-12-12__20:40:47 0.30 0.24 0.29 4.44% 60.00 note
2018-12-12__20:40:50 0.30 0.24 0.29 3.50% 60.00 note
2018-12-12__20:40:52 0.36 0.25 0.29 3.50% 61.00 note
2018-12-12__20:40:55 0.36 0.25 0.29 3.44% 60.00 note
2018-12-12__20:40:57 0.33 0.25 0.29 6.25% 61.00 note
2018-12-12__20:41:00 0.33 0.25 0.29 3.73% 60.00 note
2018-12-12__20:41:02 0.30 0.24 0.29 3.73% 60.00 note
2018-12-12__20:41:05 0.30 0.24 0.29 1.75% 61.00 note
2018-12-12__20:41:07 0.28 0.24 0.29 4.25% 60.00 note
2018-12-12__20:41:10 0.28 0.24 0.29 2.97% 60.00 note
2018-12-12__20:41:12 0.25 0.24 0.28 3.73% 60.00 note
2018-12-12__20:41:15 0.25 0.24 0.28 2.01% 60.00 note
2018-12-12__20:41:17 0.23 0.23 0.28 3.26% 60.00 note
2018-12-12__20:41:20 0.23 0.23 0.28 3.21% 60.00 note
2018-12-12__20:41:22 0.21 0.23 0.28 4.25% 61.00 note
2018-12-12__20:41:25 0.21 0.23 0.28 2.73% 64.00 note
2018-12-12__20:41:27 0.20 0.22 0.28 4.76% 61.00 note
2018-12-12__20:41:30 0.20 0.22 0.28 9.95% 61.00 note
2018-12-12__20:41:33 0.18 0.22 0.28 20.45% 75.00 warning
2018-12-12__20:41:35 0.18 0.22 0.28 16.91% 74.00 warning
2018-12-12__20:41:38 0.41 0.27 0.29 16.63% 74.00 warning
2018-12-12__20:41:40 0.41 0.27 0.29 15.31% 74.00 warning
2018-12-12__20:41:43 0.53 0.29 0.30 15.67% 75.00 warning
2018-12-12__20:41:45 0.53 0.29 0.30 14.93% 75.00 warning
2018-12-12__20:41:48 0.57 0.31 0.30 15.88% 75.00 warning
2018-12-12__20:41:50 0.61 0.32 0.31 15.21% 75.00 warning
2018-12-12__20:41:53 0.61 0.32 0.31 4.20% 68.00 note
2018-12-12__20:41:55 1.20 0.45 0.35 5.25% 63.00 note
2018-12-12__20:43:31 0.40 0.38 0.33 3.73% 61.00 note
2018-12-12__20:43:33 0.40 0.38 0.33 5.62% 61.00 note
2018-12-12__20:43:36 0.37 0.37 0.33 3.51% 65.00 note
2018-12-12__20:43:38 0.37 0.37 0.33 3.70% 61.00 note
2018-12-12__20:43:41 0.34 0.37 0.33 2.73% 61.00 note
2018-12-12__20:43:44 0.34 0.37 0.33 2.76% 61.00 note
2018-12-12__20:43:46 0.31 0.36 0.33 2.23% 61.00 note
2018-12-12__20:43:49 0.31 0.36 0.33 3.50% 61.00 note
2018-12-12__20:43:51 0.28 0.35 0.33 3.25% 61.00 note
2018-12-12__20:43:54 0.28 0.35 0.33 16.09% 68.00 note
2018-12-12__20:43:56 0.34 0.37 0.33 14.57% 71.00 warning
2018-12-12__20:43:59 0.34 0.37 0.33 14.64% 71.00 warning
2018-12-12__20:44:01 0.39 0.38 0.33 15.56% 72.00 warning
2018-12-12__20:44:04 0.39 0.38 0.33 6.68% 64.00 note
2018-12-12__20:44:06 0.52 0.40 0.34 9.68% 66.00 note
2018-12-12__20:47:34 0.48 0.40 0.36 3.23% 64.00 note
2018-12-12__20:47:37 0.52 0.41 0.36 2.73% 64.00 note
2018-12-12__20:47:39 0.52 0.41 0.36 4.73% 64.00 note
2018-12-12__20:47:42 0.48 0.41 0.36 12.41% 67.00 note
2018-12-12__20:47:44 0.48 0.41 0.36 2.24% 66.00 note
2018-12-12__20:47:47 0.44 0.40 0.36 3.21% 65.00 note
2018-12-12__20:47:49 0.44 0.40 0.36 2.99% 64.00 note
2018-12-12__20:47:52 0.40 0.39 0.35 15.71% 69.00 note
2018-12-12__20:47:54 0.40 0.39 0.35 15.25% 73.00 warning
2018-12-12__20:47:57 0.53 0.42 0.36 15.17% 74.00 warning
2018-12-12__20:47:59 0.53 0.42 0.36 14.50% 74.00 warning
2018-12-12__20:48:02 0.73 0.46 0.38 15.84% 74.00 warning
2018-12-12__20:48:04 0.73 0.46 0.38 14.43% 74.00 warning
2018-12-12__20:48:07 0.75 0.47 0.38 14.60% 74.00 warning
2018-12-12__20:48:09 0.75 0.47 0.38 14.18% 74.00 warning
2018-12-12__20:48:12 0.77 0.48 0.39 14.93% 75.00 warning
2018-12-12__20:48:14 0.77 0.48 0.39 14.89% 75.00 warning
2018-12-12__20:48:17 0.79 0.49 0.39 14.93% 75.00 warning
2018-12-12__20:50:04 0.53 0.49 0.39 6.39% 63.00 note
2018-12-12__20:50:07 0.49 0.48 0.39 2.97% 63.00 note
2018-12-12__20:50:10 0.49 0.48 0.39 2.24% 62.00 note
2018-12-12__20:50:12 0.53 0.49 0.40 3.95% 64.00 note
2018-12-12__20:50:15 0.53 0.49 0.40 2.74% 62.00 note
2018-12-12__20:50:17 0.49 0.48 0.39 2.24% 62.00 note
2018-12-12__20:50:20 0.49 0.48 0.39 1.99% 62.00 note
2018-12-12__20:50:22 0.53 0.49 0.40 3.24% 62.00 note
2018-12-12__20:50:25 0.53 0.49 0.40 2.48% 62.00 note
2018-12-12__20:50:27 0.49 0.48 0.39 3.54% 62.00 note
2018-12-12__20:50:30 0.49 0.48 0.39 14.89% 69.00 note
2018-12-12__20:50:32 0.61 0.50 0.40 16.00% 73.00 warning
2018-12-12__20:50:35 0.61 0.50 0.40 13.72% 74.00 warning
2018-12-12__20:50:37 0.64 0.51 0.41 14.75% 75.00 warning
2018-12-12__20:50:40 0.64 0.51 0.41 14.39% 75.00 warning
2018-12-12__20:50:42 0.67 0.52 0.41 14.68% 75.00 warning
2018-12-12__21:39:24 0.29 0.38 0.38 4.99% 66.00 note
2018-12-12__21:39:26 0.29 0.38 0.38 5.16% 65.00 note
2018-12-12__21:39:29 0.27 0.38 0.37 2.98% 66.00 note
2018-12-12__21:39:31 0.27 0.38 0.37 5.94% 65.00 note
2018-12-12__21:39:34 0.25 0.37 0.37 2.00% 66.00 note
2018-12-12__21:39:36 0.25 0.37 0.37 2.02% 66.00 note
2018-12-12__21:39:39 0.23 0.36 0.37 4.69% 66.00 note
2018-12-12__21:39:41 0.23 0.36 0.37 4.23% 66.00 note
2018-12-12__21:39:44 0.21 0.36 0.37 1.51% 66.00 note
2018-12-12__21:39:46 0.21 0.36 0.37 3.74% 66.00 note
2018-12-12__21:39:49 0.19 0.35 0.36 2.23% 66.00 note
2018-12-12__21:39:51 0.19 0.35 0.36 5.22% 66.00 note
2018-12-12__21:39:54 0.18 0.35 0.36 2.23% 66.00 note
2018-12-12__21:39:56 0.18 0.35 0.36 3.25% 66.00 note
2018-12-12__21:39:59 0.16 0.34 0.36 3.93% 65.00 note
2018-12-12__21:40:01 0.16 0.34 0.36 4.68% 65.00 note
2018-12-12__21:40:04 0.15 0.33 0.36 1.99% 65.00 note
2018-12-12__21:40:06 0.15 0.33 0.36 2.74% 67.00 note
2018-12-12__21:40:09 0.30 0.36 0.37 4.44% 65.00 note
2018-12-12__21:40:12 0.30 0.36 0.37 5.22% 65.00 note
2018-12-12__21:40:14 0.27 0.35 0.36 2.23% 65.00 note
2018-12-12__21:40:17 0.27 0.35 0.36 5.43% 65.00 note
2018-12-12__21:40:19 0.25 0.35 0.36 3.73% 65.00 note
2018-12-12__21:40:22 0.25 0.35 0.36 3.20% 65.00 note
2018-12-12__21:40:24 0.31 0.36 0.37 2.49% 65.00 note
2018-12-12__21:40:27 0.31 0.36 0.37 14.46% 69.00 note
2018-12-12__21:40:29 0.37 0.37 0.37 15.76% 76.00 warning
2018-12-12__21:40:32 0.37 0.37 0.37 15.59% 77.00 warning
2018-12-12__21:40:34 0.42 0.38 0.37 15.14% 77.00 warning
