2018-12-1544616469__20:07:49	1	                   /	93354	16525	19%
2018-12-1544616469__20:07:49	1	               /home	186710	55884	32%
2018-12-1544616469__20:07:49	1	/media/tesla/_dde_data	190729	16176	9%
2018-12-1544616469__20:07:49	0	                disk	470793	88585	18%	
2018-12-1544616475__20:07:55	1	                   /	93354	16525	19%
2018-12-1544616475__20:07:55	1	               /home	186710	55884	32%
2018-12-1544616475__20:07:55	1	/media/tesla/_dde_data	190729	16176	9%
2018-12-1544616475__20:07:55	0	                disk	470793	88585	18%	
2018-12-1544616481__20:08:01	1	                   /	93354	16525	19%
2018-12-1544616481__20:08:01	1	               /home	186710	55884	32%
2018-12-1544616481__20:08:01	1	/media/tesla/_dde_data	190729	16176	9%
2018-12-1544616481__20:08:01	0	                disk	470793	88585	18%	
2018-12-1544616487__20:08:07	1	                   /	93354	16525	19%
2018-12-1544616487__20:08:07	1	               /home	186710	55884	32%
2018-12-1544616487__20:08:07	1	/media/tesla/_dde_data	190729	16176	9%
2018-12-1544616487__20:08:07	0	                disk	470793	88585	18%	
2018-12-1544616493__20:08:13	1	                   /	93354	16525	19%
2018-12-1544616493__20:08:13	1	               /home	186710	55884	32%
2018-12-1544616493__20:08:13	1	/media/tesla/_dde_data	190729	16176	9%
2018-12-1544616493__20:08:13	0	                disk	470793	88585	18%	
2018-12-1544616499__20:08:19	1	                   /	93354	16525	19%
2018-12-1544616499__20:08:19	1	               /home	186710	55884	32%
2018-12-1544616499__20:08:19	1	/media/tesla/_dde_data	190729	16176	9%
2018-12-1544616499__20:08:19	0	                disk	470793	88585	18%	
2018-12-1544616505__20:08:25	1	                   /	93354	16525	19%
2018-12-1544616505__20:08:25	1	               /home	186710	55884	32%
2018-12-1544616505__20:08:25	1	/media/tesla/_dde_data	190729	16176	9%
2018-12-1544616505__20:08:25	0	                disk	470793	88585	18%	
2018-12-1544616511__20:08:31	1	                   /	93354	16525	19%
2018-12-1544616511__20:08:31	1	               /home	186710	55884	32%
2018-12-1544616511__20:08:31	1	/media/tesla/_dde_data	190729	16176	9%
2018-12-1544616511__20:08:31	0	                disk	470793	88585	18%	
2018-12-1544616517__20:08:37	1	                   /	93354	16525	19%
2018-12-1544616517__20:08:37	1	               /home	186710	55884	32%
2018-12-1544616517__20:08:37	1	/media/tesla/_dde_data	190729	16176	9%
2018-12-1544616517__20:08:37	0	                disk	470793	88585	18%	
2018-12-1544616523__20:08:43	1	                   /	93354	16525	19%
2018-12-1544616523__20:08:43	1	               /home	186710	55884	32%
2018-12-1544616523__20:08:43	1	/media/tesla/_dde_data	190729	16176	9%
2018-12-1544616523__20:08:43	0	                disk	470793	88585	18%	
2018-12-1544616529__20:08:49	1	                   /	93354	16525	19%
2018-12-1544616529__20:08:49	1	               /home	186710	55884	32%
2018-12-1544616529__20:08:49	1	/media/tesla/_dde_data	190729	16176	9%
2018-12-1544616529__20:08:49	0	                disk	470793	88585	18%	
2018-12-1544616535__20:08:55	1	                   /	93354	16525	19%
2018-12-1544616535__20:08:55	1	               /home	186710	55884	32%
2018-12-1544616535__20:08:55	1	/media/tesla/_dde_data	190729	16176	9%
2018-12-1544616535__20:08:55	0	                disk	470793	88585	18%	
2018-12-1544616541__20:09:01	1	                   /	93354	16525	19%
2018-12-1544616541__20:09:01	1	               /home	186710	55884	32%
2018-12-1544616541__20:09:01	1	/media/tesla/_dde_data	190729	16176	9%
2018-12-1544616541__20:09:01	0	                disk	470793	88585	18%	
2018-12-1544616547__20:09:07	1	                   /	93354	16525	19%
2018-12-1544616547__20:09:07	1	               /home	186710	55887	32%
2018-12-1544616547__20:09:07	1	/media/tesla/_dde_data	190729	16176	9%
2018-12-1544616547__20:09:07	0	                disk	470793	88588	18%	
2018-12-1544616553__20:09:13	1	                   /	93354	16525	19%
2018-12-1544616553__20:09:13	1	               /home	186710	55887	32%
2018-12-1544616553__20:09:13	1	/media/tesla/_dde_data	190729	16176	9%
2018-12-1544616553__20:09:13	0	                disk	470793	88588	18%	
2018-12-1544616559__20:09:19	1	                   /	93354	16525	19%
2018-12-1544616559__20:09:19	1	               /home	186710	55887	32%
2018-12-1544616559__20:09:19	1	/media/tesla/_dde_data	190729	16176	9%
2018-12-1544616559__20:09:19	0	                disk	470793	88588	18%	
2018-12-1544616565__20:09:25	1	                   /	93354	16525	19%
2018-12-1544616565__20:09:25	1	               /home	186710	55887	32%
2018-12-1544616565__20:09:25	1	/media/tesla/_dde_data	190729	16176	9%
2018-12-1544616565__20:09:25	0	                disk	470793	88588	18%	
2018-12-1544616571__20:09:31	1	                   /	93354	16525	19%
2018-12-1544616571__20:09:31	1	               /home	186710	55887	32%
2018-12-1544616571__20:09:31	1	/media/tesla/_dde_data	190729	16176	9%
2018-12-1544616571__20:09:31	0	                disk	470793	88588	18%	
2018-12-1544616577__20:09:37	1	                   /	93354	16525	19%
2018-12-1544616577__20:09:37	1	               /home	186710	55887	32%
2018-12-1544616577__20:09:37	1	/media/tesla/_dde_data	190729	16176	9%
2018-12-1544616577__20:09:37	0	                disk	470793	88588	18%	
2018-12-1544616583__20:09:43	1	                   /	93354	16525	19%
2018-12-1544616583__20:09:43	1	               /home	186710	55887	32%
2018-12-1544616583__20:09:43	1	/media/tesla/_dde_data	190729	16176	9%
2018-12-1544616583__20:09:43	0	                disk	470793	88588	18%	
2018-12-1544616589__20:09:49	1	                   /	93354	16525	19%
2018-12-1544616589__20:09:49	1	               /home	186710	55887	32%
2018-12-1544616589__20:09:49	1	/media/tesla/_dde_data	190729	16176	9%
2018-12-1544616589__20:09:49	0	                disk	470793	88588	18%	
2018-12-1544616595__20:09:55	1	                   /	93354	16525	19%
2018-12-1544616595__20:09:55	1	               /home	186710	55887	32%
2018-12-1544616595__20:09:55	1	/media/tesla/_dde_data	190729	16176	9%
2018-12-1544616595__20:09:55	0	                disk	470793	88588	18%	
2018-12-1544616601__20:10:01	1	                   /	93354	16525	19%
2018-12-1544616601__20:10:01	1	               /home	186710	55887	32%
2018-12-1544616601__20:10:01	1	/media/tesla/_dde_data	190729	16176	9%
2018-12-1544616601__20:10:01	0	                disk	470793	88588	18%	
2018-12-1544616607__20:10:07	1	                   /	93354	16525	19%
2018-12-1544616607__20:10:07	1	               /home	186710	55887	32%
2018-12-1544616607__20:10:07	1	/media/tesla/_dde_data	190729	16176	9%
2018-12-1544616607__20:10:07	0	                disk	470793	88588	18%	
2018-12-1544616613__20:10:13	1	                   /	93354	16525	19%
2018-12-1544616613__20:10:13	1	               /home	186710	55887	32%
2018-12-1544616613__20:10:13	1	/media/tesla/_dde_data	190729	16176	9%
2018-12-1544616613__20:10:13	0	                disk	470793	88588	18%	
2018-12-1544616619__20:10:19	1	                   /	93354	16525	19%
2018-12-1544616619__20:10:19	1	               /home	186710	55887	32%
2018-12-1544616619__20:10:19	1	/media/tesla/_dde_data	190729	16176	9%
2018-12-1544616619__20:10:19	0	                disk	470793	88588	18%	
2018-12-1544616625__20:10:25	1	                   /	93354	16525	19%
2018-12-1544616625__20:10:25	1	               /home	186710	55887	32%
2018-12-1544616625__20:10:25	1	/media/tesla/_dde_data	190729	16176	9%
2018-12-1544616625__20:10:25	0	                disk	470793	88588	18%	
2018-12-1544616631__20:10:31	1	                   /	93354	16525	19%
2018-12-1544616631__20:10:31	1	               /home	186710	55887	32%
2018-12-1544616631__20:10:31	1	/media/tesla/_dde_data	190729	16176	9%
2018-12-1544616631__20:10:31	0	                disk	470793	88588	18%	
2018-12-1544616637__20:10:37	1	                   /	93354	16525	19%
2018-12-1544616637__20:10:37	1	               /home	186710	55887	32%
2018-12-1544616637__20:10:37	1	/media/tesla/_dde_data	190729	16176	9%
2018-12-1544616637__20:10:37	0	                disk	470793	88588	18%	
2018-12-1544616643__20:10:43	1	                   /	93354	16525	19%
2018-12-1544616643__20:10:43	1	               /home	186710	55887	32%
2018-12-1544616643__20:10:43	1	/media/tesla/_dde_data	190729	16176	9%
2018-12-1544616643__20:10:43	0	                disk	470793	88588	18%	
2018-12-1544616649__20:10:49	1	                   /	93354	16525	19%
2018-12-1544616649__20:10:49	1	               /home	186710	55887	32%
2018-12-1544616649__20:10:49	1	/media/tesla/_dde_data	190729	16176	9%
2018-12-1544616649__20:10:49	0	                disk	470793	88588	18%	
2018-12-1544616655__20:10:55	1	                   /	93354	16525	19%
2018-12-1544616655__20:10:55	1	               /home	186710	55887	32%
2018-12-1544616655__20:10:55	1	/media/tesla/_dde_data	190729	16176	9%
2018-12-1544616655__20:10:55	0	                disk	470793	88588	18%	
2018-12-1544616661__20:11:01	1	                   /	93354	16525	19%
2018-12-1544616661__20:11:01	1	               /home	186710	55887	32%
2018-12-1544616661__20:11:01	1	/media/tesla/_dde_data	190729	16176	9%
2018-12-1544616661__20:11:01	0	                disk	470793	88588	18%	
2018-12-1544616667__20:11:07	1	                   /	93354	16525	19%
2018-12-1544616667__20:11:07	1	               /home	186710	55887	32%
2018-12-1544616667__20:11:07	1	/media/tesla/_dde_data	190729	16176	9%
2018-12-1544616667__20:11:07	0	                disk	470793	88588	18%	
2018-12-1544616673__20:11:13	1	                   /	93354	16525	19%
2018-12-1544616673__20:11:13	1	               /home	186710	55887	32%
2018-12-1544616673__20:11:13	1	/media/tesla/_dde_data	190729	16176	9%
2018-12-1544616673__20:11:13	0	                disk	470793	88588	18%	
2018-12-1544616679__20:11:19	1	                   /	93354	16525	19%
2018-12-1544616679__20:11:19	1	               /home	186710	55887	32%
2018-12-1544616679__20:11:19	1	/media/tesla/_dde_data	190729	16176	9%
2018-12-1544616679__20:11:19	0	                disk	470793	88588	18%	
2018-12-1544616685__20:11:25	1	                   /	93354	16525	19%
2018-12-1544616685__20:11:25	1	               /home	186710	55887	32%
2018-12-1544616685__20:11:25	1	/media/tesla/_dde_data	190729	16176	9%
2018-12-1544616685__20:11:25	0	                disk	470793	88588	18%	
2018-12-1544616691__20:11:31	1	                   /	93354	16525	19%
2018-12-1544616691__20:11:31	1	               /home	186710	55887	32%
2018-12-1544616691__20:11:31	1	/media/tesla/_dde_data	190729	16176	9%
2018-12-1544616691__20:11:31	0	                disk	470793	88588	18%	
2018-12-1544616697__20:11:37	1	                   /	93354	16525	19%
2018-12-1544616697__20:11:37	1	               /home	186710	55887	32%
2018-12-1544616697__20:11:37	1	/media/tesla/_dde_data	190729	16176	9%
2018-12-1544616697__20:11:37	0	                disk	470793	88588	18%	
2018-12-1544616703__20:11:43	1	                   /	93354	16525	19%
2018-12-1544616703__20:11:43	1	               /home	186710	55887	32%
2018-12-1544616703__20:11:43	1	/media/tesla/_dde_data	190729	16176	9%
2018-12-1544616703__20:11:43	0	                disk	470793	88588	18%	
2018-12-1544616709__20:11:49	1	                   /	93354	16525	19%
2018-12-1544616709__20:11:49	1	               /home	186710	55887	32%
2018-12-1544616709__20:11:49	1	/media/tesla/_dde_data	190729	16176	9%
2018-12-1544616709__20:11:49	0	                disk	470793	88588	18%	
2018-12-1544616715__20:11:55	1	                   /	93354	16525	19%
2018-12-1544616715__20:11:55	1	               /home	186710	55887	32%
2018-12-1544616715__20:11:55	1	/media/tesla/_dde_data	190729	16176	9%
2018-12-1544616715__20:11:55	0	                disk	470793	88588	18%	
2018-12-1544616721__20:12:01	1	                   /	93354	16525	19%
2018-12-1544616721__20:12:01	1	               /home	186710	55887	32%
2018-12-1544616721__20:12:01	1	/media/tesla/_dde_data	190729	16176	9%
2018-12-1544616721__20:12:01	0	                disk	470793	88588	18%	
2018-12-1544616727__20:12:07	1	                   /	93354	16525	19%
2018-12-1544616727__20:12:07	1	               /home	186710	55887	32%
2018-12-1544616727__20:12:07	1	/media/tesla/_dde_data	190729	16176	9%
2018-12-1544616727__20:12:07	0	                disk	470793	88588	18%	
2018-12-1544616733__20:12:13	1	                   /	93354	16525	19%
2018-12-1544616733__20:12:13	1	               /home	186710	55887	32%
2018-12-1544616733__20:12:13	1	/media/tesla/_dde_data	190729	16176	9%
2018-12-1544616733__20:12:13	0	                disk	470793	88588	18%	
2018-12-1544616739__20:12:19	1	                   /	93354	16525	19%
2018-12-1544616739__20:12:19	1	               /home	186710	55887	32%
2018-12-1544616739__20:12:19	1	/media/tesla/_dde_data	190729	16176	9%
2018-12-1544616739__20:12:19	0	                disk	470793	88588	18%	
2018-12-1544616745__20:12:25	1	                   /	93354	16525	19%
2018-12-1544616745__20:12:25	1	               /home	186710	55887	32%
2018-12-1544616745__20:12:25	1	/media/tesla/_dde_data	190729	16176	9%
2018-12-1544616745__20:12:25	0	                disk	470793	88588	18%	
2018-12-1544616751__20:12:31	1	                   /	93354	16525	19%
2018-12-1544616751__20:12:31	1	               /home	186710	55887	32%
2018-12-1544616751__20:12:31	1	/media/tesla/_dde_data	190729	16176	9%
2018-12-1544616751__20:12:31	0	                disk	470793	88588	18%	
2018-12-1544616757__20:12:37	1	                   /	93354	16525	19%
2018-12-1544616757__20:12:37	1	               /home	186710	55887	32%
2018-12-1544616757__20:12:37	1	/media/tesla/_dde_data	190729	16176	9%
2018-12-1544616757__20:12:37	0	                disk	470793	88588	18%	
2018-12-1544616763__20:12:43	1	                   /	93354	16525	19%
2018-12-1544616763__20:12:43	1	               /home	186710	55887	32%
2018-12-1544616763__20:12:43	1	/media/tesla/_dde_data	190729	16176	9%
2018-12-1544616763__20:12:43	0	                disk	470793	88588	18%	
2018-12-1544616769__20:12:49	1	                   /	93354	16525	19%
2018-12-1544616769__20:12:49	1	               /home	186710	55887	32%
2018-12-1544616769__20:12:49	1	/media/tesla/_dde_data	190729	16176	9%
2018-12-1544616769__20:12:49	0	                disk	470793	88588	18%	
2018-12-1544616775__20:12:55	1	                   /	93354	16525	19%
2018-12-1544616775__20:12:55	1	               /home	186710	55887	32%
2018-12-1544616775__20:12:55	1	/media/tesla/_dde_data	190729	16176	9%
2018-12-1544616775__20:12:55	0	                disk	470793	88588	18%	
2018-12-1544616781__20:13:01	1	                   /	93354	16525	19%
2018-12-1544616781__20:13:01	1	               /home	186710	55887	32%
2018-12-1544616781__20:13:01	1	/media/tesla/_dde_data	190729	16176	9%
2018-12-1544616781__20:13:01	0	                disk	470793	88588	18%	
2018-12-1544616787__20:13:07	1	                   /	93354	16525	19%
2018-12-1544616787__20:13:07	1	               /home	186710	55887	32%
2018-12-1544616787__20:13:07	1	/media/tesla/_dde_data	190729	16176	9%
2018-12-1544616787__20:13:07	0	                disk	470793	88588	18%	
2018-12-1544616793__20:13:13	1	                   /	93354	16525	19%
2018-12-1544616793__20:13:13	1	               /home	186710	55887	32%
2018-12-1544616793__20:13:13	1	/media/tesla/_dde_data	190729	16176	9%
2018-12-1544616793__20:13:13	0	                disk	470793	88588	18%	
2018-12-1544616799__20:13:19	1	                   /	93354	16525	19%
2018-12-1544616799__20:13:19	1	               /home	186710	55887	32%
2018-12-1544616799__20:13:19	1	/media/tesla/_dde_data	190729	16176	9%
2018-12-1544616799__20:13:19	0	                disk	470793	88588	18%	
2018-12-1544616805__20:13:25	1	                   /	93354	16525	19%
2018-12-1544616805__20:13:25	1	               /home	186710	55887	32%
2018-12-1544616805__20:13:25	1	/media/tesla/_dde_data	190729	16176	9%
2018-12-1544616805__20:13:25	0	                disk	470793	88588	18%	
2018-12-1544616811__20:13:31	1	                   /	93354	16525	19%
2018-12-1544616811__20:13:31	1	               /home	186710	55887	32%
2018-12-1544616811__20:13:31	1	/media/tesla/_dde_data	190729	16176	9%
2018-12-1544616811__20:13:31	0	                disk	470793	88588	18%	
2018-12-1544616817__20:13:37	1	                   /	93354	16525	19%
2018-12-1544616817__20:13:37	1	               /home	186710	55887	32%
2018-12-1544616817__20:13:37	1	/media/tesla/_dde_data	190729	16176	9%
2018-12-1544616817__20:13:37	0	                disk	470793	88588	18%	
2018-12-1544616823__20:13:43	1	                   /	93354	16525	19%
2018-12-1544616823__20:13:43	1	               /home	186710	55914	32%
2018-12-1544616823__20:13:43	1	/media/tesla/_dde_data	190729	16176	9%
2018-12-1544616823__20:13:43	0	                disk	470793	88615	18%	
2018-12-1544616829__20:13:49	1	                   /	93354	16525	19%
2018-12-1544616829__20:13:49	1	               /home	186710	55915	32%
2018-12-1544616829__20:13:49	1	/media/tesla/_dde_data	190729	16176	9%
2018-12-1544616829__20:13:49	0	                disk	470793	88616	18%	
2018-12-1544616835__20:13:55	1	                   /	93354	16525	19%
2018-12-1544616835__20:13:55	1	               /home	186710	55915	32%
2018-12-1544616835__20:13:55	1	/media/tesla/_dde_data	190729	16176	9%
2018-12-1544616835__20:13:55	0	                disk	470793	88616	18%	
2018-12-1544616841__20:14:01	1	                   /	93354	16525	19%
2018-12-1544616841__20:14:01	1	               /home	186710	55915	32%
2018-12-1544616841__20:14:01	1	/media/tesla/_dde_data	190729	16176	9%
2018-12-1544616841__20:14:01	0	                disk	470793	88616	18%	
2018-12-1544616847__20:14:07	1	                   /	93354	16525	19%
2018-12-1544616847__20:14:07	1	               /home	186710	55915	32%
2018-12-1544616847__20:14:07	1	/media/tesla/_dde_data	190729	16176	9%
2018-12-1544616847__20:14:07	0	                disk	470793	88616	18%	
2018-12-1544616853__20:14:13	1	                   /	93354	16525	19%
2018-12-1544616853__20:14:13	1	               /home	186710	55915	32%
2018-12-1544616853__20:14:13	1	/media/tesla/_dde_data	190729	16176	9%
2018-12-1544616853__20:14:13	0	                disk	470793	88616	18%	
2018-12-1544616859__20:14:19	1	                   /	93354	16525	19%
2018-12-1544616859__20:14:19	1	               /home	186710	55915	32%
2018-12-1544616859__20:14:19	1	/media/tesla/_dde_data	190729	16176	9%
2018-12-1544616859__20:14:19	0	                disk	470793	88616	18%	
2018-12-1544616865__20:14:25	1	                   /	93354	16525	19%
2018-12-1544616865__20:14:25	1	               /home	186710	55915	32%
2018-12-1544616865__20:14:25	1	/media/tesla/_dde_data	190729	16176	9%
2018-12-1544616865__20:14:25	0	                disk	470793	88616	18%	
2018-12-1544616871__20:14:31	1	                   /	93354	16525	19%
2018-12-1544616871__20:14:31	1	               /home	186710	55915	32%
2018-12-1544616871__20:14:31	1	/media/tesla/_dde_data	190729	16176	9%
2018-12-1544616871__20:14:31	0	                disk	470793	88616	18%	
2018-12-1544616877__20:14:37	1	                   /	93354	16525	19%
2018-12-1544616877__20:14:37	1	               /home	186710	55915	32%
2018-12-1544616877__20:14:37	1	/media/tesla/_dde_data	190729	16176	9%
2018-12-1544616877__20:14:37	0	                disk	470793	88616	18%	
2018-12-1544616883__20:14:43	1	                   /	93354	16525	19%
2018-12-1544616883__20:14:43	1	               /home	186710	55915	32%
2018-12-1544616883__20:14:43	1	/media/tesla/_dde_data	190729	16176	9%
2018-12-1544616883__20:14:43	0	                disk	470793	88616	18%	
2018-12-1544616889__20:14:49	1	                   /	93354	16525	19%
2018-12-1544616889__20:14:49	1	               /home	186710	55915	32%
2018-12-1544616889__20:14:49	1	/media/tesla/_dde_data	190729	16176	9%
2018-12-1544616889__20:14:49	0	                disk	470793	88616	18%	
2018-12-1544616895__20:14:55	1	                   /	93354	16525	19%
2018-12-1544616895__20:14:55	1	               /home	186710	55915	32%
2018-12-1544616895__20:14:55	1	/media/tesla/_dde_data	190729	16176	9%
2018-12-1544616895__20:14:55	0	                disk	470793	88616	18%	
2018-12-1544616901__20:15:01	1	                   /	93354	16525	19%
2018-12-1544616901__20:15:01	1	               /home	186710	55915	32%
2018-12-1544616901__20:15:01	1	/media/tesla/_dde_data	190729	16176	9%
2018-12-1544616901__20:15:01	0	                disk	470793	88616	18%	
2018-12-1544616907__20:15:07	1	                   /	93354	16525	19%
2018-12-1544616907__20:15:07	1	               /home	186710	55915	32%
2018-12-1544616907__20:15:07	1	/media/tesla/_dde_data	190729	16176	9%
2018-12-1544616907__20:15:07	0	                disk	470793	88616	18%	
2018-12-1544616913__20:15:13	1	                   /	93354	16525	19%
2018-12-1544616913__20:15:13	1	               /home	186710	55915	32%
2018-12-1544616913__20:15:13	1	/media/tesla/_dde_data	190729	16176	9%
2018-12-1544616913__20:15:13	0	                disk	470793	88616	18%	
2018-12-1544616919__20:15:19	1	                   /	93354	16525	19%
2018-12-1544616919__20:15:19	1	               /home	186710	55915	32%
2018-12-1544616919__20:15:19	1	/media/tesla/_dde_data	190729	16176	9%
2018-12-1544616919__20:15:19	0	                disk	470793	88616	18%	
2018-12-1544616925__20:15:25	1	                   /	93354	16525	19%
2018-12-1544616925__20:15:25	1	               /home	186710	55915	32%
2018-12-1544616925__20:15:25	1	/media/tesla/_dde_data	190729	16176	9%
2018-12-1544616925__20:15:25	0	                disk	470793	88616	18%	
2018-12-1544616931__20:15:31	1	                   /	93354	16525	19%
2018-12-1544616931__20:15:31	1	               /home	186710	55915	32%
2018-12-1544616931__20:15:31	1	/media/tesla/_dde_data	190729	16176	9%
2018-12-1544616931__20:15:31	0	                disk	470793	88616	18%	
2018-12-1544616937__20:15:37	1	                   /	93354	16525	19%
2018-12-1544616937__20:15:37	1	               /home	186710	55915	32%
2018-12-1544616937__20:15:37	1	/media/tesla/_dde_data	190729	16176	9%
2018-12-1544616937__20:15:37	0	                disk	470793	88616	18%	
2018-12-1544616943__20:15:43	1	                   /	93354	16525	19%
2018-12-1544616943__20:15:43	1	               /home	186710	55916	32%
2018-12-1544616943__20:15:43	1	/media/tesla/_dde_data	190729	16176	9%
2018-12-1544616943__20:15:43	0	                disk	470793	88617	18%	
2018-12-1544616949__20:15:49	1	                   /	93354	16525	19%
2018-12-1544616949__20:15:49	1	               /home	186710	55916	32%
2018-12-1544616949__20:15:49	1	/media/tesla/_dde_data	190729	16176	9%
2018-12-1544616949__20:15:49	0	                disk	470793	88617	18%	
2018-12-1544616955__20:15:55	1	                   /	93354	16525	19%
2018-12-1544616955__20:15:55	1	               /home	186710	55916	32%
2018-12-1544616955__20:15:55	1	/media/tesla/_dde_data	190729	16176	9%
2018-12-1544616955__20:15:55	0	                disk	470793	88617	18%	
2018-12-1544616962__20:16:02	1	                   /	93354	16525	19%
2018-12-1544616962__20:16:02	1	               /home	186710	55916	32%
2018-12-1544616962__20:16:02	1	/media/tesla/_dde_data	190729	16176	9%
2018-12-1544616962__20:16:02	0	                disk	470793	88617	18%	
2018-12-1544616968__20:16:08	1	                   /	93354	16525	19%
2018-12-1544616968__20:16:08	1	               /home	186710	55916	32%
2018-12-1544616968__20:16:08	1	/media/tesla/_dde_data	190729	16176	9%
2018-12-1544616968__20:16:08	0	                disk	470793	88617	18%	
2018-12-1544616974__20:16:14	1	                   /	93354	16525	19%
2018-12-1544616974__20:16:14	1	               /home	186710	55916	32%
2018-12-1544616974__20:16:14	1	/media/tesla/_dde_data	190729	16176	9%
2018-12-1544616974__20:16:14	0	                disk	470793	88617	18%	
2018-12-1544616980__20:16:20	1	                   /	93354	16525	19%
2018-12-1544616980__20:16:20	1	               /home	186710	55916	32%
2018-12-1544616980__20:16:20	1	/media/tesla/_dde_data	190729	16176	9%
2018-12-1544616980__20:16:20	0	                disk	470793	88617	18%	
2018-12-1544616986__20:16:26	1	                   /	93354	16525	19%
2018-12-1544616986__20:16:26	1	               /home	186710	55916	32%
2018-12-1544616986__20:16:26	1	/media/tesla/_dde_data	190729	16176	9%
2018-12-1544616986__20:16:26	0	                disk	470793	88617	18%	
2018-12-1544616992__20:16:32	1	                   /	93354	16525	19%
2018-12-1544616992__20:16:32	1	               /home	186710	55916	32%
2018-12-1544616992__20:16:32	1	/media/tesla/_dde_data	190729	16176	9%
2018-12-1544616992__20:16:32	0	                disk	470793	88617	18%	
2018-12-1544616998__20:16:38	1	                   /	93354	16525	19%
2018-12-1544616998__20:16:38	1	               /home	186710	55916	32%
2018-12-1544616998__20:16:38	1	/media/tesla/_dde_data	190729	16176	9%
2018-12-1544616998__20:16:38	0	                disk	470793	88617	18%	
2018-12-1544617004__20:16:44	1	                   /	93354	16525	19%
2018-12-1544617004__20:16:44	1	               /home	186710	55916	32%
2018-12-1544617004__20:16:44	1	/media/tesla/_dde_data	190729	16176	9%
2018-12-1544617004__20:16:44	0	                disk	470793	88617	18%	
2018-12-1544617010__20:16:50	1	                   /	93354	16525	19%
2018-12-1544617010__20:16:50	1	               /home	186710	55916	32%
2018-12-1544617010__20:16:50	1	/media/tesla/_dde_data	190729	16176	9%
2018-12-1544617010__20:16:50	0	                disk	470793	88617	18%	
2018-12-1544617016__20:16:56	1	                   /	93354	16525	19%
2018-12-1544617016__20:16:56	1	               /home	186710	55916	32%
2018-12-1544617016__20:16:56	1	/media/tesla/_dde_data	190729	16176	9%
2018-12-1544617016__20:16:56	0	                disk	470793	88617	18%	
2018-12-1544617022__20:17:02	1	                   /	93354	16525	19%
2018-12-1544617022__20:17:02	1	               /home	186710	55916	32%
2018-12-1544617022__20:17:02	1	/media/tesla/_dde_data	190729	16176	9%
2018-12-1544617022__20:17:02	0	                disk	470793	88617	18%	
2018-12-1544617028__20:17:08	1	                   /	93354	16525	19%
2018-12-1544617028__20:17:08	1	               /home	186710	55916	32%
2018-12-1544617028__20:17:08	1	/media/tesla/_dde_data	190729	16176	9%
2018-12-1544617028__20:17:08	0	                disk	470793	88617	18%	
2018-12-1544617034__20:17:14	1	                   /	93354	16525	19%
2018-12-1544617034__20:17:14	1	               /home	186710	55916	32%
2018-12-1544617034__20:17:14	1	/media/tesla/_dde_data	190729	16176	9%
2018-12-1544617034__20:17:14	0	                disk	470793	88617	18%	
2018-12-1544617040__20:17:20	1	                   /	93354	16525	19%
2018-12-1544617040__20:17:20	1	               /home	186710	55916	32%
2018-12-1544617040__20:17:20	1	/media/tesla/_dde_data	190729	16176	9%
2018-12-1544617040__20:17:20	0	                disk	470793	88617	18%	
2018-12-1544617046__20:17:26	1	                   /	93354	16525	19%
2018-12-1544617046__20:17:26	1	               /home	186710	55916	32%
2018-12-1544617046__20:17:26	1	/media/tesla/_dde_data	190729	16176	9%
2018-12-1544617046__20:17:26	0	                disk	470793	88617	18%	
2018-12-1544617052__20:17:32	1	                   /	93354	16525	19%
2018-12-1544617052__20:17:32	1	               /home	186710	55916	32%
2018-12-1544617052__20:17:32	1	/media/tesla/_dde_data	190729	16176	9%
2018-12-1544617052__20:17:32	0	                disk	470793	88617	18%	
2018-12-1544617058__20:17:38	1	                   /	93354	16525	19%
2018-12-1544617058__20:17:38	1	               /home	186710	55916	32%
2018-12-1544617058__20:17:38	1	/media/tesla/_dde_data	190729	16176	9%
2018-12-1544617058__20:17:38	0	                disk	470793	88617	18%	
2018-12-1544617064__20:17:44	1	                   /	93354	16525	19%
2018-12-1544617064__20:17:44	1	               /home	186710	55916	32%
2018-12-1544617064__20:17:44	1	/media/tesla/_dde_data	190729	16176	9%
2018-12-1544617064__20:17:44	0	                disk	470793	88617	18%	
2018-12-1544617070__20:17:50	1	                   /	93354	16525	19%
2018-12-1544617070__20:17:50	1	               /home	186710	55916	32%
2018-12-1544617070__20:17:50	1	/media/tesla/_dde_data	190729	16176	9%
2018-12-1544617070__20:17:50	0	                disk	470793	88617	18%	
2018-12-1544617076__20:17:56	1	                   /	93354	16525	19%
2018-12-1544617076__20:17:56	1	               /home	186710	55916	32%
2018-12-1544617076__20:17:56	1	/media/tesla/_dde_data	190729	16176	9%
2018-12-1544617076__20:17:56	0	                disk	470793	88617	18%	
2018-12-1544617082__20:18:02	1	                   /	93354	16525	19%
2018-12-1544617082__20:18:02	1	               /home	186710	55916	32%
2018-12-1544617082__20:18:02	1	/media/tesla/_dde_data	190729	16176	9%
2018-12-1544617082__20:18:02	0	                disk	470793	88617	18%	
2018-12-1544617088__20:18:08	1	                   /	93354	16525	19%
2018-12-1544617088__20:18:08	1	               /home	186710	55916	32%
2018-12-1544617088__20:18:08	1	/media/tesla/_dde_data	190729	16176	9%
2018-12-1544617088__20:18:08	0	                disk	470793	88617	18%	
2018-12-1544617094__20:18:14	1	                   /	93354	16525	19%
2018-12-1544617094__20:18:14	1	               /home	186710	55916	32%
2018-12-1544617094__20:18:14	1	/media/tesla/_dde_data	190729	16176	9%
2018-12-1544617094__20:18:14	0	                disk	470793	88617	18%	
2018-12-1544617100__20:18:20	1	                   /	93354	16525	19%
2018-12-1544617100__20:18:20	1	               /home	186710	55916	32%
2018-12-1544617100__20:18:20	1	/media/tesla/_dde_data	190729	16176	9%
2018-12-1544617100__20:18:20	0	                disk	470793	88617	18%	
2018-12-1544617106__20:18:26	1	                   /	93354	16525	19%
2018-12-1544617106__20:18:26	1	               /home	186710	55916	32%
2018-12-1544617106__20:18:26	1	/media/tesla/_dde_data	190729	16176	9%
2018-12-1544617106__20:18:26	0	                disk	470793	88617	18%	
2018-12-1544617112__20:18:32	1	                   /	93354	16525	19%
2018-12-1544617112__20:18:32	1	               /home	186710	55916	32%
2018-12-1544617112__20:18:32	1	/media/tesla/_dde_data	190729	16176	9%
2018-12-1544617112__20:18:32	0	                disk	470793	88617	18%	
2018-12-1544617118__20:18:38	1	                   /	93354	16525	19%
2018-12-1544617118__20:18:38	1	               /home	186710	55916	32%
2018-12-1544617118__20:18:38	1	/media/tesla/_dde_data	190729	16176	9%
2018-12-1544617118__20:18:38	0	                disk	470793	88617	18%	
2018-12-1544617124__20:18:44	1	                   /	93354	16525	19%
2018-12-1544617124__20:18:44	1	               /home	186710	55916	32%
2018-12-1544617124__20:18:44	1	/media/tesla/_dde_data	190729	16176	9%
2018-12-1544617124__20:18:44	0	                disk	470793	88617	18%	
2018-12-1544617130__20:18:50	1	                   /	93354	16525	19%
2018-12-1544617130__20:18:50	1	               /home	186710	55916	32%
2018-12-1544617130__20:18:50	1	/media/tesla/_dde_data	190729	16176	9%
2018-12-1544617130__20:18:50	0	                disk	470793	88617	18%	
2018-12-1544617136__20:18:56	1	                   /	93354	16525	19%
2018-12-1544617136__20:18:56	1	               /home	186710	55916	32%
2018-12-1544617136__20:18:56	1	/media/tesla/_dde_data	190729	16176	9%
2018-12-1544617136__20:18:56	0	                disk	470793	88617	18%	
2018-12-1544617142__20:19:02	1	                   /	93354	16525	19%
2018-12-1544617142__20:19:02	1	               /home	186710	55916	32%
2018-12-1544617142__20:19:02	1	/media/tesla/_dde_data	190729	16176	9%
2018-12-1544617142__20:19:02	0	                disk	470793	88617	18%	
2018-12-1544617148__20:19:08	1	                   /	93354	16525	19%
2018-12-1544617148__20:19:08	1	               /home	186710	55916	32%
2018-12-1544617148__20:19:08	1	/media/tesla/_dde_data	190729	16176	9%
2018-12-1544617148__20:19:08	0	                disk	470793	88617	18%	
2018-12-1544617154__20:19:14	1	                   /	93354	16525	19%
2018-12-1544617154__20:19:14	1	               /home	186710	55916	32%
2018-12-1544617154__20:19:14	1	/media/tesla/_dde_data	190729	16176	9%
2018-12-1544617154__20:19:14	0	                disk	470793	88617	18%	
2018-12-1544617160__20:19:20	1	                   /	93354	16525	19%
2018-12-1544617160__20:19:20	1	               /home	186710	55916	32%
2018-12-1544617160__20:19:20	1	/media/tesla/_dde_data	190729	16176	9%
2018-12-1544617160__20:19:20	0	                disk	470793	88617	18%	
2018-12-1544617166__20:19:26	1	                   /	93354	16525	19%
2018-12-1544617166__20:19:26	1	               /home	186710	55916	32%
2018-12-1544617166__20:19:26	1	/media/tesla/_dde_data	190729	16176	9%
2018-12-1544617166__20:19:26	0	                disk	470793	88617	18%	
2018-12-1544617172__20:19:32	1	                   /	93354	16525	19%
2018-12-1544617172__20:19:32	1	               /home	186710	55916	32%
2018-12-1544617172__20:19:32	1	/media/tesla/_dde_data	190729	16176	9%
2018-12-1544617172__20:19:32	0	                disk	470793	88617	18%	
2018-12-1544617178__20:19:38	1	                   /	93354	16525	19%
2018-12-1544617178__20:19:38	1	               /home	186710	55916	32%
2018-12-1544617178__20:19:38	1	/media/tesla/_dde_data	190729	16176	9%
2018-12-1544617178__20:19:38	0	                disk	470793	88617	18%	
2018-12-1544617184__20:19:44	1	                   /	93354	16525	19%
2018-12-1544617184__20:19:44	1	               /home	186710	55916	32%
2018-12-1544617184__20:19:44	1	/media/tesla/_dde_data	190729	16176	9%
2018-12-1544617184__20:19:44	0	                disk	470793	88617	18%	
2018-12-1544617190__20:19:50	1	                   /	93354	16525	19%
2018-12-1544617190__20:19:50	1	               /home	186710	55916	32%
2018-12-1544617190__20:19:50	1	/media/tesla/_dde_data	190729	16176	9%
2018-12-1544617190__20:19:50	0	                disk	470793	88617	18%	
2018-12-1544617196__20:19:56	1	                   /	93354	16525	19%
2018-12-1544617196__20:19:56	1	               /home	186710	55916	32%
2018-12-1544617196__20:19:56	1	/media/tesla/_dde_data	190729	16176	9%
2018-12-1544617196__20:19:56	0	                disk	470793	88617	18%	
2018-12-1544617202__20:20:02	1	                   /	93354	16525	19%
2018-12-1544617202__20:20:02	1	               /home	186710	55916	32%
2018-12-1544617202__20:20:02	1	/media/tesla/_dde_data	190729	16176	9%
2018-12-1544617202__20:20:02	0	                disk	470793	88617	18%	
2018-12-1544617208__20:20:08	1	                   /	93354	16525	19%
2018-12-1544617208__20:20:08	1	               /home	186710	55916	32%
2018-12-1544617208__20:20:08	1	/media/tesla/_dde_data	190729	16176	9%
2018-12-1544617208__20:20:08	0	                disk	470793	88617	18%	
2018-12-1544617214__20:20:14	1	                   /	93354	16525	19%
2018-12-1544617214__20:20:14	1	               /home	186710	55916	32%
2018-12-1544617214__20:20:14	1	/media/tesla/_dde_data	190729	16176	9%
2018-12-1544617214__20:20:14	0	                disk	470793	88617	18%	
2018-12-1544617220__20:20:20	1	                   /	93354	16525	19%
2018-12-1544617220__20:20:20	1	               /home	186710	55916	32%
2018-12-1544617220__20:20:20	1	/media/tesla/_dde_data	190729	16176	9%
2018-12-1544617220__20:20:20	0	                disk	470793	88617	18%	
2018-12-1544617226__20:20:26	1	                   /	93354	16525	19%
2018-12-1544617226__20:20:26	1	               /home	186710	55916	32%
2018-12-1544617226__20:20:26	1	/media/tesla/_dde_data	190729	16176	9%
2018-12-1544617226__20:20:26	0	                disk	470793	88617	18%	
2018-12-1544617232__20:20:32	1	                   /	93354	16525	19%
2018-12-1544617232__20:20:32	1	               /home	186710	55916	32%
2018-12-1544617232__20:20:32	1	/media/tesla/_dde_data	190729	16176	9%
2018-12-1544617232__20:20:32	0	                disk	470793	88617	18%	
2018-12-1544617238__20:20:38	1	                   /	93354	16525	19%
2018-12-1544617238__20:20:38	1	               /home	186710	55916	32%
2018-12-1544617238__20:20:38	1	/media/tesla/_dde_data	190729	16176	9%
2018-12-1544617238__20:20:38	0	                disk	470793	88617	18%	
2018-12-1544617244__20:20:44	1	                   /	93354	16525	19%
2018-12-1544617244__20:20:44	1	               /home	186710	55916	32%
2018-12-1544617244__20:20:44	1	/media/tesla/_dde_data	190729	16176	9%
2018-12-1544617244__20:20:44	0	                disk	470793	88617	18%	
2018-12-1544617250__20:20:50	1	                   /	93354	16525	19%
2018-12-1544617250__20:20:50	1	               /home	186710	55916	32%
2018-12-1544617250__20:20:50	1	/media/tesla/_dde_data	190729	16176	9%
2018-12-1544617250__20:20:50	0	                disk	470793	88617	18%	
2018-12-1544617256__20:20:56	1	                   /	93354	16525	19%
2018-12-1544617256__20:20:56	1	               /home	186710	55916	32%
2018-12-1544617256__20:20:56	1	/media/tesla/_dde_data	190729	16176	9%
2018-12-1544617256__20:20:56	0	                disk	470793	88617	18%	
2018-12-1544617262__20:21:02	1	                   /	93354	16525	19%
2018-12-1544617262__20:21:02	1	               /home	186710	55916	32%
2018-12-1544617262__20:21:02	1	/media/tesla/_dde_data	190729	16176	9%
2018-12-1544617262__20:21:02	0	                disk	470793	88617	18%	
2018-12-1544617268__20:21:08	1	                   /	93354	16525	19%
2018-12-1544617268__20:21:08	1	               /home	186710	55916	32%
2018-12-1544617268__20:21:08	1	/media/tesla/_dde_data	190729	16176	9%
2018-12-1544617268__20:21:08	0	                disk	470793	88617	18%	
2018-12-1544617274__20:21:14	1	                   /	93354	16525	19%
2018-12-1544617274__20:21:14	1	               /home	186710	55916	32%
2018-12-1544617274__20:21:14	1	/media/tesla/_dde_data	190729	16176	9%
2018-12-1544617274__20:21:14	0	                disk	470793	88617	18%	
2018-12-1544617280__20:21:20	1	                   /	93354	16525	19%
2018-12-1544617280__20:21:20	1	               /home	186710	55916	32%
2018-12-1544617280__20:21:20	1	/media/tesla/_dde_data	190729	16176	9%
2018-12-1544617280__20:21:20	0	                disk	470793	88617	18%	
2018-12-1544617286__20:21:26	1	                   /	93354	16525	19%
2018-12-1544617286__20:21:26	1	               /home	186710	55916	32%
2018-12-1544617286__20:21:26	1	/media/tesla/_dde_data	190729	16176	9%
2018-12-1544617286__20:21:26	0	                disk	470793	88617	18%	
2018-12-1544617292__20:21:32	1	                   /	93354	16525	19%
2018-12-1544617292__20:21:32	1	               /home	186710	55910	32%
2018-12-1544617292__20:21:32	1	/media/tesla/_dde_data	190729	16176	9%
2018-12-1544617292__20:21:32	0	                disk	470793	88611	18%	
2018-12-1544617298__20:21:38	1	                   /	93354	16525	19%
2018-12-1544617298__20:21:38	1	               /home	186710	55910	32%
2018-12-1544617298__20:21:38	1	/media/tesla/_dde_data	190729	16176	9%
2018-12-1544617298__20:21:38	0	                disk	470793	88611	18%	
2018-12-1544617304__20:21:44	1	                   /	93354	16525	19%
2018-12-1544617304__20:21:44	1	               /home	186710	55910	32%
2018-12-1544617304__20:21:44	1	/media/tesla/_dde_data	190729	16176	9%
2018-12-1544617304__20:21:44	0	                disk	470793	88611	18%	
2018-12-1544617310__20:21:50	1	                   /	93354	16525	19%
2018-12-1544617310__20:21:50	1	               /home	186710	55910	32%
2018-12-1544617310__20:21:50	1	/media/tesla/_dde_data	190729	16176	9%
2018-12-1544617310__20:21:50	0	                disk	470793	88611	18%	
2018-12-1544617316__20:21:56	1	                   /	93354	16525	19%
2018-12-1544617316__20:21:56	1	               /home	186710	55910	32%
2018-12-1544617316__20:21:56	1	/media/tesla/_dde_data	190729	16176	9%
2018-12-1544617316__20:21:56	0	                disk	470793	88611	18%	
2018-12-1544617322__20:22:02	1	                   /	93354	16525	19%
2018-12-1544617322__20:22:02	1	               /home	186710	55910	32%
2018-12-1544617322__20:22:02	1	/media/tesla/_dde_data	190729	16176	9%
2018-12-1544617322__20:22:02	0	                disk	470793	88611	18%	
2018-12-1544617328__20:22:08	1	                   /	93354	16525	19%
2018-12-1544617328__20:22:08	1	               /home	186710	55910	32%
2018-12-1544617328__20:22:08	1	/media/tesla/_dde_data	190729	16176	9%
2018-12-1544617328__20:22:08	0	                disk	470793	88611	18%	
2018-12-1544617334__20:22:14	1	                   /	93354	16525	19%
2018-12-1544617334__20:22:14	1	               /home	186710	55910	32%
2018-12-1544617334__20:22:14	1	/media/tesla/_dde_data	190729	16176	9%
2018-12-1544617334__20:22:14	0	                disk	470793	88611	18%	
2018-12-1544617340__20:22:20	1	                   /	93354	16525	19%
2018-12-1544617340__20:22:20	1	               /home	186710	55910	32%
2018-12-1544617340__20:22:20	1	/media/tesla/_dde_data	190729	16176	9%
2018-12-1544617340__20:22:20	0	                disk	470793	88611	18%	
2018-12-1544617346__20:22:26	1	                   /	93354	16525	19%
2018-12-1544617346__20:22:26	1	               /home	186710	55910	32%
2018-12-1544617346__20:22:26	1	/media/tesla/_dde_data	190729	16176	9%
2018-12-1544617346__20:22:26	0	                disk	470793	88611	18%	
2018-12-1544617352__20:22:32	1	                   /	93354	16525	19%
2018-12-1544617352__20:22:32	1	               /home	186710	55910	32%
2018-12-1544617352__20:22:32	1	/media/tesla/_dde_data	190729	16176	9%
2018-12-1544617352__20:22:32	0	                disk	470793	88611	18%	
2018-12-1544617358__20:22:38	1	                   /	93354	16525	19%
2018-12-1544617358__20:22:38	1	               /home	186710	55910	32%
2018-12-1544617358__20:22:38	1	/media/tesla/_dde_data	190729	16176	9%
2018-12-1544617358__20:22:38	0	                disk	470793	88611	18%	
2018-12-1544617364__20:22:44	1	                   /	93354	16525	19%
2018-12-1544617364__20:22:44	1	               /home	186710	55910	32%
2018-12-1544617364__20:22:44	1	/media/tesla/_dde_data	190729	16176	9%
2018-12-1544617364__20:22:44	0	                disk	470793	88611	18%	
2018-12-1544617370__20:22:50	1	                   /	93354	16525	19%
2018-12-1544617370__20:22:50	1	               /home	186710	55910	32%
2018-12-1544617370__20:22:50	1	/media/tesla/_dde_data	190729	16176	9%
2018-12-1544617370__20:22:50	0	                disk	470793	88611	18%	
2018-12-1544617376__20:22:56	1	                   /	93354	16525	19%
2018-12-1544617376__20:22:56	1	               /home	186710	55910	32%
2018-12-1544617376__20:22:56	1	/media/tesla/_dde_data	190729	16176	9%
2018-12-1544617376__20:22:56	0	                disk	470793	88611	18%	
2018-12-1544617382__20:23:02	1	                   /	93354	16525	19%
2018-12-1544617382__20:23:02	1	               /home	186710	55910	32%
2018-12-1544617382__20:23:02	1	/media/tesla/_dde_data	190729	16176	9%
2018-12-1544617382__20:23:02	0	                disk	470793	88611	18%	
2018-12-1544618434__20:40:34	1	                   /	93354	16525	19%
2018-12-1544618434__20:40:34	1	               /home	186710	56010	32%
2018-12-1544618434__20:40:34	1	/media/tesla/_dde_data	190729	16176	9%
2018-12-1544618434__20:40:34	0	                disk	470793	88711	18%	
2018-12-1544618440__20:40:40	1	                   /	93354	16525	19%
2018-12-1544618440__20:40:40	1	               /home	186710	56010	32%
2018-12-1544618440__20:40:40	1	/media/tesla/_dde_data	190729	16176	9%
2018-12-1544618440__20:40:40	0	                disk	470793	88711	18%	
2018-12-1544618446__20:40:46	1	                   /	93354	16525	19%
2018-12-1544618446__20:40:46	1	               /home	186710	56010	32%
2018-12-1544618446__20:40:46	1	/media/tesla/_dde_data	190729	16176	9%
2018-12-1544618446__20:40:46	0	                disk	470793	88711	18%	
2018-12-1544618452__20:40:52	1	                   /	93354	16525	19%
2018-12-1544618452__20:40:52	1	               /home	186710	56010	32%
2018-12-1544618452__20:40:52	1	/media/tesla/_dde_data	190729	16176	9%
2018-12-1544618452__20:40:52	0	                disk	470793	88711	18%	
2018-12-1544618458__20:40:58	1	                   /	93354	16525	19%
2018-12-1544618458__20:40:58	1	               /home	186710	56010	32%
2018-12-1544618458__20:40:58	1	/media/tesla/_dde_data	190729	16176	9%
2018-12-1544618458__20:40:58	0	                disk	470793	88711	18%	
2018-12-1544618464__20:41:04	1	                   /	93354	16525	19%
2018-12-1544618464__20:41:04	1	               /home	186710	56010	32%
2018-12-1544618464__20:41:04	1	/media/tesla/_dde_data	190729	16176	9%
2018-12-1544618464__20:41:04	0	                disk	470793	88711	18%	
2018-12-1544618470__20:41:10	1	                   /	93354	16525	19%
2018-12-1544618470__20:41:10	1	               /home	186710	56010	32%
2018-12-1544618470__20:41:10	1	/media/tesla/_dde_data	190729	16176	9%
2018-12-1544618470__20:41:10	0	                disk	470793	88711	18%	
2018-12-1544618476__20:41:16	1	                   /	93354	16525	19%
2018-12-1544618476__20:41:16	1	               /home	186710	56010	32%
2018-12-1544618476__20:41:16	1	/media/tesla/_dde_data	190729	16176	9%
2018-12-1544618476__20:41:16	0	                disk	470793	88711	18%	
2018-12-1544618482__20:41:22	1	                   /	93354	16525	19%
2018-12-1544618482__20:41:22	1	               /home	186710	56010	32%
2018-12-1544618482__20:41:22	1	/media/tesla/_dde_data	190729	16176	9%
2018-12-1544618482__20:41:22	0	                disk	470793	88711	18%	
2018-12-1544618488__20:41:28	1	                   /	93354	16525	19%
2018-12-1544618488__20:41:28	1	               /home	186710	56010	32%
2018-12-1544618488__20:41:28	1	/media/tesla/_dde_data	190729	16176	9%
2018-12-1544618488__20:41:28	0	                disk	470793	88711	18%	
2018-12-1544618495__20:41:35	1	                   /	93354	16525	19%
2018-12-1544618495__20:41:35	1	               /home	186710	56010	32%
2018-12-1544618495__20:41:35	1	/media/tesla/_dde_data	190729	16176	9%
2018-12-1544618495__20:41:35	0	                disk	470793	88711	18%	
2018-12-1544618501__20:41:41	1	                   /	93354	16525	19%
2018-12-1544618501__20:41:41	1	               /home	186710	56010	32%
2018-12-1544618501__20:41:41	1	/media/tesla/_dde_data	190729	16176	9%
2018-12-1544618501__20:41:41	0	                disk	470793	88711	18%	
2018-12-1544618507__20:41:47	1	                   /	93354	16525	19%
2018-12-1544618507__20:41:47	1	               /home	186710	56010	32%
2018-12-1544618507__20:41:47	1	/media/tesla/_dde_data	190729	16176	9%
2018-12-1544618507__20:41:47	0	                disk	470793	88711	18%	
2018-12-1544618513__20:41:53	1	                   /	93354	16525	19%
2018-12-1544618513__20:41:53	1	               /home	186710	56010	32%
2018-12-1544618513__20:41:53	1	/media/tesla/_dde_data	190729	16176	9%
2018-12-1544618513__20:41:53	0	                disk	470793	88711	18%	
2018-12-1544618611__20:43:31	1	                   /	93354	16525	19%
2018-12-1544618611__20:43:31	1	               /home	186710	56010	32%
2018-12-1544618611__20:43:31	1	/media/tesla/_dde_data	190729	16176	9%
2018-12-1544618611__20:43:31	0	                disk	470793	88711	18%	
2018-12-1544618617__20:43:37	1	                   /	93354	16525	19%
2018-12-1544618617__20:43:37	1	               /home	186710	56010	32%
2018-12-1544618617__20:43:37	1	/media/tesla/_dde_data	190729	16176	9%
2018-12-1544618617__20:43:37	0	                disk	470793	88711	18%	
2018-12-1544618623__20:43:43	1	                   /	93354	16525	19%
2018-12-1544618623__20:43:43	1	               /home	186710	56010	32%
2018-12-1544618623__20:43:43	1	/media/tesla/_dde_data	190729	16176	9%
2018-12-1544618623__20:43:43	0	                disk	470793	88711	18%	
2018-12-1544618629__20:43:49	1	                   /	93354	16525	19%
2018-12-1544618629__20:43:49	1	               /home	186710	56010	32%
2018-12-1544618629__20:43:49	1	/media/tesla/_dde_data	190729	16176	9%
2018-12-1544618629__20:43:49	0	                disk	470793	88711	18%	
2018-12-1544618635__20:43:55	1	                   /	93354	16525	19%
2018-12-1544618635__20:43:55	1	               /home	186710	56010	32%
2018-12-1544618635__20:43:55	1	/media/tesla/_dde_data	190729	16176	9%
2018-12-1544618635__20:43:55	0	                disk	470793	88711	18%	
2018-12-1544618641__20:44:01	1	                   /	93354	16525	19%
2018-12-1544618641__20:44:01	1	               /home	186710	56010	32%
2018-12-1544618641__20:44:01	1	/media/tesla/_dde_data	190729	16176	9%
2018-12-1544618641__20:44:01	0	                disk	470793	88711	18%	
2018-12-1544618647__20:44:07	1	                   /	93354	16525	19%
2018-12-1544618647__20:44:07	1	               /home	186710	56010	32%
2018-12-1544618647__20:44:07	1	/media/tesla/_dde_data	190729	16176	9%
2018-12-1544618647__20:44:07	0	                disk	470793	88711	18%	
2018-12-1544618854__20:47:34	1	                   /	93354	16525	19%
2018-12-1544618854__20:47:34	1	               /home	186710	56011	32%
2018-12-1544618854__20:47:34	1	/media/tesla/_dde_data	190729	16176	9%
2018-12-1544618854__20:47:34	0	                disk	470793	88712	18%	
2018-12-1544618860__20:47:40	1	                   /	93354	16525	19%
2018-12-1544618860__20:47:40	1	               /home	186710	56011	32%
2018-12-1544618860__20:47:40	1	/media/tesla/_dde_data	190729	16176	9%
2018-12-1544618860__20:47:40	0	                disk	470793	88712	18%	
2018-12-1544618866__20:47:46	1	                   /	93354	16525	19%
2018-12-1544618866__20:47:46	1	               /home	186710	56011	32%
2018-12-1544618866__20:47:46	1	/media/tesla/_dde_data	190729	16176	9%
2018-12-1544618866__20:47:46	0	                disk	470793	88712	18%	
2018-12-1544618872__20:47:52	1	                   /	93354	16525	19%
2018-12-1544618872__20:47:52	1	               /home	186710	56011	32%
2018-12-1544618872__20:47:52	1	/media/tesla/_dde_data	190729	16176	9%
2018-12-1544618872__20:47:52	0	                disk	470793	88712	18%	
2018-12-1544618878__20:47:58	1	                   /	93354	16525	19%
2018-12-1544618878__20:47:58	1	               /home	186710	56011	32%
2018-12-1544618878__20:47:58	1	/media/tesla/_dde_data	190729	16176	9%
2018-12-1544618878__20:47:58	0	                disk	470793	88712	18%	
2018-12-1544618884__20:48:04	1	                   /	93354	16525	19%
2018-12-1544618884__20:48:04	1	               /home	186710	56011	32%
2018-12-1544618884__20:48:04	1	/media/tesla/_dde_data	190729	16176	9%
2018-12-1544618884__20:48:04	0	                disk	470793	88712	18%	
2018-12-1544618890__20:48:10	1	                   /	93354	16525	19%
2018-12-1544618890__20:48:10	1	               /home	186710	56011	32%
2018-12-1544618890__20:48:10	1	/media/tesla/_dde_data	190729	16176	9%
2018-12-1544618890__20:48:10	0	                disk	470793	88712	18%	
2018-12-1544618896__20:48:16	1	                   /	93354	16525	19%
2018-12-1544618896__20:48:16	1	               /home	186710	56011	32%
2018-12-1544618896__20:48:16	1	/media/tesla/_dde_data	190729	16176	9%
2018-12-1544618896__20:48:16	0	                disk	470793	88712	18%	
2018-12-1544619004__20:50:04	1	                   /	93354	16525	19%
2018-12-1544619004__20:50:04	1	               /home	186710	56012	32%
2018-12-1544619004__20:50:04	1	/media/tesla/_dde_data	190729	16176	9%
2018-12-1544619004__20:50:04	0	                disk	470793	88713	18%	
2018-12-1544619010__20:50:10	1	                   /	93354	16525	19%
2018-12-1544619010__20:50:10	1	               /home	186710	56012	32%
2018-12-1544619010__20:50:10	1	/media/tesla/_dde_data	190729	16176	9%
2018-12-1544619010__20:50:10	0	                disk	470793	88713	18%	
2018-12-1544619016__20:50:16	1	                   /	93354	16525	19%
2018-12-1544619016__20:50:16	1	               /home	186710	56012	32%
2018-12-1544619016__20:50:16	1	/media/tesla/_dde_data	190729	16176	9%
2018-12-1544619016__20:50:16	0	                disk	470793	88713	18%	
2018-12-1544619023__20:50:23	1	                   /	93354	16525	19%
2018-12-1544619023__20:50:23	1	               /home	186710	56012	32%
2018-12-1544619023__20:50:23	1	/media/tesla/_dde_data	190729	16176	9%
2018-12-1544619023__20:50:23	0	                disk	470793	88713	18%	
2018-12-1544619029__20:50:29	1	                   /	93354	16525	19%
2018-12-1544619029__20:50:29	1	               /home	186710	56012	32%
2018-12-1544619029__20:50:29	1	/media/tesla/_dde_data	190729	16176	9%
2018-12-1544619029__20:50:29	0	                disk	470793	88713	18%	
2018-12-1544619035__20:50:35	1	                   /	93354	16525	19%
2018-12-1544619035__20:50:35	1	               /home	186710	56012	32%
2018-12-1544619035__20:50:35	1	/media/tesla/_dde_data	190729	16176	9%
2018-12-1544619035__20:50:35	0	                disk	470793	88713	18%	
2018-12-1544619041__20:50:41	1	                   /	93354	16525	19%
2018-12-1544619041__20:50:41	1	               /home	186710	56012	32%
2018-12-1544619041__20:50:41	1	/media/tesla/_dde_data	190729	16176	9%
2018-12-1544619041__20:50:41	0	                disk	470793	88713	18%	
2018-12-1544621964__21:39:24	1	                   /	93354	16527	19%
2018-12-1544621964__21:39:24	1	               /home	186710	56062	32%
2018-12-1544621964__21:39:24	1	/media/tesla/_dde_data	190729	16176	9%
2018-12-1544621964__21:39:24	0	                disk	470793	88765	18%	
2018-12-1544621970__21:39:30	1	                   /	93354	16527	19%
2018-12-1544621970__21:39:30	1	               /home	186710	56062	32%
2018-12-1544621970__21:39:30	1	/media/tesla/_dde_data	190729	16176	9%
2018-12-1544621970__21:39:30	0	                disk	470793	88765	18%	
2018-12-1544621976__21:39:36	1	                   /	93354	16527	19%
2018-12-1544621976__21:39:36	1	               /home	186710	56062	32%
2018-12-1544621976__21:39:36	1	/media/tesla/_dde_data	190729	16176	9%
2018-12-1544621976__21:39:36	0	                disk	470793	88765	18%	
2018-12-1544621982__21:39:42	1	                   /	93354	16527	19%
2018-12-1544621982__21:39:42	1	               /home	186710	56062	32%
2018-12-1544621982__21:39:42	1	/media/tesla/_dde_data	190729	16176	9%
2018-12-1544621982__21:39:42	0	                disk	470793	88765	18%	
2018-12-1544621988__21:39:48	1	                   /	93354	16527	19%
2018-12-1544621988__21:39:48	1	               /home	186710	56062	32%
2018-12-1544621988__21:39:48	1	/media/tesla/_dde_data	190729	16176	9%
2018-12-1544621988__21:39:48	0	                disk	470793	88765	18%	
2018-12-1544621994__21:39:54	1	                   /	93354	16527	19%
2018-12-1544621994__21:39:54	1	               /home	186710	56062	32%
2018-12-1544621994__21:39:54	1	/media/tesla/_dde_data	190729	16176	9%
2018-12-1544621994__21:39:54	0	                disk	470793	88765	18%	
2018-12-1544622000__21:40:00	1	                   /	93354	16527	19%
2018-12-1544622000__21:40:00	1	               /home	186710	56062	32%
2018-12-1544622000__21:40:00	1	/media/tesla/_dde_data	190729	16176	9%
2018-12-1544622000__21:40:00	0	                disk	470793	88765	18%	
2018-12-1544622006__21:40:06	1	                   /	93354	16527	19%
2018-12-1544622006__21:40:06	1	               /home	186710	56062	32%
2018-12-1544622006__21:40:06	1	/media/tesla/_dde_data	190729	16176	9%
2018-12-1544622006__21:40:06	0	                disk	470793	88765	18%	
2018-12-1544622012__21:40:12	1	                   /	93354	16527	19%
2018-12-1544622012__21:40:12	1	               /home	186710	56062	32%
2018-12-1544622012__21:40:12	1	/media/tesla/_dde_data	190729	16176	9%
2018-12-1544622012__21:40:12	0	                disk	470793	88765	18%	
2018-12-1544622018__21:40:18	1	                   /	93354	16527	19%
2018-12-1544622018__21:40:18	1	               /home	186710	56062	32%
2018-12-1544622018__21:40:18	1	/media/tesla/_dde_data	190729	16176	9%
2018-12-1544622018__21:40:18	0	                disk	470793	88765	18%	
2018-12-1544622024__21:40:24	1	                   /	93354	16527	19%
2018-12-1544622024__21:40:24	1	               /home	186710	56062	32%
2018-12-1544622024__21:40:24	1	/media/tesla/_dde_data	190729	16176	9%
2018-12-1544622024__21:40:24	0	                disk	470793	88765	18%	
2018-12-1544622030__21:40:30	1	                   /	93354	16527	19%
2018-12-1544622030__21:40:30	1	               /home	186710	56062	32%
2018-12-1544622030__21:40:30	1	/media/tesla/_dde_data	190729	16176	9%
2018-12-1544622030__21:40:30	0	                disk	470793	88765	18%	
