2018-09-30__09:41:19 0.03 0.06 0.01 5.71% 44.01 normal
2018-09-30__09:41:24 0.03 0.06 0.01 2.38% 45.08 normal
2018-09-30__09:41:29 0.02 0.06 0.01 2.86% 44.55 normal
2018-09-30__09:41:34 0.02 0.06 0.01 3.74% 44.55 normal
2018-09-30__09:41:39 0.02 0.06 0.01 5.96% 44.01 normal
2018-09-30__09:41:44 0.02 0.06 0.01 2.37% 44.01 normal
2018-09-30__09:42:54 0.13 0.07 0.01 0.00% 44.01 normal
2018-09-30__09:42:59 0.12 0.07 0.01 3.29% 44.01 normal
2018-09-30__09:43:04 0.11 0.07 0.01 2.38% 44.01 normal
2018-09-30__09:43:09 0.10 0.07 0.01 14.08% 44.01 normal
2018-09-30__09:43:14 0.09 0.07 0.01 9.72% 44.01 normal
2018-09-30__09:43:19 0.08 0.07 0.01 3.76% 43.47 normal
2018-09-30__09:43:24 0.08 0.06 0.01 2.84% 44.01 normal
2018-09-30__09:43:29 0.07 0.06 0.01 2.35% 44.01 normal
2018-09-30__09:43:34 0.06 0.06 0.01 1.90% 44.01 normal
2018-09-30__09:43:39 0.06 0.06 0.01 3.74% 43.47 normal
2018-09-30__09:43:44 0.05 0.06 0.01 3.30% 44.55 normal
2018-09-30__09:43:49 0.05 0.06 0.01 10.38% 44.55 normal
2018-09-30__09:43:54 0.05 0.06 0.00 3.74% 44.01 normal
2018-09-30__09:44:00 0.04 0.06 0.00 -0.49% 44.01 normal
2018-09-30__09:44:04 0.04 0.05 0.00 1.90% 44.01 normal
2018-09-30__09:44:09 0.12 0.07 0.01 3.27% 44.01 normal
2018-09-30__09:44:14 0.11 0.07 0.01 0.48% 44.01 normal
2018-09-30__09:44:20 0.10 0.07 0.01 2.83% 44.01 normal
2018-09-30__09:44:25 0.09 0.07 0.01 2.44% 44.01 normal
2018-09-30__09:44:30 0.08 0.06 0.01 6.13% 44.01 normal
2018-09-30__09:44:35 0.08 0.06 0.01 3.30% 44.01 normal
2018-09-30__09:44:39 0.07 0.06 0.01 3.77% 44.01 normal
2018-09-30__09:44:45 0.14 0.08 0.01 3.77% 44.55 normal
2018-09-30__09:44:50 0.13 0.08 0.01 4.65% 44.01 normal
2018-09-30__09:44:55 0.12 0.07 0.01 2.84% 45.08 normal
2018-09-30__09:44:59 0.11 0.07 0.01 0.96% 44.55 normal
2018-09-30__09:45:05 0.10 0.07 0.01 20.85% 44.55 normal
2018-09-30__09:45:10 0.09 0.07 0.01 2.84% 44.01 normal
2018-09-30__09:45:15 0.09 0.07 0.01 2.37% 44.01 normal
2018-09-30__09:45:20 0.08 0.07 0.01 2.86% 45.08 normal
2018-09-30__09:45:25 0.07 0.07 0.01 16.11% 45.08 normal
2018-09-30__09:45:30 0.07 0.06 0.01 6.25% 44.55 normal
2018-09-30__09:45:35 0.06 0.06 0.01 9.68% 44.01 normal
2018-09-30__09:45:40 0.06 0.06 0.01 3.32% 44.01 normal
2018-09-30__09:45:45 0.05 0.06 0.01 5.05% 43.47 normal
2018-09-30__09:45:50 0.13 0.08 0.01 3.77% 44.55 normal
2018-09-30__09:45:55 0.12 0.07 0.01 2.86% 44.01 normal
2018-09-30__09:46:00 0.11 0.07 0.01 2.83% 43.47 normal
2018-09-30__09:46:05 0.10 0.07 0.01 2.39% 44.01 normal
2018-09-30__09:46:10 0.09 0.07 0.01 6.40% 45.08 normal
2018-09-30__09:46:15 0.08 0.07 0.01 7.98% 44.01 normal
2018-09-30__09:46:20 0.08 0.07 0.01 1.91% 44.01 normal
2018-09-30__09:46:25 0.07 0.07 0.01 1.44% 44.01 normal
2018-09-30__09:46:30 0.06 0.06 0.01 5.61% 44.55 normal
2018-09-30__09:46:35 0.06 0.06 0.01 3.74% 44.01 normal
2018-09-30__09:46:40 0.05 0.06 0.01 2.38% 44.55 normal
2018-09-30__09:46:45 0.05 0.06 0.01 4.74% 44.55 normal
2018-09-30__09:46:50 0.20 0.09 0.02 7.04% 43.47 normal
2018-09-30__09:46:55 0.19 0.09 0.02 3.72% 43.47 normal
2018-09-30__09:47:00 0.17 0.09 0.02 2.83% 44.55 normal
2018-09-30__09:47:05 0.24 0.10 0.02 1.90% 44.01 normal
2018-09-30__09:47:10 0.22 0.10 0.02 3.32% 44.55 normal
2018-09-30__09:47:15 0.20 0.10 0.02 2.82% 44.01 normal
2018-09-30__09:47:20 0.19 0.10 0.02 2.38% 44.01 normal
2018-09-30__09:47:25 0.17 0.10 0.02 16.36% 44.01 normal
2018-09-30__09:47:30 0.16 0.09 0.02 0.96% 44.55 normal
2018-09-30__09:47:35 0.14 0.09 0.02 2.86% 44.55 normal
2018-09-30__09:47:40 0.13 0.09 0.02 3.76% 44.55 normal
2018-09-30__09:47:45 0.12 0.09 0.02 3.32% 45.08 normal
2018-09-30__09:47:50 0.11 0.09 0.02 2.39% 44.55 normal
2018-09-30__09:47:55 0.10 0.08 0.02 4.21% 44.01 normal
2018-09-30__09:48:00 0.09 0.08 0.02 1.45% 44.55 normal
2018-09-30__09:48:05 0.09 0.08 0.02 5.19% 45.08 normal
2018-09-30__09:48:10 0.08 0.08 0.01 1.90% 44.01 normal
2018-09-30__09:48:15 0.07 0.08 0.01 2.83% 44.55 normal
2018-09-30__09:48:20 0.07 0.08 0.01 3.32% 44.01 normal
2018-09-30__09:48:25 0.06 0.08 0.01 4.23% 44.55 normal
2018-09-30__09:48:30 0.06 0.07 0.01 4.63% 44.01 normal
2018-09-30__09:48:35 0.05 0.07 0.01 2.86% 44.01 normal
2018-09-30__09:48:40 0.05 0.07 0.01 7.55% 44.55 normal
2018-09-30__09:48:45 0.04 0.07 0.01 5.66% 44.55 normal
2018-09-30__09:48:50 0.04 0.07 0.01 2.84% 44.01 normal
2018-09-30__09:48:55 0.04 0.07 0.01 2.39% 44.55 normal
2018-09-30__09:49:00 0.35 0.13 0.03 5.02% 43.47 normal
2018-09-30__09:49:05 0.33 0.13 0.03 3.30% 44.55 normal
2018-09-30__09:49:10 0.30 0.13 0.03 3.30% 44.55 normal
2018-09-30__09:49:15 0.27 0.13 0.03 2.84% 44.01 normal
2018-09-30__09:49:20 0.25 0.12 0.03 15.35% 44.01 normal
2018-09-30__09:49:25 0.23 0.12 0.03 4.27% 44.01 normal
2018-09-30__09:49:30 0.21 0.12 0.03 10.95% 45.08 normal
2018-09-30__09:49:35 0.20 0.12 0.03 3.79% 44.55 normal
2018-09-30__09:49:40 0.18 0.11 0.03 1.92% 45.08 normal
2018-09-30__09:49:45 0.16 0.11 0.03 2.38% 45.08 normal
2018-09-30__09:49:50 0.15 0.11 0.03 5.53% 44.55 normal
2018-09-30__09:49:55 0.22 0.12 0.03 4.19% 44.01 normal
2018-09-30__09:50:00 0.20 0.12 0.03 6.37% 45.08 normal
2018-09-30__09:50:05 0.18 0.12 0.03 2.86% 44.55 normal
2018-09-30__09:50:10 0.17 0.12 0.03 2.43% 44.55 normal
2018-09-30__09:50:15 0.16 0.12 0.03 10.00% 45.08 normal
2018-09-30__09:50:20 0.22 0.13 0.04 3.32% 44.01 normal
2018-09-30__09:50:25 0.21 0.13 0.04 4.63% 44.01 normal
2018-09-30__09:50:30 0.19 0.13 0.03 9.95% 44.01 normal
2018-09-30__09:50:35 0.17 0.12 0.03 6.13% 45.08 normal
2018-09-30__09:50:40 0.48 0.19 0.06 3.74% 44.01 normal
2018-09-30__09:50:45 0.44 0.18 0.06 2.38% 44.01 normal
2018-09-30__09:50:50 0.41 0.18 0.05 2.38% 45.08 normal
2018-09-30__09:50:55 0.37 0.18 0.05 10.28% 45.08 normal
2018-09-30__09:51:00 0.50 0.21 0.06 20.10% 44.55 normal
2018-09-30__09:51:05 0.46 0.20 0.06 6.39% 44.01 normal
2018-09-30__09:51:10 0.43 0.20 0.06 2.80% 44.01 normal
2018-09-30__09:51:15 0.39 0.20 0.06 1.44% 44.55 normal
2018-09-30__09:51:20 0.44 0.21 0.07 4.25% 45.08 normal
2018-09-30__09:51:25 0.41 0.21 0.07 1.91% 45.08 normal
2018-09-30__09:51:30 0.37 0.20 0.07 5.14% 44.55 normal
2018-09-30__09:51:35 0.34 0.20 0.07 2.86% 45.08 normal
2018-09-30__09:51:40 0.31 0.20 0.07 5.88% 45.08 normal
2018-09-30__09:51:45 0.29 0.19 0.07 9.66% 45.08 normal
2018-09-30__09:51:50 0.27 0.19 0.07 3.76% 44.01 normal
2018-09-30__09:51:55 0.24 0.19 0.07 3.77% 44.55 normal
2018-09-30__09:52:00 0.22 0.18 0.06 3.32% 45.08 normal
2018-09-30__09:52:05 0.21 0.18 0.06 2.40% 45.08 normal
2018-09-30__09:52:10 0.19 0.18 0.06 3.33% 45.08 normal
2018-09-30__09:52:15 0.17 0.17 0.06 3.77% 45.08 normal
2018-09-30__09:52:20 0.16 0.17 0.06 12.56% 45.08 normal
2018-09-30__09:52:25 0.15 0.17 0.06 4.76% 45.08 normal
2018-09-30__09:52:30 0.13 0.16 0.06 6.36% 44.01 normal
2018-09-30__09:52:35 0.12 0.16 0.06 2.86% 44.01 normal
2018-09-30__09:52:40 0.11 0.16 0.06 4.25% 45.08 normal
2018-09-30__09:52:45 0.10 0.15 0.06 3.33% 45.08 normal
2018-09-30__09:52:50 0.10 0.15 0.06 2.87% 45.08 normal
2018-09-30__09:52:55 0.09 0.15 0.06 8.25% 45.08 normal
2018-09-30__09:53:00 0.08 0.15 0.06 4.81% 45.08 normal
2018-09-30__09:53:05 0.07 0.14 0.06 1.94% 45.08 normal
2018-09-30__09:53:10 0.07 0.14 0.06 15.17% 44.55 normal
2018-09-30__09:53:15 0.06 0.14 0.06 2.86% 45.08 normal
2018-09-30__09:53:20 0.06 0.14 0.06 3.30% 44.55 normal
2018-09-30__09:53:25 0.05 0.13 0.06 2.86% 44.55 normal
2018-09-30__09:53:30 0.05 0.13 0.06 0.49% 45.08 normal
2018-09-30__09:53:35 0.04 0.13 0.06 8.65% 45.08 normal
2018-09-30__09:53:40 0.04 0.13 0.06 5.31% 44.01 normal
2018-09-30__09:53:45 0.04 0.12 0.05 2.38% 45.08 normal
2018-09-30__09:53:50 0.03 0.12 0.05 7.01% 44.55 normal
2018-09-30__09:53:55 0.03 0.12 0.05 9.18% 44.55 normal
2018-09-30__09:54:00 0.03 0.12 0.05 2.86% 44.55 normal
2018-09-30__09:54:05 0.02 0.11 0.05 2.38% 45.08 normal
2018-09-30__09:54:10 0.02 0.11 0.05 1.44% 45.08 normal
2018-09-30__09:54:15 0.02 0.11 0.05 3.86% 45.08 normal
2018-09-30__09:54:20 0.02 0.11 0.05 4.23% 45.08 normal
2018-09-30__09:54:25 0.02 0.11 0.05 2.84% 45.08 normal
2018-09-30__09:54:30 0.02 0.10 0.05 4.25% 45.08 normal
2018-09-30__09:54:35 0.01 0.10 0.05 9.81% 45.08 normal
2018-09-30__09:54:40 0.09 0.12 0.06 10.90% 45.08 normal
2018-09-30__09:54:45 0.08 0.12 0.05 4.65% 44.55 normal
2018-09-30__09:54:50 0.08 0.11 0.05 15.81% 44.55 normal
2018-09-30__09:54:55 0.07 0.11 0.05 10.09% 44.55 normal
2018-09-30__09:55:00 0.07 0.11 0.05 4.65% 44.01 normal
2018-09-30__09:55:05 0.06 0.11 0.05 3.32% 45.08 normal
2018-09-30__09:55:10 0.22 0.14 0.06 3.32% 45.08 normal
2018-09-30__09:55:15 0.44 0.19 0.08 4.21% 45.08 normal
2018-09-30__09:55:20 0.40 0.18 0.08 4.81% 45.08 normal
2018-09-30__09:55:25 0.37 0.18 0.08 9.18% 44.55 normal
2018-09-30__09:55:30 0.34 0.18 0.08 7.35% 45.08 normal
2018-09-30__09:55:35 0.31 0.17 0.08 4.78% 45.08 normal
2018-09-30__09:55:40 0.29 0.17 0.08 4.23% 45.08 normal
2018-09-30__09:55:45 0.27 0.17 0.08 2.84% 44.55 normal
2018-09-30__09:55:50 0.24 0.16 0.08 4.67% 45.08 normal
2018-09-30__09:55:55 0.30 0.18 0.08 3.32% 45.08 normal
2018-09-30__09:56:00 0.28 0.18 0.08 1.45% 45.08 normal
2018-09-30__09:56:05 0.26 0.17 0.08 4.35% 45.08 normal
2018-09-30__09:56:10 0.24 0.17 0.08 11.06% 44.55 normal
2018-09-30__09:56:15 0.22 0.17 0.08 2.82% 44.55 normal
2018-09-30__09:56:20 0.20 0.16 0.08 1.90% 45.08 normal
2018-09-30__09:56:25 0.18 0.16 0.08 3.72% 44.01 normal
2018-09-30__09:56:30 0.17 0.16 0.08 2.84% 44.01 normal
2018-09-30__09:56:35 0.16 0.16 0.08 5.56% 44.55 normal
2018-09-30__09:56:40 0.22 0.17 0.08 5.16% 44.55 normal
2018-09-30__09:56:45 0.20 0.17 0.08 6.13% 45.08 normal
2018-09-30__09:56:50 0.19 0.16 0.08 4.93% 45.08 normal
2018-09-30__09:56:55 0.17 0.16 0.08 1.92% 44.01 normal
2018-09-30__09:57:00 0.16 0.16 0.08 4.69% 44.01 normal
2018-09-30__09:57:05 0.15 0.15 0.08 3.30% 44.01 normal
2018-09-30__09:57:10 0.13 0.15 0.08 3.70% 45.08 normal
2018-09-30__09:57:15 0.12 0.15 0.08 3.76% 44.55 normal
2018-09-30__09:57:20 0.11 0.15 0.08 3.33% 44.01 normal
2018-09-30__09:57:25 0.10 0.14 0.08 2.87% 45.08 normal
2018-09-30__09:57:30 0.10 0.14 0.08 1.95% 44.55 normal
2018-09-30__09:57:35 0.33 0.19 0.09 15.87% 44.55 normal
2018-09-30__09:57:40 0.30 0.19 0.09 1.91% 44.55 normal
2018-09-30__09:57:45 0.28 0.18 0.09 1.95% 45.08 normal
2018-09-30__09:57:50 0.25 0.18 0.09 3.90% 45.08 normal
2018-09-30__09:57:55 0.23 0.18 0.09 3.76% 45.08 normal
2018-09-30__09:58:00 0.22 0.17 0.09 2.84% 44.55 normal
2018-09-30__09:58:05 0.20 0.17 0.09 4.61% 44.01 normal
2018-09-30__09:58:10 0.26 0.18 0.09 1.91% 44.55 normal
2018-09-30__09:58:15 0.24 0.18 0.09 4.33% 45.08 normal
2018-09-30__09:58:20 0.22 0.18 0.09 8.21% 45.08 normal
2018-09-30__09:58:25 0.20 0.17 0.09 5.42% 45.08 normal
2018-09-30__09:58:30 0.19 0.17 0.09 5.26% 45.08 normal
2018-09-30__09:58:35 0.17 0.17 0.09 3.30% 44.55 normal
2018-09-30__09:58:40 0.32 0.20 0.10 2.39% 45.08 normal
2018-09-30__09:58:45 0.29 0.19 0.10 2.87% 45.08 normal
2018-09-30__09:58:50 0.27 0.19 0.10 4.21% 44.01 normal
2018-09-30__09:58:55 0.25 0.19 0.10 1.44% 45.08 normal
2018-09-30__09:59:00 0.23 0.18 0.10 5.29% 45.08 normal
2018-09-30__09:59:05 0.21 0.18 0.10 10.63% 45.08 normal
2018-09-30__09:59:10 0.19 0.18 0.10 3.32% 44.55 normal
2018-09-30__09:59:15 0.18 0.17 0.09 4.19% 44.01 normal
2018-09-30__09:59:20 0.40 0.22 0.11 1.92% 45.08 normal
2018-09-30__09:59:25 0.37 0.22 0.11 0.49% 44.55 normal
2018-09-30__09:59:30 0.50 0.25 0.12 2.39% 44.55 normal
2018-09-30__09:59:35 0.70 0.29 0.13 1.44% 45.08 normal
2018-09-30__09:59:40 0.64 0.29 0.13 5.88% 45.08 normal
2018-09-30__09:59:45 0.59 0.28 0.13 6.28% 45.08 normal
2018-09-30__09:59:50 0.54 0.28 0.13 2.35% 44.01 normal
2018-09-30__09:59:55 0.50 0.27 0.13 2.86% 44.55 normal
2018-09-30__10:00:00 0.46 0.27 0.13 2.37% 44.01 normal
2018-09-30__10:00:05 0.42 0.26 0.13 1.44% 45.08 normal
2018-09-30__10:00:10 0.47 0.28 0.13 2.82% 45.08 normal
2018-09-30__10:00:15 0.43 0.27 0.13 1.46% 45.08 normal
2018-09-30__10:00:20 0.64 0.32 0.15 10.48% 45.08 normal
2018-09-30__10:00:25 0.59 0.31 0.15 4.43% 44.55 normal
2018-09-30__10:00:30 0.54 0.31 0.15 16.82% 45.08 normal
2018-09-30__10:00:35 0.50 0.30 0.15 1.92% 45.08 normal
2018-09-30__10:00:40 0.46 0.30 0.14 2.83% 44.01 normal
2018-09-30__10:00:45 0.42 0.29 0.14 1.46% 45.08 normal
2018-09-30__10:00:50 0.39 0.29 0.14 4.72% 45.08 normal
2018-09-30__10:00:55 0.35 0.28 0.14 8.33% 45.08 normal
2018-09-30__10:01:00 0.33 0.28 0.14 9.72% 45.08 normal
2018-09-30__10:01:05 0.30 0.27 0.14 1.90% 44.55 normal
2018-09-30__10:01:10 0.27 0.27 0.14 1.96% 45.08 normal
2018-09-30__10:01:15 0.25 0.26 0.14 15.46% 44.01 normal
2018-09-30__10:01:20 0.23 0.26 0.14 2.86% 45.08 normal
2018-09-30__10:01:25 0.21 0.25 0.14 1.90% 44.01 normal
2018-09-30__10:01:30 0.20 0.25 0.13 4.65% 44.01 normal
2018-09-30__10:01:35 0.18 0.24 0.13 4.95% 45.08 normal
2018-09-30__10:01:40 0.16 0.24 0.13 4.76% 45.08 normal
2018-09-30__10:01:45 0.15 0.23 0.13 2.38% 45.08 normal
2018-09-30__10:01:50 0.14 0.23 0.13 1.90% 44.55 normal
2018-09-30__10:01:55 0.13 0.23 0.13 2.93% 45.08 normal
2018-09-30__10:02:00 0.12 0.22 0.13 11.37% 45.08 normal
2018-09-30__10:02:05 0.19 0.24 0.13 4.25% 45.08 normal
2018-09-30__10:02:10 0.17 0.23 0.13 2.82% 44.55 normal
2018-09-30__10:02:15 0.16 0.23 0.13 7.25% 45.08 normal
2018-09-30__10:02:20 0.15 0.22 0.13 4.76% 45.08 normal
2018-09-30__10:02:25 0.13 0.22 0.13 1.43% 44.55 normal
2018-09-30__10:02:30 0.12 0.22 0.13 2.84% 45.08 normal
2018-09-30__10:02:35 0.11 0.21 0.13 1.44% 44.55 normal
2018-09-30__10:02:40 0.10 0.21 0.13 5.74% 45.08 normal
2018-09-30__10:02:45 0.18 0.22 0.13 7.11% 44.01 normal
2018-09-30__10:02:50 0.16 0.22 0.13 6.83% 45.08 normal
2018-09-30__10:02:55 0.15 0.21 0.13 8.41% 44.55 normal
2018-09-30__10:03:00 0.14 0.21 0.13 3.29% 44.01 normal
2018-09-30__10:03:05 0.12 0.21 0.13 2.38% 44.55 normal
2018-09-30__10:03:10 0.11 0.20 0.13 5.94% 44.55 normal
2018-09-30__10:03:15 0.11 0.20 0.13 1.92% 45.08 normal
2018-09-30__10:03:20 0.10 0.20 0.12 6.57% 45.08 normal
2018-09-30__10:03:25 0.09 0.19 0.12 10.85% 45.08 normal
2018-09-30__10:03:30 0.16 0.21 0.13 9.95% 45.08 normal
2018-09-30__10:03:35 0.15 0.20 0.13 3.35% 45.08 normal
2018-09-30__10:03:40 0.14 0.20 0.13 2.42% 45.08 normal
2018-09-30__10:03:45 0.13 0.20 0.13 2.40% 45.08 normal
2018-09-30__10:03:50 0.12 0.19 0.12 0.00% 45.08 normal
2018-09-30__10:03:55 0.11 0.19 0.12 1.89% 45.08 normal
2018-09-30__10:04:00 0.10 0.18 0.12 1.91% 45.08 normal
2018-09-30__10:04:05 0.17 0.20 0.13 4.78% 45.08 normal
2018-09-30__10:04:10 0.16 0.20 0.13 19.61% 45.08 normal
2018-09-30__10:04:15 0.14 0.19 0.13 5.71% 45.08 normal
2018-09-30__10:04:20 0.13 0.19 0.12 2.84% 45.08 normal
2018-09-30__10:04:25 0.12 0.18 0.12 4.21% 45.08 normal
2018-09-30__10:04:30 0.11 0.18 0.12 2.86% 45.08 normal
2018-09-30__10:04:35 0.10 0.18 0.12 1.92% 45.08 normal
2018-09-30__10:04:40 0.09 0.17 0.12 0.48% 45.08 normal
2018-09-30__10:04:45 0.09 0.17 0.12 2.83% 44.55 normal
2018-09-30__10:04:50 0.08 0.17 0.12 11.85% 44.55 normal
2018-09-30__10:04:55 0.07 0.17 0.12 11.17% 45.08 normal
2018-09-30__10:05:00 0.07 0.16 0.12 4.23% 45.08 normal
2018-09-30__10:05:05 0.06 0.16 0.12 2.86% 44.55 normal
2018-09-30__10:05:10 0.06 0.16 0.12 4.21% 45.08 normal
2018-09-30__10:05:15 0.05 0.15 0.11 2.38% 45.08 normal
2018-09-30__10:05:20 0.05 0.15 0.11 2.86% 45.08 normal
2018-09-30__10:05:25 0.04 0.15 0.11 1.44% 45.08 normal
2018-09-30__10:05:30 0.04 0.15 0.11 3.79% 45.08 normal
2018-09-30__10:05:35 0.04 0.14 0.11 3.50% 45.08 normal
2018-09-30__10:05:40 0.03 0.14 0.11 10.43% 45.08 normal
2018-09-30__10:05:45 0.03 0.14 0.11 1.93% 45.08 normal
2018-09-30__10:05:50 0.03 0.14 0.11 2.86% 45.08 normal
2018-09-30__10:05:55 0.02 0.13 0.11 2.36% 44.55 normal
2018-09-30__10:06:00 0.02 0.13 0.11 3.30% 45.08 normal
2018-09-30__10:06:05 0.26 0.18 0.12 2.84% 45.08 normal
2018-09-30__10:06:10 0.24 0.18 0.12 7.58% 45.08 normal
2018-09-30__10:06:15 0.30 0.19 0.12 7.55% 45.08 normal
2018-09-30__10:06:20 0.28 0.19 0.12 3.85% 45.08 normal
2018-09-30__10:06:25 0.25 0.18 0.12 4.23% 45.08 normal
2018-09-30__10:06:30 0.23 0.18 0.12 1.46% 45.08 normal
2018-09-30__10:06:35 0.21 0.18 0.12 3.76% 45.08 normal
2018-09-30__10:06:40 0.20 0.17 0.12 5.12% 45.08 normal
2018-09-30__10:06:45 0.18 0.17 0.12 3.29% 44.55 normal
2018-09-30__10:06:50 0.17 0.17 0.12 9.95% 45.08 normal
2018-09-30__10:06:55 0.15 0.16 0.12 3.40% 45.08 normal
2018-09-30__10:07:00 0.14 0.16 0.12 3.38% 45.08 normal
2018-09-30__10:07:05 0.13 0.16 0.12 9.62% 45.08 normal
2018-09-30__10:07:10 0.12 0.16 0.11 2.86% 45.08 normal
2018-09-30__10:07:15 0.11 0.15 0.11 3.76% 45.08 normal
2018-09-30__10:07:20 0.10 0.15 0.11 2.42% 45.08 normal
2018-09-30__10:07:25 0.09 0.15 0.11 -0.49% 45.08 normal
2018-09-30__10:07:30 0.08 0.14 0.11 13.74% 44.55 normal
2018-09-30__10:07:35 0.08 0.14 0.11 5.14% 45.08 normal
2018-09-30__10:07:40 0.07 0.14 0.11 3.33% 45.08 normal
2018-09-30__10:07:45 0.06 0.14 0.11 2.96% 45.08 normal
2018-09-30__10:07:50 0.06 0.13 0.11 11.37% 44.55 normal
2018-09-30__10:07:55 0.14 0.15 0.11 5.53% 44.01 normal
2018-09-30__10:08:00 0.12 0.15 0.11 2.86% 45.08 normal
2018-09-30__10:08:05 0.11 0.14 0.11 3.33% 45.08 normal
2018-09-30__10:08:10 0.10 0.14 0.11 5.74% 45.08 normal
2018-09-30__10:08:15 0.10 0.14 0.11 3.33% 44.01 normal
2018-09-30__10:08:20 0.09 0.14 0.11 3.30% 45.08 normal
2018-09-30__10:08:25 0.08 0.13 0.11 0.00% 44.55 normal
2018-09-30__10:08:30 0.07 0.13 0.10 3.38% 45.08 normal
2018-09-30__10:08:35 0.07 0.13 0.10 5.12% 45.08 normal
2018-09-30__10:08:40 0.06 0.13 0.10 11.01% 45.08 normal
2018-09-30__10:08:45 0.06 0.12 0.10 2.97% 45.08 normal
2018-09-30__10:08:50 0.05 0.12 0.10 7.87% 44.55 normal
2018-09-30__10:08:55 0.05 0.12 0.10 3.76% 44.55 normal
2018-09-30__10:09:00 0.04 0.12 0.10 0.48% 45.08 normal
2018-09-30__10:09:05 0.04 0.11 0.10 4.17% 44.55 normal
2018-09-30__10:09:10 0.04 0.11 0.10 1.93% 45.08 normal
2018-09-30__10:09:15 0.03 0.11 0.10 7.39% 45.08 normal
2018-09-30__10:09:20 0.03 0.11 0.09 7.08% 44.01 normal
2018-09-30__10:09:25 0.03 0.11 0.09 9.00% 45.08 normal
2018-09-30__10:09:30 0.02 0.10 0.09 5.71% 44.01 normal
2018-09-30__10:09:35 0.02 0.10 0.09 2.37% 45.08 normal
2018-09-30__10:09:40 0.02 0.10 0.09 2.84% 44.55 normal
2018-09-30__10:09:45 0.02 0.10 0.09 3.77% 45.08 normal
2018-09-30__10:09:50 0.02 0.10 0.09 2.39% 45.08 normal
2018-09-30__10:09:55 0.02 0.10 0.09 4.33% 45.08 normal
2018-09-30__10:10:00 0.09 0.11 0.09 9.13% 45.08 normal
2018-09-30__10:10:05 0.09 0.11 0.09 7.18% 45.08 normal
2018-09-30__10:10:10 0.08 0.11 0.09 4.23% 45.08 normal
2018-09-30__10:10:15 0.07 0.10 0.09 4.61% 44.01 normal
2018-09-30__10:10:20 0.07 0.10 0.09 2.38% 45.08 normal
2018-09-30__10:10:25 0.06 0.10 0.09 3.30% 44.55 normal
2018-09-30__10:10:30 0.06 0.10 0.09 3.72% 44.55 normal
2018-09-30__10:10:35 0.05 0.10 0.09 2.84% 45.08 normal
2018-09-30__10:10:40 0.13 0.11 0.09 31.90% 48.31 normal
2018-09-30__10:10:45 0.20 0.13 0.10 36.06% 49.39 normal
2018-09-30__10:10:50 0.34 0.16 0.11 3.38% 47.24 normal
2018-09-30__10:10:55 0.31 0.16 0.11 2.86% 46.16 normal
2018-09-30__10:11:00 0.29 0.15 0.11 2.34% 45.08 normal
2018-09-30__10:11:05 0.27 0.15 0.11 2.36% 45.62 normal
2018-09-30__10:11:10 0.27 0.15 0.11 2.39% 45.08 normal
2018-09-30__10:11:15 0.24 0.15 0.11 0.97% 45.08 normal
2018-09-30__10:11:20 0.22 0.14 0.10 15.74% 45.08 normal
2018-09-30__10:11:25 0.21 0.14 0.10 6.16% 45.08 normal
2018-09-30__10:11:30 0.19 0.14 0.10 16.98% 45.08 normal
2018-09-30__10:11:35 0.17 0.14 0.10 4.27% 45.08 normal
2018-09-30__10:11:40 0.16 0.13 0.10 2.39% 45.62 normal
2018-09-30__10:11:45 0.47 0.20 0.12 3.74% 45.08 normal
2018-09-30__10:11:50 0.83 0.28 0.15 0.97% 45.08 normal
2018-09-30__10:11:55 1.24 0.37 0.18 2.36% 44.55 normal
2018-09-30__10:12:00 1.79 0.50 0.22 1.44% 45.08 normal
2018-09-30__10:12:05 2.12 0.59 0.25 4.19% 45.08 normal
2018-09-30__10:12:10 2.27 0.65 0.27 3.83% 45.08 normal
2018-09-30__10:12:15 2.09 0.64 0.27 10.00% 45.08 normal
2018-09-30__10:12:20 2.00 0.64 0.28 3.77% 45.08 normal
2018-09-30__10:12:25 2.16 0.70 0.30 2.33% 44.55 normal
2018-09-30__10:12:30 2.07 0.71 0.30 1.43% 45.08 normal
2018-09-30__10:12:35 1.98 0.71 0.30 2.82% 44.01 normal
2018-09-30__10:12:40 1.83 0.70 0.30 7.08% 45.62 normal
2018-09-30__10:12:45 1.68 0.69 0.30 0.98% 45.08 normal
2018-09-30__10:12:50 1.54 0.68 0.30 2.39% 45.08 normal
2018-09-30__10:12:55 1.42 0.66 0.30 3.43% 45.08 normal
2018-09-30__10:13:00 1.31 0.65 0.29 10.48% 45.08 normal
2018-09-30__10:13:05 1.20 0.64 0.29 2.38% 44.55 normal
2018-09-30__10:13:10 1.10 0.63 0.29 4.67% 44.55 normal
2018-09-30__10:13:15 1.02 0.62 0.29 2.84% 45.08 normal
2018-09-30__10:13:20 0.93 0.61 0.29 1.45% 45.08 normal
2018-09-30__10:13:25 0.86 0.60 0.29 1.91% 45.08 normal
2018-09-30__10:13:30 0.79 0.59 0.28 2.83% 45.08 normal
2018-09-30__10:13:35 0.73 0.58 0.28 2.39% 45.08 normal
2018-09-30__10:13:40 0.67 0.57 0.28 2.93% 45.08 normal
2018-09-30__10:13:45 0.61 0.56 0.28 16.83% 44.01 normal
2018-09-30__10:13:50 0.57 0.55 0.28 3.29% 44.55 normal
2018-09-30__10:13:55 0.52 0.54 0.27 2.86% 44.55 normal
2018-09-30__10:14:00 0.48 0.53 0.27 3.26% 44.55 normal
2018-09-30__10:14:05 0.44 0.52 0.27 1.44% 45.08 normal
2018-09-30__10:14:10 0.40 0.51 0.27 3.32% 45.08 normal
2018-09-30__10:14:15 0.37 0.50 0.27 1.92% 45.08 normal
2018-09-30__10:14:20 0.34 0.50 0.27 2.84% 45.08 normal
2018-09-30__10:14:25 0.31 0.49 0.26 2.96% 45.08 normal
2018-09-30__10:14:30 0.29 0.48 0.26 9.52% 44.55 normal
2018-09-30__10:14:35 0.27 0.47 0.26 3.30% 45.08 normal
2018-09-30__10:14:40 0.24 0.46 0.26 1.43% 45.08 normal
2018-09-30__10:14:45 0.22 0.45 0.26 2.84% 45.08 normal
2018-09-30__10:14:50 0.21 0.45 0.26 2.84% 45.08 normal
2018-09-30__10:14:55 0.19 0.44 0.26 2.39% 44.55 normal
2018-09-30__10:15:00 0.17 0.43 0.25 3.81% 45.08 normal
2018-09-30__10:15:05 0.16 0.42 0.25 0.00% 45.62 normal
2018-09-30__10:15:10 0.15 0.42 0.25 11.32% 45.08 normal
2018-09-30__10:15:15 0.13 0.41 0.25 1.90% 44.55 normal
2018-09-30__10:15:20 0.12 0.40 0.25 1.46% 44.55 normal
2018-09-30__10:15:25 0.11 0.40 0.25 2.38% 45.08 normal
2018-09-30__10:15:30 0.10 0.39 0.25 1.45% 45.08 normal
2018-09-30__10:15:35 0.10 0.38 0.24 4.21% 44.01 normal
2018-09-30__10:15:40 0.09 0.38 0.24 3.33% 45.08 normal
2018-09-30__10:15:45 0.08 0.37 0.24 1.92% 45.08 normal
2018-09-30__10:15:50 0.07 0.36 0.24 5.24% 45.08 normal
2018-09-30__10:15:55 0.07 0.36 0.24 16.19% 44.01 normal
2018-09-30__10:16:00 0.06 0.35 0.24 2.37% 45.08 normal
2018-09-30__10:16:05 0.06 0.34 0.23 2.82% 44.01 normal
2018-09-30__10:16:10 0.05 0.34 0.23 3.77% 44.55 normal
2018-09-30__10:16:15 0.05 0.33 0.23 0.49% 45.08 normal
2018-09-30__10:16:20 0.04 0.33 0.23 1.44% 45.08 normal
2018-09-30__10:16:25 0.04 0.32 0.23 2.39% 45.08 normal
2018-09-30__10:16:30 0.04 0.32 0.23 2.38% 45.08 normal
2018-09-30__10:16:35 0.03 0.31 0.23 4.35% 44.55 normal
2018-09-30__10:16:40 0.03 0.31 0.22 10.05% 44.55 normal
2018-09-30__10:16:45 0.03 0.30 0.22 2.82% 44.55 normal
2018-09-30__10:16:50 0.02 0.29 0.22 2.84% 45.08 normal
2018-09-30__10:16:55 0.02 0.29 0.22 1.90% 44.01 normal
2018-09-30__10:17:00 0.02 0.28 0.22 3.30% 45.08 normal
2018-09-30__10:17:05 0.02 0.28 0.22 1.90% 44.01 normal
2018-09-30__10:17:10 0.02 0.27 0.22 3.76% 45.08 normal
2018-09-30__10:17:15 0.02 0.27 0.21 0.48% 44.01 normal
2018-09-30__10:17:20 0.09 0.28 0.22 1.98% 45.08 normal
2018-09-30__10:17:25 0.09 0.28 0.22 10.48% 44.55 normal
2018-09-30__10:17:30 0.48 0.36 0.24 1.44% 45.08 normal
2018-09-30__10:17:35 0.44 0.35 0.24 3.72% 44.55 normal
2018-09-30__10:17:40 0.57 0.38 0.25 4.25% 45.08 normal
2018-09-30__10:17:45 0.52 0.37 0.25 5.09% 44.01 normal
2018-09-30__10:17:50 0.48 0.36 0.25 3.32% 45.08 normal
2018-09-30__10:17:55 0.44 0.36 0.25 1.43% 44.01 normal
2018-09-30__10:18:00 0.40 0.35 0.25 0.97% 44.55 normal
2018-09-30__10:18:05 0.37 0.35 0.24 3.38% 45.08 normal
2018-09-30__10:18:10 0.34 0.34 0.24 0.49% 44.01 normal
2018-09-30__10:18:15 0.55 0.38 0.26 7.01% 44.01 normal
2018-09-30__10:18:20 0.51 0.38 0.26 2.83% 44.01 normal
2018-09-30__10:18:25 0.47 0.37 0.25 3.29% 44.01 normal
2018-09-30__10:18:30 0.43 0.36 0.25 0.00% 45.08 normal
2018-09-30__10:18:35 0.40 0.36 0.25 4.72% 45.08 normal
2018-09-30__10:18:40 0.36 0.35 0.25 3.30% 45.08 normal
2018-09-30__10:18:45 0.34 0.35 0.25 5.69% 45.08 normal
2018-09-30__10:18:50 0.31 0.34 0.25 10.85% 45.08 normal
2018-09-30__10:18:55 0.36 0.35 0.25 0.49% 45.08 normal
2018-09-30__10:19:00 0.33 0.35 0.25 3.32% 44.55 normal
2018-09-30__10:19:05 0.31 0.34 0.25 1.90% 44.55 normal
2018-09-30__10:19:10 0.28 0.33 0.25 3.29% 44.01 normal
2018-09-30__10:19:15 0.26 0.33 0.25 3.30% 44.01 normal
2018-09-30__10:19:20 0.24 0.32 0.24 2.87% 45.08 normal
2018-09-30__10:19:25 0.22 0.32 0.24 2.82% 44.55 normal
2018-09-30__10:19:30 0.20 0.31 0.24 4.78% 45.08 normal
2018-09-30__10:19:35 0.18 0.31 0.24 16.75% 45.08 normal
2018-09-30__10:19:40 0.17 0.30 0.24 3.32% 45.08 normal
2018-09-30__10:19:45 0.16 0.30 0.24 2.39% 44.55 normal
2018-09-30__10:19:50 0.14 0.29 0.24 1.44% 44.55 normal
2018-09-30__10:19:55 0.13 0.29 0.23 2.38% 45.08 normal
2018-09-30__10:20:00 0.12 0.28 0.23 1.43% 44.01 normal
2018-09-30__10:20:05 0.11 0.28 0.23 1.91% 45.08 normal
2018-09-30__10:20:10 0.10 0.27 0.23 4.19% 44.01 normal
2018-09-30__10:20:15 0.25 0.30 0.24 6.67% 44.01 normal
2018-09-30__10:20:20 0.23 0.29 0.24 8.33% 45.08 normal
2018-09-30__10:20:25 0.21 0.29 0.24 2.37% 44.01 normal
2018-09-30__10:20:30 0.20 0.28 0.24 1.90% 45.08 normal
2018-09-30__10:20:35 0.18 0.28 0.23 3.29% 44.01 normal
2018-09-30__10:20:40 0.17 0.27 0.23 0.97% 44.55 normal
2018-09-30__10:20:45 0.15 0.27 0.23 4.19% 44.55 normal
2018-09-30__10:20:50 0.14 0.26 0.23 3.32% 45.08 normal
2018-09-30__10:20:55 0.13 0.26 0.23 3.77% 45.08 normal
2018-09-30__10:21:00 0.12 0.26 0.23 2.48% 45.08 normal
2018-09-30__10:21:05 0.11 0.25 0.22 2.87% 45.08 normal
2018-09-30__10:21:10 0.10 0.25 0.22 2.38% 44.01 normal
2018-09-30__10:21:15 0.09 0.24 0.22 1.45% 44.55 normal
2018-09-30__10:21:20 0.08 0.24 0.22 4.19% 44.01 normal
2018-09-30__10:21:25 0.08 0.23 0.22 2.84% 44.55 normal
2018-09-30__10:21:30 0.07 0.23 0.22 4.65% 44.01 normal
2018-09-30__10:21:35 0.06 0.23 0.22 5.50% 44.01 normal
2018-09-30__10:21:40 0.06 0.22 0.21 4.76% 44.01 normal
2018-09-30__10:21:45 0.05 0.22 0.21 17.06% 44.01 normal
2018-09-30__10:21:50 0.05 0.21 0.21 1.44% 43.47 normal
2018-09-30__10:21:55 0.05 0.21 0.21 2.83% 43.47 normal
2018-09-30__10:22:00 0.04 0.21 0.21 3.77% 44.01 normal
2018-09-30__10:22:05 0.04 0.20 0.21 2.38% 44.01 normal
2018-09-30__10:22:10 0.04 0.20 0.21 3.74% 43.47 normal
2018-09-30__10:22:15 0.03 0.20 0.20 3.32% 44.01 normal
2018-09-30__10:22:20 0.03 0.19 0.20 3.77% 44.01 normal
2018-09-30__10:22:25 0.03 0.19 0.20 2.93% 44.55 normal
2018-09-30__10:22:30 0.02 0.19 0.20 10.90% 44.55 normal
2018-09-30__10:22:35 0.02 0.18 0.20 2.84% 44.01 normal
2018-09-30__10:22:40 0.02 0.18 0.20 3.30% 44.55 normal
2018-09-30__10:22:45 0.02 0.18 0.20 1.92% 44.55 normal
2018-09-30__10:22:50 0.02 0.17 0.19 4.63% 43.47 normal
2018-09-30__10:22:55 0.02 0.17 0.19 3.29% 44.01 normal
2018-09-30__10:23:00 0.01 0.17 0.19 1.90% 44.01 normal
2018-09-30__10:23:05 0.01 0.16 0.19 1.92% 44.01 normal
2018-09-30__10:23:10 0.01 0.16 0.19 1.96% 44.55 normal
2018-09-30__10:23:15 0.01 0.16 0.19 2.84% 44.01 normal
2018-09-30__10:23:20 0.17 0.19 0.20 1.90% 42.93 normal
2018-09-30__10:23:25 0.16 0.18 0.20 2.39% 44.01 normal
2018-09-30__10:23:30 0.14 0.18 0.19 1.45% 44.01 normal
2018-09-30__10:23:35 0.13 0.18 0.19 2.86% 44.01 normal
2018-09-30__10:23:40 0.12 0.17 0.19 1.89% 44.01 normal
2018-09-30__10:23:45 0.11 0.17 0.19 3.76% 44.01 normal
2018-09-30__10:23:50 0.10 0.17 0.19 4.72% 44.01 normal
2018-09-30__10:23:55 0.09 0.17 0.19 10.48% 44.55 normal
2018-09-30__10:24:00 0.09 0.16 0.18 2.86% 44.01 normal
2018-09-30__10:24:05 0.16 0.18 0.19 2.84% 44.55 normal
2018-09-30__10:24:10 0.15 0.17 0.19 2.39% 44.01 normal
2018-09-30__10:24:15 0.13 0.17 0.19 3.33% 44.01 normal
2018-09-30__10:24:20 0.12 0.17 0.18 3.70% 44.01 normal
2018-09-30__10:24:25 0.27 0.20 0.19 3.70% 44.01 normal
2018-09-30__10:24:30 0.25 0.20 0.19 2.86% 45.08 normal
2018-09-30__10:24:35 0.23 0.19 0.19 3.86% 44.01 normal
2018-09-30__10:24:40 0.21 0.19 0.19 17.37% 44.55 normal
2018-09-30__10:24:45 0.20 0.18 0.19 5.53% 43.47 normal
2018-09-30__10:24:50 0.18 0.18 0.19 2.84% 44.01 normal
2018-09-30__10:24:55 0.16 0.18 0.19 6.42% 43.47 normal
2018-09-30__10:25:00 0.15 0.17 0.18 0.95% 44.01 normal
2018-09-30__10:25:05 0.14 0.17 0.18 3.29% 43.47 normal
2018-09-30__10:25:10 0.13 0.17 0.18 4.19% 44.01 normal
2018-09-30__10:25:15 0.12 0.17 0.18 1.46% 44.01 normal
2018-09-30__10:25:20 0.11 0.16 0.18 0.49% 44.01 normal
2018-09-30__10:25:25 0.10 0.16 0.18 15.38% 44.01 normal
2018-09-30__10:25:30 0.09 0.16 0.18 3.32% 44.01 normal
2018-09-30__10:25:35 0.08 0.15 0.18 3.76% 44.01 normal
2018-09-30__10:25:40 0.08 0.15 0.18 2.39% 44.01 normal
2018-09-30__10:25:45 0.07 0.15 0.17 2.82% 44.55 normal
2018-09-30__10:25:50 0.06 0.15 0.17 1.91% 44.55 normal
2018-09-30__10:25:55 0.06 0.14 0.17 1.44% 44.55 normal
2018-09-30__10:26:00 0.05 0.14 0.17 2.39% 44.01 normal
2018-09-30__10:26:05 0.05 0.14 0.17 6.25% 44.55 normal
2018-09-30__10:26:10 0.05 0.14 0.17 13.43% 43.47 normal
2018-09-30__10:26:15 0.04 0.13 0.17 2.86% 44.55 normal
2018-09-30__10:26:20 0.04 0.13 0.17 2.38% 45.08 normal
2018-09-30__10:26:25 0.03 0.13 0.17 4.63% 44.01 normal
2018-09-30__10:26:30 0.03 0.13 0.17 4.21% 44.01 normal
2018-09-30__10:26:35 0.03 0.12 0.16 1.90% 44.55 normal
2018-09-30__10:26:40 0.03 0.12 0.16 1.44% 44.01 normal
2018-09-30__10:26:45 0.02 0.12 0.16 4.25% 44.01 normal
2018-09-30__10:26:50 0.02 0.12 0.16 13.40% 44.55 normal
2018-09-30__10:26:55 0.02 0.11 0.16 2.39% 44.55 normal
2018-09-30__10:27:00 0.02 0.11 0.16 1.93% 44.01 normal
2018-09-30__10:27:05 0.02 0.11 0.16 3.30% 44.01 normal
2018-09-30__10:27:10 0.02 0.11 0.16 4.67% 44.01 normal
2018-09-30__10:27:15 0.01 0.11 0.16 3.33% 45.08 normal
2018-09-30__10:27:20 0.01 0.10 0.16 1.44% 44.55 normal
2018-09-30__10:27:25 0.01 0.10 0.16 2.86% 44.01 normal
2018-09-30__10:27:30 0.01 0.10 0.15 4.76% 45.08 normal
2018-09-30__10:27:35 0.01 0.10 0.15 10.43% 44.55 normal
2018-09-30__10:27:40 0.01 0.10 0.15 2.82% 43.47 normal
2018-09-30__10:27:45 0.01 0.09 0.15 3.76% 45.08 normal
2018-09-30__10:27:50 0.01 0.09 0.15 4.23% 44.55 normal
2018-09-30__10:27:55 0.01 0.09 0.15 2.39% 44.55 normal
2018-09-30__10:28:00 0.00 0.09 0.15 0.49% 44.55 normal
2018-09-30__10:28:05 0.00 0.09 0.15 1.91% 45.08 normal
2018-09-30__10:28:10 0.00 0.09 0.15 3.26% 44.55 normal
2018-09-30__10:28:15 0.00 0.08 0.15 6.19% 44.01 normal
2018-09-30__10:28:20 0.00 0.08 0.14 12.15% 44.55 normal
2018-09-30__10:28:25 0.00 0.08 0.14 2.38% 44.55 normal
2018-09-30__10:28:30 0.00 0.08 0.14 2.38% 44.01 normal
2018-09-30__10:28:35 0.00 0.08 0.14 1.92% 44.01 normal
2018-09-30__10:28:40 0.00 0.08 0.14 1.90% 43.47 normal
2018-09-30__10:28:45 0.00 0.08 0.14 5.19% 44.01 normal
2018-09-30__10:28:50 0.00 0.07 0.14 2.37% 44.01 normal
2018-09-30__10:28:55 0.00 0.07 0.14 0.00% 44.01 normal
2018-09-30__10:29:00 0.00 0.07 0.14 10.71% 44.01 normal
2018-09-30__10:29:05 0.00 0.07 0.14 1.94% 44.01 normal
2018-09-30__10:29:10 0.00 0.07 0.13 3.27% 44.01 normal
2018-09-30__10:29:15 0.00 0.07 0.13 2.38% 44.01 normal
2018-09-30__10:29:20 0.00 0.06 0.13 3.33% 44.01 normal
2018-09-30__10:29:25 0.00 0.06 0.13 0.49% 44.01 normal
2018-09-30__10:29:30 0.00 0.06 0.13 5.56% 44.01 normal
2018-09-30__10:29:35 0.00 0.06 0.13 2.83% 44.01 normal
2018-09-30__10:29:40 0.00 0.06 0.13 3.85% 44.01 normal
2018-09-30__10:29:45 0.00 0.06 0.13 8.74% 44.55 normal
2018-09-30__10:29:50 0.00 0.06 0.13 2.38% 44.01 normal
2018-09-30__10:29:55 0.00 0.06 0.13 1.92% 44.01 normal
2018-09-30__10:30:00 0.00 0.05 0.12 4.67% 44.01 normal
2018-09-30__10:30:05 0.00 0.05 0.12 2.40% 44.55 normal
2018-09-30__10:30:10 0.00 0.05 0.12 2.39% 44.55 normal
2018-09-30__10:30:15 0.00 0.05 0.12 2.86% 44.01 normal
2018-09-30__10:30:20 0.00 0.05 0.12 -0.49% 45.08 normal
2018-09-30__10:30:25 0.00 0.05 0.12 3.38% 43.47 normal
2018-09-30__10:30:30 0.00 0.05 0.12 6.93% 44.01 normal
2018-09-30__10:30:35 0.00 0.05 0.12 1.44% 44.01 normal
2018-09-30__10:30:40 0.00 0.05 0.12 4.17% 44.01 normal
2018-09-30__10:30:45 0.00 0.05 0.12 1.44% 44.01 normal
2018-09-30__10:30:50 0.00 0.04 0.12 3.76% 44.01 normal
2018-09-30__10:30:55 0.08 0.06 0.12 2.39% 45.08 normal
2018-09-30__10:31:00 0.07 0.06 0.12 2.86% 44.01 normal
2018-09-30__10:31:05 0.07 0.06 0.12 2.38% 44.55 normal
2018-09-30__10:31:10 0.06 0.06 0.12 5.21% 44.55 normal
2018-09-30__10:31:15 0.06 0.06 0.12 10.05% 44.55 normal
2018-09-30__10:31:20 0.05 0.06 0.12 3.74% 43.47 normal
2018-09-30__10:31:25 0.05 0.05 0.11 3.33% 44.01 normal
2018-09-30__10:31:30 0.04 0.05 0.11 1.94% 43.47 normal
2018-09-30__10:31:35 0.04 0.05 0.11 4.63% 44.01 normal
2018-09-30__10:31:40 0.04 0.05 0.11 4.23% 44.55 normal
2018-09-30__10:31:45 0.03 0.05 0.11 3.29% 44.55 normal
2018-09-30__10:31:50 0.03 0.05 0.11 1.91% 43.47 normal
2018-09-30__10:31:55 0.03 0.05 0.11 1.96% 44.01 normal
2018-09-30__10:32:00 0.02 0.05 0.11 3.30% 44.01 normal
2018-09-30__10:32:05 0.02 0.05 0.11 2.36% 44.01 normal
2018-09-30__10:32:10 0.02 0.05 0.11 2.38% 44.55 normal
2018-09-30__10:32:15 0.02 0.04 0.10 1.91% 44.01 normal
2018-09-30__10:32:20 0.02 0.04 0.10 2.38% 44.01 normal
2018-09-30__10:32:25 0.02 0.04 0.10 2.40% 44.01 normal
2018-09-30__10:32:30 0.01 0.04 0.10 3.32% 44.01 normal
2018-09-30__10:32:35 0.01 0.04 0.10 6.64% 44.01 normal
2018-09-30__10:32:40 0.01 0.04 0.10 9.57% 44.01 normal
2018-09-30__10:32:45 0.09 0.06 0.10 2.40% 44.01 normal
2018-09-30__10:32:50 0.08 0.05 0.10 2.39% 44.55 normal
2018-09-30__10:32:55 0.08 0.05 0.10 3.30% 44.01 normal
2018-09-30__10:33:00 0.07 0.05 0.10 3.29% 44.01 normal
2018-09-30__10:33:05 0.06 0.05 0.10 2.84% 44.55 normal
2018-09-30__10:33:10 0.06 0.05 0.10 1.90% 43.47 normal
2018-09-30__10:33:15 0.05 0.05 0.10 2.86% 45.08 normal
2018-09-30__10:33:20 0.05 0.05 0.10 4.31% 44.55 normal
2018-09-30__10:33:25 0.04 0.05 0.10 8.21% 44.55 normal
2018-09-30__10:33:30 0.04 0.05 0.10 2.37% 43.47 normal
2018-09-30__10:33:35 0.04 0.05 0.09 1.90% 44.01 normal
2018-09-30__10:33:40 0.03 0.04 0.09 3.30% 44.01 normal
2018-09-30__10:33:45 0.35 0.11 0.11 4.13% 44.01 normal
2018-09-30__10:33:50 0.32 0.11 0.11 1.90% 44.01 normal
2018-09-30__10:33:55 0.30 0.11 0.11 2.39% 44.55 normal
2018-09-30__10:34:00 0.27 0.10 0.11 0.49% 44.55 normal
2018-09-30__10:34:05 0.25 0.10 0.11 5.26% 44.01 normal
2018-09-30__10:34:10 0.23 0.10 0.11 11.37% 44.01 normal
2018-09-30__10:34:15 0.21 0.10 0.11 3.32% 44.01 normal
2018-09-30__10:34:20 0.20 0.10 0.11 3.77% 44.55 normal
2018-09-30__10:34:25 0.18 0.10 0.11 3.32% 44.55 normal
2018-09-30__10:34:30 0.49 0.16 0.13 2.39% 44.01 normal
2018-09-30__10:34:35 0.45 0.16 0.13 3.27% 44.01 normal
2018-09-30__10:34:40 0.41 0.15 0.13 2.39% 44.55 normal
2018-09-30__10:34:45 0.38 0.15 0.12 2.38% 45.08 normal
2018-09-30__10:34:50 0.35 0.15 0.12 3.40% 44.55 normal
2018-09-30__10:34:55 0.32 0.15 0.12 2.87% 44.01 normal
2018-09-30__10:35:00 0.29 0.14 0.12 11.06% 45.08 normal
2018-09-30__10:35:05 0.27 0.14 0.12 2.38% 44.55 normal
2018-09-30__10:35:10 0.25 0.14 0.12 2.86% 44.55 normal
2018-09-30__10:35:15 0.23 0.14 0.12 2.86% 43.47 normal
2018-09-30__10:35:20 0.21 0.13 0.12 1.90% 44.55 normal
2018-09-30__10:35:25 0.19 0.13 0.12 2.83% 44.01 normal
2018-09-30__10:35:30 0.18 0.13 0.12 3.41% 44.55 normal
2018-09-30__10:35:35 0.16 0.13 0.12 17.54% 44.01 normal
2018-09-30__10:35:40 0.15 0.12 0.11 1.45% 44.01 normal
2018-09-30__10:35:45 0.14 0.12 0.11 4.19% 44.01 normal
2018-09-30__10:35:50 0.12 0.12 0.11 3.30% 44.01 normal
2018-09-30__10:35:55 0.11 0.12 0.11 0.49% 44.55 normal
2018-09-30__10:36:00 0.11 0.11 0.11 3.79% 45.08 normal
2018-09-30__10:36:05 0.10 0.11 0.11 5.09% 44.01 normal
2018-09-30__10:36:10 0.09 0.11 0.11 3.76% 43.47 normal
2018-09-30__10:36:15 0.08 0.11 0.11 6.57% 44.01 normal
2018-09-30__10:36:20 0.07 0.11 0.11 11.90% 45.08 normal
2018-09-30__10:36:25 0.07 0.10 0.11 2.37% 44.55 normal
2018-09-30__10:36:30 0.06 0.10 0.10 4.65% 44.01 normal
2018-09-30__10:36:35 0.06 0.10 0.10 1.42% 44.01 normal
2018-09-30__10:36:40 0.05 0.10 0.10 3.27% 44.01 normal
2018-09-30__10:36:45 0.05 0.10 0.10 3.27% 44.01 normal
2018-09-30__10:36:50 0.04 0.09 0.10 0.96% 44.55 normal
2018-09-30__10:36:55 0.12 0.11 0.11 0.48% 44.01 normal
2018-09-30__10:37:00 0.11 0.11 0.10 5.74% 44.55 normal
2018-09-30__10:37:05 0.10 0.11 0.10 9.18% 44.01 normal
2018-09-30__10:37:10 0.09 0.10 0.10 1.91% 43.47 normal
2018-09-30__10:37:15 0.09 0.10 0.10 3.26% 44.01 normal
2018-09-30__10:37:20 0.08 0.10 0.10 2.84% 44.01 normal
2018-09-30__10:37:25 0.07 0.10 0.10 5.07% 44.01 normal
2018-09-30__10:37:30 0.07 0.10 0.10 3.32% 44.55 normal
2018-09-30__10:37:35 0.06 0.09 0.10 2.83% 44.01 normal
2018-09-30__10:37:40 0.06 0.09 0.10 3.33% 44.01 normal
2018-09-30__10:37:45 0.05 0.09 0.10 11.31% 44.55 normal
2018-09-30__10:37:50 0.05 0.09 0.09 1.93% 44.55 normal
2018-09-30__10:37:55 0.04 0.09 0.09 1.92% 44.55 normal
2018-09-30__10:38:00 0.04 0.08 0.09 2.39% 44.55 normal
2018-09-30__10:38:05 0.04 0.08 0.09 4.19% 44.01 normal
2018-09-30__10:38:10 0.03 0.08 0.09 1.44% 44.55 normal
2018-09-30__10:38:15 0.03 0.08 0.09 3.74% 44.01 normal
2018-09-30__10:38:20 0.03 0.08 0.09 3.32% 44.55 normal
2018-09-30__10:38:25 0.02 0.08 0.09 17.24% 45.08 normal
2018-09-30__10:38:30 0.02 0.08 0.09 8.70% 45.08 normal
2018-09-30__10:38:35 0.02 0.07 0.09 3.29% 44.01 normal
2018-09-30__10:38:40 0.02 0.07 0.09 4.25% 44.01 normal
2018-09-30__10:38:45 0.02 0.07 0.09 2.88% 44.55 normal
2018-09-30__10:38:50 0.02 0.07 0.09 2.86% 44.55 normal
2018-09-30__10:38:55 0.01 0.07 0.09 3.32% 45.08 normal
2018-09-30__10:39:00 0.01 0.07 0.09 0.98% 44.55 normal
2018-09-30__10:39:05 0.01 0.07 0.09 1.45% 45.08 normal
2018-09-30__10:39:10 0.01 0.06 0.08 2.44% 44.55 normal
2018-09-30__10:39:15 0.01 0.06 0.08 16.90% 44.01 normal
2018-09-30__10:39:20 0.09 0.08 0.09 1.90% 42.93 normal
2018-09-30__10:39:25 0.08 0.08 0.09 1.90% 44.55 normal
2018-09-30__10:39:30 0.07 0.08 0.09 2.84% 44.55 normal
2018-09-30__10:39:35 0.07 0.07 0.09 4.21% 44.01 normal
2018-09-30__10:39:40 0.54 0.17 0.12 2.38% 44.01 normal
2018-09-30__10:39:45 0.50 0.17 0.12 3.30% 44.01 normal
2018-09-30__10:39:50 0.46 0.17 0.12 3.79% 44.55 normal
2018-09-30__10:39:55 0.42 0.16 0.12 3.43% 44.55 normal
2018-09-30__10:40:00 0.39 0.16 0.12 10.05% 44.55 normal
2018-09-30__10:40:05 0.36 0.16 0.12 4.17% 44.01 normal
2018-09-30__10:40:10 0.33 0.16 0.11 2.86% 44.01 normal
2018-09-30__10:40:15 0.30 0.15 0.11 4.21% 44.55 normal
2018-09-30__10:40:20 0.36 0.17 0.12 1.91% 44.55 normal
2018-09-30__10:40:25 0.57 0.21 0.13 3.29% 44.01 normal
2018-09-30__10:40:30 0.52 0.21 0.13 4.69% 44.55 normal
2018-09-30__10:40:35 0.48 0.21 0.13 0.00% 44.55 normal
2018-09-30__10:40:40 0.44 0.20 0.13 4.81% 44.55 normal
2018-09-30__10:40:45 0.41 0.20 0.13 8.29% 45.08 normal
2018-09-30__10:40:50 0.37 0.20 0.13 2.84% 44.55 normal
2018-09-30__10:40:55 0.34 0.19 0.13 3.29% 44.01 normal
2018-09-30__10:41:00 0.32 0.19 0.13 4.67% 44.55 normal
2018-09-30__10:41:05 0.29 0.18 0.13 1.45% 44.55 normal
2018-09-30__10:41:10 0.83 0.30 0.16 0.49% 44.55 normal
2018-09-30__10:41:15 0.76 0.29 0.16 2.83% 44.55 normal
2018-09-30__10:41:20 0.70 0.29 0.16 0.98% 45.08 normal
2018-09-30__10:41:25 0.64 0.28 0.16 12.28% 44.01 normal
2018-09-30__10:41:30 0.59 0.28 0.16 4.21% 44.55 normal
2018-09-30__10:41:35 0.54 0.27 0.16 3.76% 44.01 normal
2018-09-30__10:41:40 0.50 0.27 0.16 2.87% 44.55 normal
2018-09-30__10:41:45 0.46 0.26 0.16 2.83% 44.01 normal
2018-09-30__10:41:50 0.42 0.26 0.16 2.86% 44.55 normal
2018-09-30__10:41:55 0.39 0.25 0.15 4.19% 44.01 normal
2018-09-30__10:42:00 0.36 0.25 0.15 3.74% 44.01 normal
2018-09-30__10:42:05 0.33 0.25 0.15 2.90% 44.55 normal
2018-09-30__10:42:10 0.30 0.24 0.15 11.27% 44.01 normal
2018-09-30__10:42:15 0.28 0.24 0.15 4.19% 44.01 normal
2018-09-30__10:42:20 0.26 0.23 0.15 4.19% 44.01 normal
2018-09-30__10:42:25 0.24 0.23 0.15 1.90% 43.47 normal
2018-09-30__10:42:30 0.22 0.22 0.15 1.93% 44.01 normal
2018-09-30__10:42:35 0.20 0.22 0.15 3.74% 44.01 normal
2018-09-30__10:42:40 0.18 0.22 0.15 3.32% 44.01 normal
2018-09-30__10:42:45 0.17 0.21 0.14 6.05% 44.55 normal
2018-09-30__10:42:50 0.15 0.21 0.14 4.29% 44.55 normal
2018-09-30__10:42:55 0.14 0.21 0.14 18.14% 44.01 normal
2018-09-30__10:43:00 0.13 0.20 0.14 3.77% 44.01 normal
2018-09-30__10:43:05 0.12 0.20 0.14 2.82% 44.01 normal
2018-09-30__10:43:10 0.11 0.20 0.14 2.86% 44.01 normal
2018-09-30__10:43:15 0.10 0.19 0.14 4.19% 44.01 normal
2018-09-30__10:43:20 0.09 0.19 0.14 4.19% 43.47 normal
2018-09-30__10:43:25 0.08 0.18 0.14 2.84% 44.55 normal
2018-09-30__10:43:30 0.08 0.18 0.14 0.96% 44.55 normal
2018-09-30__10:43:35 0.07 0.18 0.14 3.43% 44.55 normal
2018-09-30__10:43:40 0.07 0.17 0.13 3.27% 44.01 normal
2018-09-30__10:43:45 0.06 0.17 0.13 2.39% 44.55 normal
2018-09-30__10:43:50 0.06 0.17 0.13 2.36% 44.01 normal
2018-09-30__10:43:55 0.05 0.17 0.13 1.44% 44.01 normal
2018-09-30__10:44:00 0.13 0.18 0.14 3.79% 44.55 normal
2018-09-30__10:44:05 0.12 0.18 0.14 3.32% 44.01 normal
2018-09-30__10:44:10 0.11 0.17 0.13 2.40% 44.01 normal
