2018-12-11__16:06:08 0.11 0.29 0.33 1.75% 61.00 note
2018-12-11__16:06:11 0.11 0.29 0.33 2.49% 62.00 note
2018-12-11__16:08:25 0.30 0.30 0.33 2.74% 64.00 note
2018-12-11__16:08:27 0.28 0.30 0.33 2.47% 65.00 note
2018-12-11__16:09:46 0.30 0.30 0.32 3.70% 62.00 note
2018-12-11__16:09:49 0.30 0.30 0.32 4.73% 62.00 note
2018-12-11__16:09:51 0.27 0.29 0.32 1.74% 62.00 note
2018-12-11__16:09:54 0.27 0.29 0.32 7.96% 63.00 note
2018-12-11__16:09:56 0.25 0.29 0.32 3.22% 63.00 note
2018-12-11__16:09:59 0.25 0.29 0.32 2.76% 63.00 note
2018-12-11__16:10:01 0.23 0.28 0.32 1.75% 62.00 note
2018-12-11__16:11:03 0.43 0.34 0.33 4.26% 62.00 note
2018-12-11__16:11:05 0.43 0.34 0.33 2.74% 62.00 note
2018-12-11__16:11:08 0.39 0.33 0.33 3.23% 62.00 note
2018-12-11__16:11:10 0.39 0.33 0.33 2.49% 62.00 note
2018-12-11__16:11:13 0.44 0.34 0.34 3.69% 62.00 note
2018-12-11__16:11:15 0.44 0.34 0.34 5.61% 62.00 note
2018-12-11__16:11:18 0.49 0.35 0.34 7.65% 66.00 note
2018-12-11__16:11:20 0.49 0.35 0.34 10.64% 63.00 note
2018-12-11__16:11:23 0.69 0.40 0.35 4.23% 64.00 note
2018-12-11__16:11:25 0.69 0.40 0.35 5.45% 63.00 note
2018-12-11__16:11:28 0.63 0.39 0.35 2.48% 63.00 note
2018-12-11__16:11:31 0.63 0.39 0.35 3.45% 63.00 note
2018-12-11__16:11:33 0.74 0.42 0.36 6.28% 63.00 note
2018-12-11__16:13:58 0.36 0.36 0.35 3.47% 64.00 note
2018-12-11__16:14:00 0.36 0.36 0.35 2.96% 64.00 note
2018-12-11__16:15:19 0.15 0.30 0.33 4.71% 62.00 note
2018-12-11__16:15:22 0.22 0.31 0.34 2.51% 62.00 note
2018-12-11__16:15:25 0.22 0.31 0.34 2.95% 62.00 note
2018-12-11__16:15:27 0.20 0.31 0.33 3.00% 62.00 note
2018-12-11__16:15:30 0.20 0.31 0.33 1.50% 61.00 note
2018-12-11__16:15:32 0.18 0.30 0.33 2.25% 61.00 note
2018-12-11__16:15:35 0.18 0.30 0.33 6.27% 63.00 note
2018-12-11__16:16:36 0.18 0.28 0.32 4.94% 63.00 note
2018-12-11__16:16:39 0.17 0.27 0.32 6.52% 62.00 note
2018-12-11__16:16:41 0.17 0.27 0.32 2.23% 61.00 note
2018-12-11__16:16:44 0.16 0.27 0.32 5.03% 61.00 note
2018-12-11__16:18:48 0.29 0.27 0.31 4.01% 62.00 note
2018-12-11__16:18:51 0.29 0.27 0.31 2.97% 61.00 note
2018-12-11__16:18:53 0.26 0.27 0.31 1.99% 61.00 note
2018-12-11__16:18:58 0.48 0.31 0.32 2.26% 61.00 note
2018-12-11__16:19:01 0.48 0.31 0.32 2.22% 61.00 note
2018-12-11__16:19:03 0.44 0.31 0.32 2.73% 61.00 note
2018-12-11__16:19:08 0.41 0.30 0.32 1.99% 61.00 note
2018-12-11__16:19:11 0.41 0.30 0.32 2.99% 61.00 note
2018-12-11__16:19:13 0.38 0.29 0.31 2.47% 60.00 note
2018-12-11__16:19:18 0.35 0.29 0.31 2.71% 60.00 note
2018-12-11__16:19:21 0.35 0.29 0.31 3.01% 60.00 note
2018-12-11__16:19:23 0.32 0.28 0.31 1.74% 60.00 note
2018-12-11__16:19:28 0.29 0.28 0.31 1.25% 60.00 note
2018-12-11__16:19:31 0.29 0.28 0.31 2.25% 61.00 note
2018-12-11__16:19:33 0.27 0.27 0.31 1.25% 60.00 note
2018-12-11__16:19:38 0.25 0.27 0.30 3.48% 60.00 note
2018-12-11__16:19:41 0.25 0.27 0.30 1.76% 60.00 note
2018-12-11__16:19:44 0.23 0.26 0.30 2.47% 60.00 note
2018-12-11__16:19:49 0.37 0.29 0.31 2.96% 60.00 note
2018-12-11__16:19:51 0.37 0.29 0.31 2.25% 60.00 note
2018-12-11__16:19:56 0.34 0.29 0.31 3.23% 60.00 note
2018-12-11__16:20:01 0.31 0.28 0.31 2.47% 60.00 note
2018-12-11__16:20:04 0.29 0.28 0.31 3.24% 60.00 note
2018-12-11__16:20:09 0.26 0.27 0.30 3.71% 60.00 note
2018-12-11__16:20:11 0.26 0.27 0.30 2.24% 60.00 note
2018-12-11__16:20:14 0.24 0.27 0.30 2.25% 60.00 note
2018-12-11__16:20:19 0.22 0.26 0.30 2.25% 60.00 note
2018-12-11__16:20:21 0.22 0.26 0.30 2.98% 60.00 note
2018-12-11__16:20:24 0.28 0.28 0.30 4.24% 60.00 note
2018-12-11__16:20:29 0.26 0.27 0.30 3.23% 60.00 note
2018-12-11__16:20:32 0.26 0.27 0.30 1.75% 60.00 note
2018-12-11__16:20:34 0.24 0.27 0.30 2.01% 60.00 note
2018-12-11__16:20:39 0.22 0.26 0.30 2.02% 61.00 note
2018-12-11__16:20:42 0.22 0.26 0.30 2.49% 60.00 note
2018-12-11__16:20:44 0.20 0.26 0.30 2.51% 60.00 note
2018-12-11__16:20:49 0.19 0.25 0.29 1.75% 60.00 note
2018-12-11__16:20:52 0.17 0.25 0.29 3.73% 60.00 note
2018-12-11__16:20:54 0.17 0.25 0.29 2.23% 60.00 note
2018-12-11__16:20:59 0.16 0.25 0.29 3.45% 60.00 note
2018-12-11__16:21:02 0.14 0.24 0.29 3.46% 60.00 note
2018-12-11__16:21:07 0.21 0.25 0.29 2.51% 60.00 note
2018-12-11__16:21:12 0.20 0.25 0.29 11.59% 60.00 note
2018-12-11__16:21:14 0.20 0.25 0.29 10.22% 65.00 note
2018-12-11__16:21:19 0.34 0.28 0.30 4.66% 63.00 note
2018-12-11__16:21:22 0.39 0.29 0.30 4.73% 61.00 note
2018-12-11__16:21:25 0.39 0.29 0.30 3.24% 61.00 note
2018-12-11__16:21:30 0.36 0.29 0.30 2.00% 61.00 note
2018-12-11__16:21:32 0.33 0.28 0.30 2.48% 61.00 note
2018-12-11__16:21:35 0.33 0.28 0.30 5.46% 62.00 note
2018-12-11__16:21:40 0.31 0.28 0.30 3.95% 62.00 note
2018-12-11__16:21:42 0.28 0.27 0.30 1.99% 62.00 note
2018-12-11__16:21:45 0.28 0.27 0.30 3.24% 62.00 note
2018-12-11__16:21:50 0.26 0.27 0.29 2.99% 63.00 note
2018-12-11__16:21:52 0.24 0.26 0.29 4.46% 63.00 note
2018-12-11__16:21:55 0.24 0.26 0.29 3.74% 63.00 note
2018-12-11__16:22:00 0.22 0.26 0.29 2.99% 63.00 note
2018-12-11__16:22:02 0.20 0.25 0.29 6.47% 64.00 note
2018-12-11__16:22:05 0.20 0.25 0.29 3.68% 64.00 note
2018-12-11__16:22:10 0.27 0.27 0.29 4.75% 63.00 note
2018-12-11__16:22:13 0.24 0.26 0.29 3.98% 63.00 note
2018-12-11__16:22:15 0.24 0.26 0.29 1.75% 63.00 note
2018-12-11__16:22:20 0.22 0.26 0.29 2.00% 63.00 note
2018-12-11__16:22:23 0.21 0.25 0.29 2.48% 63.00 note
2018-12-11__16:22:28 0.19 0.25 0.28 2.25% 62.00 note
2018-12-11__16:22:30 0.19 0.25 0.28 2.24% 63.00 note
2018-12-11__16:22:33 0.17 0.24 0.28 8.31% 63.00 note
2018-12-11__16:22:38 0.16 0.24 0.28 2.73% 62.00 note
2018-12-11__16:22:40 0.16 0.24 0.28 2.99% 62.00 note
2018-12-11__16:22:43 0.15 0.23 0.28 3.74% 62.00 note
2018-12-11__16:22:48 0.13 0.23 0.28 3.01% 61.00 note
2018-12-11__16:22:50 0.13 0.23 0.28 2.22% 62.00 note
2018-12-11__16:22:53 0.12 0.23 0.27 4.22% 62.00 note
2018-12-11__16:22:58 0.19 0.24 0.28 6.84% 66.00 note
2018-12-11__16:23:00 0.19 0.24 0.28 9.27% 63.00 note
2018-12-11__16:23:03 0.18 0.23 0.28 18.80% 65.00 note
2018-12-11__16:23:08 0.40 0.28 0.29 20.44% 67.00 note
2018-12-11__16:23:11 0.40 0.28 0.29 2.72% 63.00 note
2018-12-11__16:23:13 0.37 0.28 0.29 4.22% 63.00 note
2018-12-11__16:23:18 0.34 0.27 0.29 25.81% 69.00 note
2018-12-11__16:23:21 0.34 0.27 0.29 4.70% 68.00 note
2018-12-11__16:23:26 0.31 0.27 0.29 42.89% 72.00 warning
2018-12-11__16:23:28 0.29 0.26 0.28 8.58% 66.00 note
2018-12-11__16:23:31 0.29 0.26 0.28 5.99% 64.00 note
2018-12-11__16:23:36 0.27 0.26 0.28 7.75% 65.00 note
2018-12-11__16:23:38 0.24 0.25 0.28 2.97% 64.00 note
2018-12-11__16:23:41 0.24 0.25 0.28 11.99% 64.00 note
2018-12-11__16:23:46 0.38 0.28 0.29 9.38% 64.00 note
2018-12-11__16:23:49 0.35 0.28 0.29 6.95% 65.00 note
2018-12-11__16:23:51 0.35 0.28 0.29 11.53% 65.00 note
2018-12-11__16:23:56 0.33 0.27 0.28 15.52% 65.00 note
2018-12-11__16:23:59 0.38 0.28 0.29 6.72% 65.00 note
2018-12-11__16:24:01 0.38 0.28 0.29 17.75% 65.00 note
2018-12-11__16:24:06 0.35 0.28 0.29 12.71% 66.00 note
2018-12-11__16:24:09 0.32 0.27 0.28 9.85% 66.00 note
2018-12-11__16:24:11 0.32 0.27 0.28 10.40% 67.00 note
2018-12-11__16:24:16 0.29 0.27 0.28 16.22% 70.00 note
2018-12-11__16:24:19 0.67 0.35 0.31 31.41% 75.00 warning
2018-12-11__16:24:26 0.94 0.41 0.33 14.50% 71.00 warning
2018-12-11__16:24:29 0.86 0.40 0.33 17.56% 70.00 note
2018-12-11__16:24:34 0.79 0.40 0.32 10.10% 68.00 note
2018-12-11__16:24:37 0.79 0.40 0.32 15.86% 68.00 note
2018-12-11__16:24:39 0.97 0.44 0.34 48.79% 74.00 warning
2018-12-11__16:24:44 0.97 0.45 0.34 2.02% 67.00 note
2018-12-11__16:24:47 0.97 0.45 0.34 2.02% 67.00 note
2018-12-11__16:24:49 0.89 0.44 0.34 7.37% 67.00 note
2018-12-11__16:24:54 0.82 0.43 0.34 9.45% 68.00 note
2018-12-11__16:24:57 0.82 0.43 0.34 11.14% 68.00 note
2018-12-11__16:24:59 0.92 0.46 0.35 18.14% 69.00 note
2018-12-11__16:25:04 1.32 0.55 0.38 14.79% 67.00 note
2018-12-11__16:25:07 1.22 0.54 0.38 2.49% 69.00 note
2018-12-11__16:25:09 1.22 0.54 0.38 3.23% 66.00 note
2018-12-11__16:25:15 1.12 0.53 0.37 1.50% 66.00 note
2018-12-11__16:25:17 1.03 0.52 0.37 7.02% 65.00 note
2018-12-11__16:25:22 1.03 0.53 0.37 2.71% 65.00 note
2018-12-11__16:25:25 1.03 0.53 0.37 2.49% 64.00 note
2018-12-11__16:25:27 0.95 0.52 0.37 2.72% 66.00 note
2018-12-11__16:25:32 0.87 0.51 0.37 1.50% 65.00 note
2018-12-11__16:25:35 0.87 0.51 0.37 2.24% 65.00 note
2018-12-11__16:25:37 0.96 0.54 0.38 2.23% 66.00 note
2018-12-11__16:25:42 0.88 0.53 0.38 12.87% 68.00 note
2018-12-11__16:25:45 0.88 0.53 0.38 16.21% 69.00 note
2018-12-11__16:25:47 0.81 0.52 0.37 32.75% 69.00 note
2018-12-11__16:25:52 0.75 0.51 0.37 12.94% 70.00 note
2018-12-11__16:25:55 0.75 0.51 0.37 5.72% 69.00 note
2018-12-11__16:25:58 0.77 0.52 0.37 10.83% 70.00 note
2018-12-11__16:26:03 0.71 0.51 0.37 26.13% 70.00 note
2018-12-11__16:26:05 0.71 0.51 0.37 8.75% 71.00 warning
2018-12-11__16:26:08 0.73 0.52 0.38 2.76% 71.00 warning
2018-12-11__16:26:13 0.67 0.51 0.37 10.28% 68.00 note
2018-12-11__16:26:15 0.67 0.51 0.37 11.03% 69.00 note
2018-12-11__16:26:20 0.62 0.50 0.37 27.09% 73.00 warning
2018-12-11__16:26:23 1.05 0.59 0.40 16.29% 74.00 warning
2018-12-11__16:26:25 1.05 0.59 0.40 40.59% 75.00 warning
2018-12-11__16:26:30 1.04 0.60 0.40 2.24% 69.00 note
2018-12-11__16:26:33 1.04 0.61 0.41 21.36% 67.00 note
2018-12-11__16:26:36 1.04 0.61 0.41 2.00% 66.00 note
2018-12-11__16:26:41 1.04 0.61 0.41 5.43% 67.00 note
2018-12-11__16:26:43 0.95 0.60 0.41 2.26% 66.00 note
2018-12-11__16:26:46 0.95 0.60 0.41 2.50% 66.00 note
2018-12-11__16:26:51 0.88 0.59 0.41 1.75% 65.00 note
2018-12-11__16:26:53 0.81 0.58 0.40 1.75% 65.00 note
2018-12-11__16:26:56 0.81 0.58 0.40 2.72% 65.00 note
2018-12-11__16:27:01 0.74 0.57 0.40 1.75% 65.00 note
2018-12-11__16:27:03 0.68 0.56 0.40 2.97% 65.00 note
2018-12-11__16:27:06 0.68 0.56 0.40 9.38% 67.00 note
2018-12-11__16:27:11 0.63 0.55 0.40 3.72% 67.00 note
2018-12-11__16:27:13 0.58 0.54 0.39 4.69% 67.00 note
2018-12-11__16:27:19 0.53 0.54 0.39 16.91% 70.00 note
2018-12-11__16:27:21 0.53 0.54 0.39 5.26% 68.00 note
2018-12-11__16:27:24 0.65 0.56 0.40 11.85% 69.00 note
2018-12-11__16:27:29 0.60 0.55 0.40 3.48% 66.00 note
2018-12-11__16:27:31 0.60 0.55 0.40 1.75% 66.00 note
2018-12-11__16:27:34 0.55 0.54 0.40 8.91% 67.00 note
2018-12-11__16:27:39 0.50 0.53 0.39 3.00% 65.00 note
2018-12-11__16:27:41 0.50 0.53 0.39 5.34% 66.00 note
2018-12-11__16:27:44 0.46 0.52 0.39 6.48% 66.00 note
2018-12-11__16:27:49 0.51 0.53 0.39 2.26% 72.00 warning
2018-12-11__16:27:51 0.51 0.53 0.39 5.30% 68.00 note
2018-12-11__16:27:54 0.47 0.52 0.39 15.92% 69.00 note
2018-12-11__16:27:59 0.59 0.55 0.40 19.11% 70.00 note
2018-12-11__16:28:02 0.59 0.55 0.40 7.44% 68.00 note
2018-12-11__16:28:04 0.62 0.55 0.40 22.11% 67.00 note
2018-12-11__16:28:09 0.57 0.54 0.40 3.25% 66.00 note
2018-12-11__16:28:12 0.57 0.54 0.40 2.72% 66.00 note
2018-12-11__16:28:17 0.53 0.54 0.40 1.50% 66.00 note
2018-12-11__16:28:19 0.48 0.53 0.40 5.69% 65.00 note
2018-12-11__16:28:22 0.48 0.53 0.40 2.76% 65.00 note
2018-12-11__16:28:27 0.44 0.52 0.39 5.24% 64.00 note
2018-12-11__16:28:29 0.49 0.53 0.40 2.95% 64.00 note
2018-12-11__16:28:32 0.49 0.53 0.40 2.00% 65.00 note
2018-12-11__16:28:37 0.53 0.53 0.40 2.26% 64.00 note
2018-12-11__16:28:39 0.49 0.52 0.40 1.98% 64.00 note
2018-12-11__16:28:42 0.49 0.52 0.40 4.26% 65.00 note
2018-12-11__16:28:47 0.53 0.53 0.40 5.25% 68.00 note
2018-12-11__16:28:50 0.49 0.52 0.40 1.99% 65.00 note
2018-12-11__16:28:52 0.53 0.53 0.40 5.67% 65.00 note
2018-12-11__16:28:57 0.65 0.56 0.41 1.25% 65.00 note
2018-12-11__16:29:00 0.65 0.56 0.41 2.72% 65.00 note
2018-12-11__16:29:02 0.59 0.55 0.41 5.99% 65.00 note
2018-12-11__16:29:07 0.55 0.54 0.41 3.55% 67.00 note
2018-12-11__16:29:10 0.55 0.54 0.41 3.76% 66.00 note
2018-12-11__16:29:15 0.50 0.53 0.40 2.74% 66.00 note
2018-12-11__16:29:17 0.54 0.54 0.41 2.48% 66.00 note
2018-12-11__16:29:20 0.54 0.54 0.41 7.13% 71.00 warning
2018-12-11__16:29:25 0.50 0.53 0.41 6.78% 70.00 note
2018-12-11__16:29:28 0.46 0.52 0.40 2.98% 68.00 note
2018-12-11__16:29:30 0.46 0.52 0.40 5.71% 67.00 note
2018-12-11__16:29:35 0.42 0.51 0.40 4.69% 66.00 note
2018-12-11__16:29:38 0.47 0.52 0.40 5.74% 74.00 warning
2018-12-11__16:29:40 0.47 0.52 0.40 2.71% 67.00 note
2018-12-11__16:41:58 0.26 0.30 0.34 4.94% 64.00 note
2018-12-11__16:42:03 0.24 0.29 0.34 5.25% 65.00 note
2018-12-11__16:42:06 0.24 0.29 0.34 2.98% 64.00 note
2018-12-11__16:42:11 0.22 0.29 0.33 3.72% 65.00 note
2018-12-11__16:42:13 0.28 0.30 0.34 2.47% 64.00 note
2018-12-11__16:42:16 0.28 0.30 0.34 6.50% 65.00 note
2018-12-11__16:42:21 0.26 0.29 0.34 5.72% 65.00 note
2018-12-11__16:42:23 0.24 0.29 0.33 2.23% 65.00 note
2018-12-11__16:42:26 0.24 0.29 0.33 3.98% 65.00 note
2018-12-11__16:42:31 0.22 0.28 0.33 2.99% 65.00 note
2018-12-11__16:42:33 0.20 0.28 0.33 2.23% 65.00 note
2018-12-11__16:42:36 0.20 0.28 0.33 2.00% 65.00 note
2018-12-11__16:42:41 0.27 0.29 0.33 2.50% 64.00 note
2018-12-11__16:42:43 0.24 0.29 0.33 1.00% 64.00 note
2018-12-11__16:42:46 0.24 0.29 0.33 4.74% 64.00 note
2018-12-11__16:42:51 0.22 0.28 0.33 3.71% 63.00 note
2018-12-11__16:42:54 0.21 0.28 0.33 3.49% 63.00 note
2018-12-11__16:42:56 0.21 0.28 0.33 2.00% 65.00 note
2018-12-11__16:43:01 0.19 0.27 0.33 2.00% 64.00 note
2018-12-11__16:43:04 0.17 0.27 0.32 6.78% 65.00 note
2018-12-11__16:43:06 0.17 0.27 0.32 2.97% 64.00 note
2018-12-11__16:43:11 0.16 0.26 0.32 3.74% 64.00 note
2018-12-11__16:43:14 0.23 0.27 0.33 4.49% 64.00 note
2018-12-11__16:43:19 0.21 0.27 0.32 1.75% 64.00 note
2018-12-11__16:43:21 0.21 0.27 0.32 1.99% 64.00 note
2018-12-11__16:43:24 0.19 0.27 0.32 3.45% 64.00 note
2018-12-11__16:43:29 0.18 0.26 0.32 3.46% 64.00 note
2018-12-11__16:43:31 0.18 0.26 0.32 2.71% 64.00 note
2018-12-11__16:43:34 0.16 0.26 0.32 7.27% 65.00 note
2018-12-11__16:43:39 0.15 0.25 0.32 5.19% 64.00 note
2018-12-11__16:43:42 0.15 0.25 0.32 3.47% 66.00 note
2018-12-11__16:43:44 0.14 0.25 0.31 7.43% 65.00 note
2018-12-11__16:43:49 0.12 0.24 0.31 4.91% 65.00 note
2018-12-11__16:43:52 0.12 0.24 0.31 5.16% 65.00 note
2018-12-11__16:43:54 0.11 0.24 0.31 4.48% 65.00 note
2018-12-11__16:43:59 0.11 0.23 0.31 4.82% 65.00 note
2018-12-11__16:44:02 0.11 0.23 0.31 2.98% 65.00 note
2018-12-11__16:44:04 0.10 0.23 0.31 2.74% 65.00 note
2018-12-11__16:44:09 0.17 0.24 0.31 2.49% 65.00 note
2018-12-11__16:44:12 0.17 0.24 0.31 5.21% 65.00 note
2018-12-11__16:44:14 0.24 0.26 0.31 4.95% 65.00 note
2018-12-11__16:44:19 0.22 0.25 0.31 3.44% 65.00 note
2018-12-11__16:44:22 0.22 0.25 0.31 2.74% 65.00 note
2018-12-11__16:44:29 0.18 0.24 0.31 2.49% 64.00 note
2018-12-11__16:44:32 0.18 0.24 0.31 4.76% 65.00 note
2018-12-11__16:44:37 0.17 0.24 0.31 3.22% 64.00 note
2018-12-11__16:44:40 0.24 0.25 0.31 3.22% 64.00 note
2018-12-11__16:44:42 0.24 0.25 0.31 5.46% 65.00 note
2018-12-11__16:44:47 0.22 0.25 0.31 1.99% 64.00 note
2018-12-11__16:44:50 0.20 0.24 0.31 2.99% 64.00 note
2018-12-11__16:44:52 0.20 0.24 0.31 1.98% 65.00 note
2018-12-11__16:44:57 0.18 0.24 0.30 1.00% 64.00 note
2018-12-11__16:45:00 0.17 0.23 0.30 3.54% 64.00 note
2018-12-11__16:45:03 0.15 0.23 0.30 12.19% 66.00 note
2018-12-11__16:45:06 0.15 0.23 0.30 6.44% 66.00 note
2018-12-11__16:45:08 0.22 0.24 0.30 7.65% 65.00 note
2018-12-11__16:45:11 0.22 0.24 0.30 4.71% 65.00 note
2018-12-11__16:45:13 0.20 0.24 0.30 3.24% 66.00 note
2018-12-11__16:45:16 0.20 0.24 0.30 6.75% 67.00 note
2018-12-11__16:45:18 0.27 0.25 0.31 18.99% 69.00 note
2018-12-11__16:45:21 0.27 0.25 0.31 3.03% 67.00 note
2018-12-11__16:45:23 0.25 0.25 0.30 2.25% 66.00 note
2018-12-11__16:45:26 0.25 0.25 0.30 2.75% 66.00 note
2018-12-11__16:45:28 0.23 0.24 0.30 1.75% 66.00 note
2018-12-11__16:45:31 0.23 0.24 0.30 3.27% 65.00 note
2018-12-11__16:45:33 0.29 0.25 0.31 4.01% 73.00 warning
2018-12-11__16:45:36 0.29 0.25 0.31 7.98% 66.00 note
2018-12-11__16:45:38 0.35 0.27 0.31 6.25% 66.00 note
2018-12-11__16:45:41 0.35 0.27 0.31 2.23% 64.00 note
2018-12-11__16:45:43 0.32 0.26 0.31 2.47% 64.00 note
2018-12-11__16:45:46 0.32 0.26 0.31 2.26% 64.00 note
2018-12-11__16:45:49 0.29 0.26 0.31 4.53% 64.00 note
2018-12-11__16:45:51 0.29 0.26 0.31 6.95% 65.00 note
2018-12-11__16:45:54 0.27 0.25 0.30 17.87% 69.00 note
2018-12-11__16:45:56 0.27 0.25 0.30 4.93% 65.00 note
2018-12-11__16:45:59 0.25 0.25 0.30 3.97% 65.00 note
2018-12-11__16:46:01 0.25 0.25 0.30 2.24% 65.00 note
2018-12-11__16:46:04 0.23 0.25 0.30 4.71% 65.00 note
2018-12-11__16:46:06 0.23 0.25 0.30 6.68% 65.00 note
2018-12-11__16:46:09 0.21 0.24 0.30 6.72% 64.00 note
2018-12-11__16:46:11 0.21 0.24 0.30 3.45% 64.00 note
2018-12-11__16:46:14 0.19 0.24 0.30 6.65% 64.00 note
2018-12-11__16:46:16 0.19 0.24 0.30 2.71% 64.00 note
2018-12-11__16:46:19 0.18 0.23 0.29 2.01% 64.00 note
2018-12-11__16:46:21 0.18 0.23 0.29 2.73% 63.00 note
2018-12-11__16:46:24 0.16 0.23 0.29 2.26% 63.00 note
2018-12-11__16:46:26 0.16 0.23 0.29 3.72% 64.00 note
2018-12-11__16:46:29 0.23 0.24 0.30 2.01% 64.00 note
2018-12-11__16:46:31 0.23 0.24 0.30 3.21% 64.00 note
2018-12-11__16:46:34 0.21 0.24 0.29 2.24% 64.00 note
2018-12-11__16:46:36 0.21 0.24 0.29 4.76% 64.00 note
2018-12-11__16:46:39 0.19 0.23 0.29 4.94% 64.00 note
2018-12-11__16:46:42 0.19 0.23 0.29 1.75% 64.00 note
2018-12-11__16:46:44 0.18 0.23 0.29 5.90% 64.00 note
2018-12-11__16:46:47 0.18 0.23 0.29 1.99% 64.00 note
2018-12-11__16:46:49 0.24 0.24 0.29 3.45% 64.00 note
2018-12-11__16:46:52 0.24 0.24 0.29 3.24% 64.00 note
2018-12-11__16:46:54 0.22 0.24 0.29 1.50% 64.00 note
2018-12-11__16:46:57 0.22 0.24 0.29 2.49% 64.00 note
2018-12-11__16:46:59 0.21 0.23 0.29 3.70% 64.00 note
2018-12-11__16:47:02 0.21 0.23 0.29 3.46% 64.00 note
2018-12-11__16:47:04 0.19 0.23 0.29 2.95% 64.00 note
2018-12-11__16:47:07 0.19 0.23 0.29 7.00% 64.00 note
2018-12-11__16:47:09 0.17 0.22 0.29 3.21% 64.00 note
2018-12-11__16:47:12 0.17 0.22 0.29 5.94% 64.00 note
2018-12-11__16:47:14 0.16 0.22 0.28 2.24% 65.00 note
2018-12-11__16:47:17 0.16 0.22 0.28 2.97% 65.00 note
2018-12-11__16:47:19 0.15 0.22 0.28 3.72% 65.00 note
2018-12-11__16:47:22 0.15 0.22 0.28 3.51% 65.00 note
2018-12-11__16:47:24 0.13 0.21 0.28 2.23% 65.00 note
2018-12-11__16:47:27 0.13 0.21 0.28 3.51% 65.00 note
2018-12-11__16:47:33 0.27 0.24 0.29 6.45% 65.00 note
2018-12-11__16:47:36 0.27 0.24 0.29 8.13% 65.00 note
2018-12-11__16:47:38 0.25 0.24 0.29 4.89% 65.00 note
2018-12-11__16:47:43 0.23 0.23 0.28 2.99% 65.00 note
2018-12-11__16:47:46 0.23 0.23 0.28 3.69% 65.00 note
2018-12-11__16:47:51 0.21 0.23 0.28 9.70% 65.00 note
2018-12-11__16:47:53 0.19 0.22 0.28 3.98% 65.00 note
2018-12-11__16:47:56 0.19 0.22 0.28 2.53% 65.00 note
2018-12-11__16:48:01 0.17 0.22 0.28 2.77% 65.00 note
2018-12-11__16:48:04 0.32 0.25 0.29 2.30% 65.00 note
2018-12-11__16:48:06 0.32 0.25 0.29 7.58% 66.00 note
2018-12-11__16:48:11 0.30 0.24 0.29 8.09% 66.00 note
2018-12-11__16:48:14 0.51 0.29 0.30 4.75% 67.00 note
2018-12-11__16:48:16 0.51 0.29 0.30 2.49% 66.00 note
2018-12-11__16:48:21 0.47 0.29 0.30 2.96% 65.00 note
2018-12-11__16:48:24 0.43 0.28 0.30 4.98% 65.00 note
2018-12-11__16:48:26 0.43 0.28 0.30 5.90% 65.00 note
2018-12-11__16:48:31 0.48 0.29 0.30 2.24% 64.00 note
2018-12-11__16:48:34 0.44 0.29 0.30 3.97% 64.00 note
2018-12-11__16:48:36 0.44 0.29 0.30 2.49% 64.00 note
2018-12-11__16:48:41 0.40 0.28 0.30 3.20% 63.00 note
2018-12-11__16:48:44 0.37 0.28 0.29 3.23% 63.00 note
2018-12-11__16:48:47 0.37 0.28 0.29 6.20% 65.00 note
2018-12-11__16:48:52 0.34 0.27 0.29 1.50% 64.00 note
2018-12-11__16:48:54 0.31 0.27 0.29 3.97% 64.00 note
2018-12-11__16:48:59 0.29 0.26 0.29 2.74% 63.00 note
2018-12-11__16:49:02 0.29 0.26 0.29 2.99% 64.00 note
2018-12-11__16:49:04 0.27 0.26 0.29 2.49% 64.00 note
2018-12-11__16:49:09 0.24 0.25 0.29 1.50% 64.00 note
2018-12-11__16:49:12 0.24 0.25 0.29 3.95% 64.00 note
2018-12-11__16:49:14 0.22 0.25 0.28 3.47% 64.00 note
2018-12-11__16:49:19 0.21 0.25 0.28 2.98% 64.00 note
2018-12-11__16:49:22 0.21 0.25 0.28 6.93% 64.00 note
2018-12-11__16:49:24 0.19 0.24 0.28 2.49% 64.00 note
2018-12-11__16:49:29 0.17 0.24 0.28 2.72% 65.00 note
2018-12-11__16:49:32 0.17 0.24 0.28 2.74% 65.00 note
2018-12-11__16:49:35 0.16 0.23 0.28 2.74% 64.00 note
2018-12-11__16:49:40 0.15 0.23 0.27 2.24% 64.00 note
2018-12-11__16:49:42 0.15 0.23 0.27 2.75% 64.00 note
2018-12-11__16:49:45 0.13 0.22 0.27 3.93% 65.00 note
2018-12-11__16:49:50 0.12 0.22 0.27 6.22% 65.00 note
2018-12-11__16:49:52 0.12 0.22 0.27 3.93% 65.00 note
2018-12-11__16:49:55 0.11 0.22 0.27 3.23% 65.00 note
2018-12-11__16:50:00 0.18 0.23 0.27 2.74% 65.00 note
2018-12-11__16:50:02 0.18 0.23 0.27 3.44% 65.00 note
2018-12-11__16:50:07 0.33 0.26 0.28 9.88% 65.00 note
2018-12-11__16:50:10 0.38 0.27 0.29 3.23% 65.00 note
2018-12-11__16:50:12 0.38 0.27 0.29 2.49% 65.00 note
2018-12-11__16:50:17 0.35 0.27 0.28 2.49% 65.00 note
2018-12-11__16:50:20 0.32 0.26 0.28 4.47% 66.00 note
2018-12-11__16:50:22 0.32 0.26 0.28 4.20% 65.00 note
2018-12-11__16:50:28 0.30 0.26 0.28 3.45% 64.00 note
2018-12-11__16:50:30 0.35 0.27 0.28 3.48% 64.00 note
2018-12-11__16:50:33 0.35 0.27 0.28 2.97% 64.00 note
2018-12-11__16:50:38 0.33 0.27 0.28 3.99% 64.00 note
2018-12-11__16:50:40 0.30 0.26 0.28 4.38% 64.00 note
2018-12-11__16:50:43 0.30 0.26 0.28 3.94% 63.00 note
2018-12-11__16:50:48 0.27 0.26 0.28 3.01% 64.00 note
2018-12-11__16:50:50 0.25 0.25 0.28 2.74% 64.00 note
2018-12-11__16:50:53 0.25 0.25 0.28 4.21% 64.00 note
2018-12-11__16:50:58 0.23 0.25 0.27 2.50% 63.00 note
2018-12-11__16:51:00 0.21 0.24 0.27 3.95% 63.00 note
2018-12-11__16:51:05 0.20 0.24 0.27 2.24% 63.00 note
2018-12-11__16:51:08 0.20 0.24 0.27 5.01% 63.00 note
2018-12-11__16:51:10 0.34 0.27 0.28 2.74% 62.00 note
2018-12-11__16:51:16 0.31 0.26 0.28 4.22% 62.00 note
2018-12-11__16:51:18 0.31 0.26 0.28 3.75% 63.00 note
2018-12-11__16:51:21 0.29 0.26 0.28 2.24% 62.00 note
2018-12-11__16:51:26 0.34 0.27 0.28 2.99% 63.00 note
2018-12-11__16:51:28 0.32 0.27 0.28 1.75% 63.00 note
2018-12-11__16:51:31 0.32 0.27 0.28 4.68% 63.00 note
2018-12-11__16:51:36 0.29 0.26 0.28 3.74% 63.00 note
2018-12-11__16:51:38 0.27 0.26 0.27 3.74% 63.00 note
2018-12-11__16:51:41 0.27 0.26 0.27 5.96% 63.00 note
2018-12-11__16:51:46 0.25 0.25 0.27 1.76% 63.00 note
2018-12-11__16:51:48 0.39 0.28 0.28 2.24% 63.00 note
2018-12-11__16:51:51 0.39 0.28 0.28 2.50% 63.00 note
2018-12-11__16:51:56 0.36 0.28 0.28 13.50% 65.00 note
2018-12-11__16:51:59 0.33 0.27 0.28 5.62% 64.00 note
2018-12-11__16:52:01 0.33 0.27 0.28 3.23% 63.00 note
2018-12-11__16:52:06 0.30 0.27 0.28 3.50% 63.00 note
2018-12-11__16:52:09 0.68 0.35 0.30 5.51% 64.00 note
2018-12-11__16:52:14 0.70 0.36 0.31 3.53% 63.00 note
2018-12-11__16:52:16 0.70 0.36 0.31 5.46% 64.00 note
2018-12-11__16:52:19 0.81 0.39 0.31 3.00% 63.00 note
2018-12-11__16:52:24 0.74 0.38 0.31 3.48% 63.00 note
2018-12-11__16:52:26 0.74 0.38 0.31 3.94% 63.00 note
2018-12-11__16:52:29 0.68 0.37 0.31 2.25% 63.00 note
2018-12-11__16:52:34 1.03 0.45 0.34 7.41% 63.00 note
2018-12-11__16:52:36 1.03 0.45 0.34 7.48% 63.00 note
2018-12-11__16:52:39 0.95 0.44 0.33 9.63% 63.00 note
2018-12-11__16:52:44 0.87 0.43 0.33 4.74% 62.00 note
2018-12-11__16:52:47 0.87 0.43 0.33 2.48% 62.00 note
2018-12-11__16:52:49 0.80 0.43 0.33 5.04% 63.00 note
2018-12-11__16:52:54 0.74 0.42 0.33 2.98% 63.00 note
2018-12-11__16:52:57 0.74 0.42 0.33 6.28% 63.00 note
2018-12-11__16:52:59 0.68 0.41 0.33 2.24% 62.00 note
2018-12-11__16:53:04 0.62 0.40 0.32 3.24% 63.00 note
2018-12-11__16:53:07 0.62 0.40 0.32 5.45% 63.00 note
2018-12-11__16:53:12 0.57 0.40 0.32 6.19% 63.00 note
2018-12-11__16:53:14 0.53 0.39 0.32 2.97% 63.00 note
2018-12-11__16:53:17 0.53 0.39 0.32 2.49% 63.00 note
2018-12-11__16:53:22 0.48 0.38 0.32 5.53% 64.00 note
2018-12-11__16:53:24 0.53 0.39 0.32 4.21% 63.00 note
2018-12-11__16:53:27 0.53 0.39 0.32 3.96% 64.00 note
2018-12-11__16:53:32 0.48 0.39 0.32 6.08% 64.00 note
2018-12-11__16:53:35 0.44 0.38 0.32 4.99% 65.00 note
2018-12-11__16:53:37 0.44 0.38 0.32 10.40% 65.00 note
2018-12-11__16:53:42 0.41 0.37 0.32 12.35% 65.00 note
2018-12-11__16:53:45 0.54 0.40 0.33 7.71% 65.00 note
2018-12-11__16:53:47 0.54 0.40 0.33 7.14% 65.00 note
2018-12-11__16:53:52 0.49 0.39 0.32 6.75% 65.00 note
2018-12-11__16:53:55 0.53 0.41 0.33 5.91% 64.00 note
2018-12-11__16:53:57 0.53 0.41 0.33 6.68% 64.00 note
2018-12-11__16:54:02 0.49 0.40 0.33 6.48% 64.00 note
2018-12-11__16:54:05 0.45 0.39 0.32 6.47% 64.00 note
2018-12-11__16:54:10 0.41 0.38 0.32 7.04% 64.00 note
2018-12-11__16:54:13 0.41 0.38 0.32 10.24% 63.00 note
2018-12-11__16:54:15 0.46 0.39 0.33 3.47% 63.00 note
2018-12-11__16:54:20 0.42 0.39 0.32 4.44% 63.00 note
2018-12-11__16:54:23 0.42 0.39 0.32 2.50% 63.00 note
2018-12-11__16:54:25 0.47 0.40 0.33 1.99% 63.00 note
2018-12-11__16:54:30 0.43 0.39 0.33 2.73% 63.00 note
2018-12-11__16:54:33 0.43 0.39 0.33 4.24% 63.00 note
2018-12-11__16:54:35 0.56 0.42 0.34 5.16% 63.00 note
2018-12-11__16:54:40 0.51 0.41 0.33 3.24% 63.00 note
2018-12-11__16:54:43 0.51 0.41 0.33 2.76% 63.00 note
2018-12-11__16:54:45 0.47 0.40 0.33 3.71% 63.00 note
2018-12-11__16:54:50 0.43 0.40 0.33 2.72% 63.00 note
2018-12-11__16:54:53 0.43 0.40 0.33 3.23% 63.00 note
2018-12-11__16:54:56 0.40 0.39 0.33 2.73% 63.00 note
2018-12-11__16:55:01 0.37 0.38 0.33 7.44% 64.00 note
2018-12-11__16:55:03 0.37 0.38 0.33 7.69% 65.00 note
2018-12-11__16:55:08 0.34 0.38 0.32 6.86% 66.00 note
2018-12-11__16:55:11 0.31 0.37 0.32 5.75% 65.00 note
2018-12-11__16:55:13 0.31 0.37 0.32 1.75% 64.00 note
2018-12-11__16:55:18 0.28 0.36 0.32 5.21% 64.00 note
2018-12-11__16:55:21 0.26 0.36 0.32 10.42% 64.00 note
2018-12-11__16:55:23 0.40 0.39 0.33 5.38% 64.00 note
2018-12-11__16:55:28 0.45 0.40 0.33 5.24% 64.00 note
2018-12-11__16:55:31 0.45 0.40 0.33 8.52% 64.00 note
2018-12-11__16:55:33 0.41 0.39 0.33 3.23% 64.00 note
2018-12-11__16:55:39 0.38 0.38 0.33 1.75% 63.00 note
2018-12-11__16:55:41 0.38 0.38 0.33 4.24% 63.00 note
2018-12-11__16:55:44 0.51 0.41 0.34 10.68% 67.00 note
2018-12-11__16:55:49 0.47 0.40 0.33 2.76% 63.00 note
2018-12-11__16:55:51 0.47 0.40 0.33 4.19% 63.00 note
2018-12-11__16:55:54 0.51 0.41 0.34 2.97% 63.00 note
2018-12-11__16:55:59 0.47 0.41 0.34 2.98% 64.00 note
2018-12-11__16:56:01 0.47 0.41 0.34 3.97% 63.00 note
2018-12-11__16:56:06 0.43 0.40 0.33 3.71% 64.00 note
2018-12-11__16:56:09 0.40 0.39 0.33 2.76% 64.00 note
2018-12-11__16:56:11 0.40 0.39 0.33 2.71% 64.00 note
2018-12-11__16:56:16 0.45 0.40 0.34 2.72% 64.00 note
2018-12-11__16:56:19 0.41 0.39 0.33 2.26% 64.00 note
2018-12-11__16:56:22 0.41 0.39 0.33 1.50% 63.00 note
2018-12-11__16:56:27 0.38 0.39 0.33 1.74% 64.00 note
2018-12-11__16:56:29 0.35 0.38 0.33 4.20% 64.00 note
2018-12-11__16:56:32 0.35 0.38 0.33 2.72% 64.00 note
2018-12-11__16:56:37 0.32 0.37 0.33 3.45% 64.00 note
2018-12-11__16:56:39 0.29 0.37 0.33 2.24% 64.00 note
2018-12-11__16:56:42 0.29 0.37 0.33 6.95% 64.00 note
2018-12-11__16:56:47 0.27 0.36 0.32 3.45% 64.00 note
2018-12-11__16:56:49 0.33 0.37 0.33 4.22% 64.00 note
2018-12-11__16:56:54 0.30 0.37 0.33 2.00% 64.00 note
2018-12-11__16:56:57 0.30 0.37 0.33 4.49% 64.00 note
2018-12-11__16:56:59 0.28 0.36 0.32 2.72% 64.00 note
2018-12-11__16:57:05 0.25 0.35 0.32 2.97% 64.00 note
2018-12-11__16:57:07 0.25 0.35 0.32 2.24% 64.00 note
2018-12-11__16:57:10 0.23 0.35 0.32 3.73% 64.00 note
2018-12-11__16:57:15 0.30 0.36 0.32 3.46% 64.00 note
2018-12-11__16:57:17 0.30 0.36 0.32 2.72% 64.00 note
2018-12-11__16:57:20 0.27 0.35 0.32 4.50% 64.00 note
2018-12-11__16:57:25 0.25 0.35 0.32 2.24% 63.00 note
2018-12-11__16:57:27 0.25 0.35 0.32 2.23% 64.00 note
2018-12-11__16:57:30 0.23 0.34 0.32 3.52% 64.00 note
2018-12-11__16:57:35 0.21 0.33 0.32 6.16% 64.00 note
2018-12-11__16:57:37 0.21 0.33 0.32 2.48% 64.00 note
2018-12-11__16:57:40 0.19 0.33 0.31 3.47% 64.00 note
2018-12-11__16:57:45 0.18 0.32 0.31 2.23% 64.00 note
2018-12-11__16:57:48 0.18 0.32 0.31 2.96% 64.00 note
2018-12-11__16:57:53 0.16 0.32 0.31 2.48% 65.00 note
2018-12-11__16:57:55 0.15 0.31 0.31 3.46% 65.00 note
2018-12-11__16:57:58 0.15 0.31 0.31 3.53% 64.00 note
2018-12-11__16:58:03 0.22 0.32 0.31 3.48% 64.00 note
2018-12-11__16:58:05 0.28 0.34 0.32 2.72% 65.00 note
2018-12-11__16:58:08 0.28 0.34 0.32 3.46% 65.00 note
2018-12-11__16:58:13 0.26 0.33 0.31 3.71% 64.00 note
2018-12-11__16:58:15 0.24 0.32 0.31 2.72% 65.00 note
2018-12-11__16:58:18 0.24 0.32 0.31 4.55% 65.00 note
2018-12-11__16:58:23 0.22 0.32 0.31 3.21% 65.00 note
2018-12-11__17:01:55 0.27 0.30 0.30 3.23% 64.00 note
2018-12-11__17:02:00 0.25 0.29 0.30 2.23% 64.00 note
2018-12-11__17:02:02 0.25 0.29 0.30 2.02% 64.00 note
2018-12-11__17:02:05 0.23 0.29 0.30 2.97% 64.00 note
2018-12-11__17:02:10 0.29 0.30 0.30 3.47% 65.00 note
2018-12-11__17:02:12 0.29 0.30 0.30 6.72% 65.00 note
2018-12-11__17:02:17 0.35 0.31 0.30 3.68% 64.00 note
2018-12-11__17:02:20 0.48 0.34 0.31 4.20% 64.00 note
2018-12-11__17:02:22 0.48 0.34 0.31 3.72% 64.00 note
2018-12-11__17:02:27 0.44 0.33 0.31 2.99% 64.00 note
2018-12-11__17:02:30 0.40 0.33 0.31 4.24% 63.00 note
2018-12-11__17:02:32 0.40 0.33 0.31 1.25% 64.00 note
2018-12-11__17:02:37 0.53 0.36 0.32 5.68% 65.00 note
2018-12-11__17:02:40 0.49 0.35 0.32 2.76% 64.00 note
2018-12-11__17:02:42 0.49 0.35 0.32 3.97% 64.00 note
2018-12-11__17:02:48 0.45 0.34 0.32 2.48% 63.00 note
2018-12-11__17:02:50 0.41 0.34 0.31 2.24% 64.00 note
2018-12-11__17:02:53 0.41 0.34 0.31 2.97% 64.00 note
2018-12-11__17:02:58 0.38 0.33 0.31 6.02% 65.00 note
2018-12-11__17:03:00 0.35 0.33 0.31 3.96% 65.00 note
2018-12-11__17:03:03 0.35 0.33 0.31 3.02% 65.00 note
2018-12-11__17:03:08 0.56 0.37 0.32 6.47% 66.00 note
2018-12-11__17:03:10 0.52 0.37 0.32 5.68% 66.00 note
2018-12-11__17:03:13 0.52 0.37 0.32 8.40% 66.00 note
2018-12-11__17:03:18 0.47 0.36 0.32 7.96% 67.00 note
2018-12-11__17:03:20 0.44 0.35 0.32 5.20% 66.00 note
2018-12-11__17:03:25 0.40 0.35 0.32 6.22% 66.00 note
2018-12-11__17:03:28 0.40 0.35 0.32 4.22% 66.00 note
2018-12-11__17:03:30 0.37 0.34 0.31 5.25% 66.00 note
2018-12-11__17:03:36 0.34 0.33 0.31 5.97% 66.00 note
2018-12-11__17:03:38 0.34 0.33 0.31 6.48% 66.00 note
2018-12-11__17:03:41 0.31 0.33 0.31 8.13% 65.00 note
2018-12-11__17:03:46 0.37 0.34 0.31 2.48% 65.00 note
2018-12-11__17:03:48 0.37 0.34 0.31 2.00% 64.00 note
2018-12-11__17:03:51 0.34 0.33 0.31 2.52% 65.00 note
2018-12-11__17:03:56 0.55 0.38 0.33 3.71% 64.00 note
2018-12-11__17:03:58 0.55 0.38 0.33 3.48% 64.00 note
2018-12-11__17:04:01 0.51 0.37 0.33 10.40% 66.00 note
2018-12-11__17:04:06 0.55 0.38 0.33 6.05% 66.00 note
2018-12-11__17:04:08 0.55 0.38 0.33 4.75% 66.00 note
2018-12-11__17:04:11 0.50 0.38 0.33 6.78% 66.00 note
2018-12-11__17:04:16 0.46 0.37 0.33 4.48% 66.00 note
2018-12-11__17:04:18 0.46 0.37 0.33 6.72% 66.00 note
2018-12-11__17:04:21 0.42 0.36 0.32 3.23% 65.00 note
2018-12-11__17:04:26 0.39 0.36 0.32 3.70% 65.00 note
2018-12-11__17:04:29 0.39 0.36 0.32 3.68% 65.00 note
2018-12-11__17:04:34 0.44 0.37 0.33 5.35% 65.00 note
2018-12-11__17:04:36 0.40 0.36 0.32 3.47% 65.00 note
2018-12-11__17:04:39 0.40 0.36 0.32 4.01% 66.00 note
2018-12-11__17:04:44 0.37 0.36 0.32 6.03% 68.00 note
2018-12-11__17:04:46 0.34 0.35 0.32 11.98% 67.00 note
2018-12-11__17:04:49 0.34 0.35 0.32 7.90% 67.00 note
2018-12-11__17:04:54 0.29 0.34 0.32 2.76% 65.00 note
2018-12-11__17:04:56 0.29 0.34 0.32 7.44% 65.00 note
2018-12-11__17:04:59 0.27 0.33 0.31 3.78% 65.00 note
2018-12-11__17:05:04 0.32 0.34 0.32 2.49% 66.00 note
2018-12-11__17:05:06 0.32 0.34 0.32 6.45% 66.00 note
2018-12-11__17:05:09 0.38 0.35 0.32 3.48% 66.00 note
2018-12-11__17:05:14 0.35 0.35 0.32 5.54% 64.00 note
2018-12-11__17:05:17 0.35 0.35 0.32 3.48% 64.00 note
2018-12-11__17:05:19 0.32 0.34 0.32 8.68% 64.00 note
2018-12-11__17:05:24 0.29 0.34 0.32 10.51% 64.00 note
2018-12-11__17:05:27 0.29 0.34 0.32 3.73% 64.00 note
2018-12-11__17:05:29 0.27 0.33 0.31 2.48% 64.00 note
2018-12-11__17:05:34 0.25 0.32 0.31 2.99% 65.00 note
2018-12-11__17:05:37 0.25 0.32 0.31 3.25% 65.00 note
2018-12-11__17:05:42 0.23 0.32 0.31 4.21% 65.00 note
2018-12-11__17:05:44 1.09 0.50 0.37 4.42% 65.00 note
2018-12-11__17:05:47 1.09 0.50 0.37 7.06% 65.00 note
2018-12-11__17:05:52 1.00 0.49 0.36 8.53% 65.00 note
2018-12-11__17:05:54 0.92 0.48 0.36 8.55% 65.00 note
2018-12-11__17:05:57 0.92 0.48 0.36 9.55% 64.00 note
2018-12-11__17:06:02 1.17 0.54 0.38 9.25% 65.00 note
2018-12-11__17:06:05 1.24 0.56 0.39 4.65% 65.00 note
2018-12-11__17:06:07 1.24 0.56 0.39 4.25% 64.00 note
2018-12-11__17:06:12 1.38 0.60 0.41 3.22% 64.00 note
2018-12-11__17:06:15 1.43 0.63 0.41 6.16% 65.00 note
2018-12-11__17:06:17 1.43 0.63 0.41 2.49% 65.00 note
2018-12-11__17:06:22 1.31 0.62 0.41 1.50% 64.00 note
2018-12-11__17:06:25 1.21 0.61 0.41 3.97% 64.00 note
2018-12-11__17:06:27 1.21 0.61 0.41 4.20% 64.00 note
2018-12-11__17:06:32 1.19 0.61 0.41 6.90% 64.00 note
2018-12-11__17:06:35 1.09 0.60 0.41 7.32% 65.00 note
2018-12-11__17:06:42 1.01 0.59 0.41 2.74% 62.00 note
2018-12-11__17:06:45 1.01 0.60 0.41 2.49% 62.00 note
2018-12-11__17:06:50 0.93 0.59 0.41 3.97% 61.00 note
2018-12-11__17:06:53 0.93 0.59 0.41 2.71% 61.00 note
2018-12-11__17:06:55 0.85 0.58 0.41 2.74% 60.00 note
2018-12-11__17:07:00 0.78 0.57 0.40 3.70% 60.00 note
2018-12-11__17:07:03 0.78 0.57 0.40 3.47% 60.00 note
2018-12-11__17:07:05 0.72 0.56 0.40 3.22% 60.00 note
2018-12-11__17:07:10 0.66 0.55 0.40 10.47% 64.00 note
2018-12-11__17:07:13 0.66 0.55 0.40 4.53% 62.00 note
2018-12-11__17:07:15 0.69 0.56 0.40 5.68% 60.00 note
2018-12-11__17:07:20 0.63 0.55 0.40 6.90% 61.00 note
2018-12-11__17:07:23 0.63 0.55 0.40 6.47% 60.00 note
2018-12-11__17:07:25 0.58 0.54 0.40 5.43% 60.00 note
2018-12-11__17:07:30 0.54 0.53 0.39 5.01% 60.00 note
2018-12-11__17:07:33 0.54 0.53 0.39 11.28% 60.00 note
2018-12-11__17:07:36 0.49 0.52 0.39 5.96% 60.00 note
2018-12-11__17:07:41 0.61 0.55 0.40 1.51% 60.00 note
2018-12-11__17:07:43 0.61 0.55 0.40 5.81% 59.00 note
2018-12-11__17:07:48 0.73 0.57 0.41 8.58% 60.00 note
2018-12-11__17:07:51 0.67 0.56 0.41 7.21% 60.00 note
2018-12-11__17:07:53 0.67 0.56 0.41 5.20% 59.00 note
2018-12-11__17:07:58 0.61 0.55 0.41 5.24% 59.00 note
2018-12-11__17:08:01 0.56 0.54 0.40 3.23% 58.00 note
2018-12-11__17:08:03 0.56 0.54 0.40 1.74% 58.00 note
2018-12-11__17:08:08 0.52 0.53 0.40 4.41% 57.00 note
2018-12-11__17:08:11 0.56 0.54 0.40 3.96% 57.00 note
2018-12-11__17:08:13 0.56 0.54 0.40 7.65% 57.00 note
2018-12-11__17:08:19 0.51 0.53 0.40 5.97% 57.00 note
2018-12-11__17:08:21 0.55 0.54 0.40 7.48% 58.00 note
2018-12-11__17:08:24 0.55 0.54 0.40 9.14% 59.00 note
2018-12-11__17:08:29 0.83 0.60 0.42 2.98% 58.00 note
2018-12-11__17:08:31 0.84 0.60 0.43 5.25% 58.00 note
2018-12-11__17:08:34 0.84 0.60 0.43 5.99% 59.00 note
2018-12-11__17:08:39 0.77 0.59 0.43 5.97% 58.00 note
2018-12-11__17:08:41 0.71 0.58 0.42 6.22% 58.00 note
2018-12-11__17:08:46 0.65 0.57 0.42 5.25% 58.00 note
2018-12-11__17:08:49 0.65 0.57 0.42 8.19% 59.00 note
2018-12-11__17:08:51 0.60 0.56 0.42 6.44% 57.00 note
2018-12-11__17:08:56 0.63 0.57 0.42 3.97% 57.00 note
2018-12-11__17:08:59 0.63 0.57 0.42 2.98% 57.00 note
2018-12-11__17:09:02 0.58 0.56 0.42 3.94% 57.00 note
2018-12-11__17:09:07 0.78 0.60 0.43 1.99% 57.00 note
2018-12-11__17:09:09 0.71 0.59 0.43 7.71% 57.00 note
2018-12-11__17:09:12 0.71 0.59 0.43 2.26% 57.00 note
2018-12-11__17:09:17 0.66 0.58 0.43 2.96% 57.00 note
2018-12-11__17:09:19 0.68 0.59 0.43 2.48% 56.00 note
2018-12-11__17:09:22 0.68 0.59 0.43 3.24% 56.00 note
2018-12-11__17:09:27 0.63 0.58 0.43 2.75% 55.00 note
2018-12-11__17:09:29 0.58 0.57 0.43 3.21% 55.00 note
2018-12-11__17:09:32 0.58 0.57 0.43 2.99% 55.00 note
2018-12-11__17:09:37 0.53 0.56 0.42 6.47% 57.00 note
2018-12-11__17:09:39 0.49 0.55 0.42 2.49% 56.00 note
2018-12-11__17:09:44 0.53 0.56 0.43 4.46% 55.00 note
2018-12-11__17:09:47 0.53 0.56 0.43 2.74% 56.00 note
2018-12-11__17:09:50 0.49 0.55 0.42 3.47% 55.00 note
2018-12-11__17:09:55 0.45 0.54 0.42 2.50% 55.00 note
2018-12-11__17:09:57 0.45 0.54 0.42 2.49% 55.00 note
2018-12-11__17:10:00 0.41 0.53 0.42 2.74% 54.00 note
2018-12-11__17:10:05 0.38 0.52 0.42 4.95% 55.00 note
2018-12-11__17:10:07 0.38 0.52 0.42 2.72% 55.00 note
2018-12-11__17:10:10 0.35 0.51 0.41 3.74% 55.00 note
2018-12-11__17:10:15 0.32 0.50 0.41 3.47% 55.00 note
2018-12-11__17:10:17 0.32 0.50 0.41 4.46% 55.00 note
2018-12-11__17:10:20 0.29 0.49 0.41 3.72% 55.00 note
2018-12-11__17:10:25 0.27 0.49 0.41 5.67% 55.00 note
2018-12-11__17:10:27 0.27 0.49 0.41 4.99% 54.00 note
2018-12-11__17:10:30 0.25 0.48 0.40 3.24% 54.00 note
2018-12-11__17:10:35 0.23 0.47 0.40 4.41% 54.00 note
2018-12-11__17:10:38 0.23 0.47 0.40 7.11% 54.00 note
2018-12-11__17:10:43 0.21 0.46 0.40 3.94% 54.00 note
2018-12-11__17:10:45 0.19 0.45 0.40 11.03% 60.00 note
2018-12-11__17:10:48 0.19 0.45 0.40 2.49% 55.00 note
2018-12-11__17:10:53 0.18 0.45 0.39 4.22% 55.00 note
2018-12-11__17:10:55 0.16 0.44 0.39 2.24% 54.00 note
2018-12-11__17:10:58 0.16 0.44 0.39 3.21% 54.00 note
2018-12-11__17:11:03 0.23 0.45 0.39 3.25% 54.00 note
2018-12-11__17:11:05 0.21 0.44 0.39 2.48% 54.00 note
2018-12-11__17:11:08 0.21 0.44 0.39 8.48% 54.00 note
2018-12-11__17:11:13 0.27 0.45 0.40 5.68% 54.00 note
2018-12-11__17:11:16 0.25 0.44 0.39 2.72% 54.00 note
2018-12-11__17:11:18 0.25 0.44 0.39 7.73% 54.00 note
2018-12-11__17:11:23 0.31 0.45 0.40 2.74% 53.00 note
2018-12-11__17:11:26 0.29 0.44 0.39 3.47% 53.00 note
2018-12-11__17:11:28 0.29 0.44 0.39 3.47% 53.00 note
2018-12-11__17:11:33 0.26 0.43 0.39 4.46% 53.00 note
2018-12-11__17:11:36 0.24 0.43 0.39 8.40% 54.00 note
2018-12-11__17:11:41 0.22 0.42 0.39 2.48% 54.00 note
2018-12-11__17:11:43 0.22 0.42 0.39 3.94% 54.00 note
2018-12-11__17:11:46 0.20 0.41 0.38 5.43% 54.00 note
2018-12-11__17:11:51 0.27 0.42 0.39 6.72% 53.00 note
2018-12-11__17:11:53 0.27 0.42 0.39 4.67% 54.00 note
2018-12-11__17:11:56 0.25 0.42 0.39 3.23% 53.00 note
2018-12-11__17:12:01 0.31 0.43 0.39 3.94% 53.00 note
2018-12-11__17:12:04 0.31 0.43 0.39 2.98% 53.00 note
2018-12-11__17:12:06 0.36 0.43 0.39 2.49% 54.00 note
2018-12-11__17:12:11 0.33 0.43 0.39 2.23% 52.00 note
2018-12-11__17:12:14 0.33 0.43 0.39 4.03% 52.00 note
2018-12-11__17:12:16 0.31 0.42 0.39 2.71% 53.00 note
2018-12-11__17:12:21 0.28 0.41 0.38 2.97% 53.00 note
2018-12-11__17:12:24 0.28 0.41 0.38 3.22% 53.00 note
2018-12-11__17:12:31 0.32 0.42 0.39 2.48% 53.00 note
2018-12-11__17:12:34 0.32 0.42 0.39 3.23% 53.00 note
2018-12-11__17:12:39 0.29 0.41 0.38 2.74% 52.00 note
2018-12-11__17:12:42 0.27 0.40 0.38 4.21% 53.00 note
2018-12-11__17:12:44 0.27 0.40 0.38 3.48% 53.00 note
2018-12-11__17:45:10 0.09 0.14 0.24 3.69% 46.00 normal
2018-12-11__17:45:15 0.08 0.13 0.24 3.73% 46.00 normal
2018-12-11__17:45:18 0.07 0.13 0.24 4.70% 46.00 normal
2018-12-11__17:45:20 0.07 0.13 0.24 2.48% 46.00 normal
2018-12-11__17:45:25 0.07 0.13 0.23 2.23% 47.00 normal
2018-12-11__17:45:28 0.06 0.13 0.23 5.76% 47.00 normal
2018-12-11__17:45:30 0.06 0.13 0.23 2.74% 47.00 normal
2018-12-11__17:45:35 0.06 0.12 0.23 2.96% 47.00 normal
2018-12-11__17:45:38 0.13 0.14 0.24 4.21% 47.00 normal
2018-12-11__17:45:40 0.13 0.14 0.24 3.19% 47.00 normal
2018-12-11__17:45:46 0.12 0.14 0.23 2.48% 47.00 normal
2018-12-11__17:45:48 0.11 0.13 0.23 2.75% 47.00 normal
2018-12-11__17:45:51 0.11 0.13 0.23 5.93% 47.00 normal
2018-12-11__17:45:56 0.10 0.13 0.23 2.99% 47.00 normal
2018-12-11__17:45:58 0.09 0.13 0.23 4.23% 47.00 normal
2018-12-11__17:46:03 0.09 0.13 0.23 2.74% 47.00 normal
2018-12-11__17:46:06 0.09 0.13 0.23 3.24% 47.00 normal
2018-12-11__17:46:08 0.08 0.12 0.23 2.48% 47.00 normal
2018-12-11__17:46:13 0.07 0.12 0.22 3.70% 46.00 normal
2018-12-11__17:46:16 0.07 0.12 0.22 3.72% 46.00 normal
2018-12-11__17:46:18 0.07 0.12 0.22 3.01% 46.00 normal
2018-12-11__17:46:23 0.06 0.12 0.22 2.24% 46.00 normal
2018-12-11__17:46:26 0.06 0.12 0.22 3.92% 46.00 normal
2018-12-11__17:46:28 0.06 0.12 0.22 3.46% 46.00 normal
2018-12-11__17:46:34 0.05 0.11 0.22 5.96% 50.00 note
2018-12-11__17:46:36 0.05 0.11 0.22 3.50% 47.00 normal
2018-12-11__17:46:39 0.05 0.11 0.22 2.49% 47.00 normal
2018-12-11__17:46:44 0.04 0.11 0.22 3.94% 47.00 normal
2018-12-11__17:46:46 0.04 0.11 0.21 3.72% 47.00 normal
2018-12-11__17:46:49 0.04 0.11 0.21 4.96% 47.00 normal
2018-12-11__17:46:54 0.04 0.11 0.21 6.72% 47.00 normal
2018-12-11__17:46:56 0.03 0.10 0.21 5.46% 47.00 normal
2018-12-11__17:47:01 0.11 0.12 0.22 3.96% 47.00 normal
2018-12-11__17:47:04 0.11 0.12 0.22 3.25% 48.00 normal
2018-12-11__17:47:06 0.10 0.12 0.21 3.94% 48.00 normal
2018-12-11__17:47:11 0.09 0.11 0.21 1.75% 48.00 normal
2018-12-11__17:47:14 0.09 0.11 0.21 3.72% 48.00 normal
2018-12-11__17:47:16 0.25 0.15 0.22 3.69% 48.00 normal
2018-12-11__17:47:22 0.31 0.16 0.23 3.69% 48.00 normal
2018-12-11__17:47:24 0.31 0.16 0.23 2.74% 48.00 normal
2018-12-11__17:47:27 0.28 0.16 0.23 2.99% 48.00 normal
2018-12-11__17:47:32 0.26 0.15 0.22 2.47% 48.00 normal
2018-12-11__17:47:34 0.26 0.15 0.22 2.97% 48.00 normal
2018-12-11__17:47:37 0.24 0.15 0.22 3.47% 47.00 normal
2018-12-11__17:47:42 0.22 0.15 0.22 3.72% 47.00 normal
2018-12-11__17:47:44 0.22 0.15 0.22 2.73% 47.00 normal
2018-12-11__17:47:47 0.20 0.15 0.22 4.50% 47.00 normal
2018-12-11__17:47:52 0.27 0.16 0.22 4.46% 47.00 normal
2018-12-11__17:47:54 0.27 0.16 0.22 3.92% 47.00 normal
2018-12-11__17:47:57 0.24 0.16 0.22 3.23% 47.00 normal
2018-12-11__17:48:02 0.30 0.17 0.23 5.00% 48.00 normal
2018-12-11__17:48:04 0.30 0.17 0.23 6.16% 48.00 normal
2018-12-11__17:48:09 0.28 0.17 0.23 4.98% 48.00 normal
2018-12-11__17:48:12 0.34 0.18 0.23 5.94% 48.00 normal
2018-12-11__17:48:15 0.34 0.18 0.23 4.43% 48.00 normal
2018-12-11__17:48:20 0.31 0.18 0.23 5.96% 48.00 normal
2018-12-11__17:48:22 0.45 0.21 0.24 4.90% 48.00 normal
2018-12-11__17:48:25 0.45 0.21 0.24 3.71% 48.00 normal
2018-12-11__17:48:30 0.41 0.21 0.24 3.98% 48.00 normal
2018-12-11__17:48:32 0.38 0.20 0.24 3.46% 48.00 normal
2018-12-11__17:48:35 0.38 0.20 0.24 4.71% 48.00 normal
2018-12-11__17:48:40 0.35 0.20 0.23 4.49% 48.00 normal
2018-12-11__17:48:42 0.32 0.20 0.23 2.72% 48.00 normal
2018-12-11__17:48:45 0.32 0.20 0.23 2.98% 47.00 normal
2018-12-11__17:48:50 0.29 0.19 0.23 2.74% 47.00 normal
2018-12-11__17:48:52 0.27 0.19 0.23 1.99% 47.00 normal
2018-12-11__17:48:55 0.27 0.19 0.23 3.25% 47.00 normal
2018-12-11__17:49:00 0.25 0.18 0.23 3.22% 47.00 normal
2018-12-11__17:49:03 0.23 0.18 0.23 2.49% 47.00 normal
2018-12-11__17:49:05 0.23 0.18 0.23 4.23% 47.00 normal
2018-12-11__17:49:10 0.21 0.18 0.23 3.26% 48.00 normal
2018-12-11__17:49:13 0.19 0.17 0.22 2.97% 47.00 normal
2018-12-11__17:49:15 0.19 0.17 0.22 3.96% 47.00 normal
2018-12-11__17:49:20 0.42 0.22 0.24 2.00% 47.00 normal
2018-12-11__17:49:23 0.54 0.25 0.25 3.47% 47.00 normal
2018-12-11__17:49:28 0.50 0.25 0.25 3.72% 47.00 normal
2018-12-11__17:49:30 0.50 0.25 0.25 2.48% 47.00 normal
2018-12-11__17:49:33 0.46 0.24 0.25 9.63% 50.00 note
2018-12-11__17:49:38 0.42 0.24 0.24 3.00% 47.00 normal
2018-12-11__17:49:40 0.42 0.24 0.24 2.24% 47.00 normal
2018-12-11__17:49:43 0.39 0.23 0.24 3.98% 47.00 normal
2018-12-11__17:49:48 0.44 0.25 0.25 3.74% 47.00 normal
2018-12-11__17:49:51 0.44 0.25 0.25 1.75% 47.00 normal
2018-12-11__17:49:53 0.40 0.24 0.25 2.99% 47.00 normal
2018-12-11__17:49:58 0.37 0.24 0.24 3.50% 47.00 normal
2018-12-11__17:50:01 0.37 0.24 0.24 2.24% 47.00 normal
2018-12-11__17:50:03 0.42 0.25 0.25 8.08% 47.00 normal
2018-12-11__17:50:08 0.47 0.26 0.25 4.17% 47.00 normal
2018-12-11__17:50:11 0.47 0.26 0.25 9.95% 48.00 normal
2018-12-11__17:50:13 0.51 0.28 0.26 1.50% 48.00 normal
2018-12-11__17:50:18 0.47 0.27 0.26 5.21% 47.00 normal
2018-12-11__17:50:21 0.47 0.27 0.26 4.44% 47.00 normal
2018-12-11__17:50:28 0.40 0.26 0.25 6.73% 48.00 normal
2018-12-11__17:50:31 0.40 0.26 0.25 2.74% 48.00 normal
2018-12-11__17:50:36 0.42 0.27 0.26 4.73% 48.00 normal
2018-12-11__17:50:39 0.42 0.27 0.26 2.98% 49.00 normal
2018-12-11__17:50:41 0.38 0.27 0.25 2.50% 48.00 normal
2018-12-11__17:50:46 0.43 0.28 0.26 4.75% 48.00 normal
2018-12-11__17:50:49 0.43 0.28 0.26 3.75% 48.00 normal
2018-12-11__17:50:51 0.40 0.27 0.26 3.92% 48.00 normal
2018-12-11__17:50:56 0.37 0.27 0.26 2.96% 48.00 normal
2018-12-11__17:50:59 0.37 0.27 0.26 6.20% 48.00 normal
2018-12-11__17:51:01 0.34 0.26 0.25 2.73% 48.00 normal
2018-12-11__17:51:06 0.31 0.26 0.25 2.73% 48.00 normal
2018-12-11__17:51:09 0.31 0.26 0.25 2.74% 48.00 normal
2018-12-11__17:51:11 0.36 0.27 0.26 3.47% 48.00 normal
2018-12-11__17:51:16 0.33 0.27 0.26 3.23% 48.00 normal
2018-12-11__17:51:19 0.33 0.27 0.26 8.23% 48.00 normal
2018-12-11__17:51:21 0.31 0.26 0.25 2.50% 48.00 normal
2018-12-11__17:51:27 0.28 0.26 0.25 3.70% 48.00 normal
2018-12-11__17:51:29 0.28 0.26 0.25 3.74% 48.00 normal
2018-12-11__17:51:34 0.26 0.25 0.25 5.99% 48.00 normal
2018-12-11__17:51:37 0.64 0.33 0.28 3.72% 48.00 normal
2018-12-11__17:51:39 0.64 0.33 0.28 1.75% 48.00 normal
2018-12-11__17:51:44 0.59 0.33 0.28 2.48% 48.00 normal
2018-12-11__17:51:47 0.62 0.34 0.28 2.98% 48.00 normal
2018-12-11__17:51:49 0.62 0.34 0.28 2.72% 48.00 normal
2018-12-11__17:51:54 0.57 0.33 0.28 1.00% 48.00 normal
2018-12-11__17:51:57 0.53 0.33 0.28 3.69% 48.00 normal
2018-12-11__17:51:59 0.53 0.33 0.28 2.72% 48.00 normal
2018-12-11__17:52:04 0.48 0.32 0.27 4.96% 48.00 normal
2018-12-11__17:52:07 0.44 0.31 0.27 7.48% 48.00 normal
2018-12-11__17:52:10 0.44 0.31 0.27 6.25% 48.00 normal
2018-12-11__17:52:15 0.41 0.31 0.27 3.20% 48.00 normal
2018-12-11__17:52:17 0.38 0.30 0.27 2.96% 48.00 normal
2018-12-11__17:52:20 0.38 0.30 0.27 3.71% 49.00 normal
2018-12-11__17:52:25 0.35 0.30 0.27 3.00% 49.00 normal
2018-12-11__17:52:27 0.32 0.29 0.27 2.72% 48.00 normal
2018-12-11__17:52:32 0.29 0.29 0.26 3.94% 48.00 normal
2018-12-11__17:52:35 0.29 0.29 0.26 2.49% 48.00 normal
2018-12-11__17:52:37 0.27 0.28 0.26 2.72% 48.00 normal
2018-12-11__17:52:42 0.25 0.28 0.26 2.00% 48.00 normal
2018-12-11__17:52:45 0.25 0.28 0.26 3.70% 48.00 normal
2018-12-11__17:52:47 0.31 0.29 0.27 2.48% 47.00 normal
2018-12-11__17:52:53 0.28 0.29 0.26 1.99% 47.00 normal
2018-12-11__17:52:55 0.28 0.29 0.26 10.32% 50.00 note
2018-12-11__17:52:58 0.26 0.28 0.26 5.16% 48.00 normal
2018-12-11__17:53:03 0.24 0.28 0.26 4.99% 48.00 normal
2018-12-11__17:53:05 0.24 0.28 0.26 5.99% 49.00 normal
2018-12-11__17:53:08 0.22 0.27 0.26 3.99% 49.00 normal
2018-12-11__17:53:13 0.20 0.27 0.26 3.72% 48.00 normal
2018-12-11__17:53:15 0.20 0.27 0.26 2.72% 48.00 normal
2018-12-11__17:53:20 0.18 0.26 0.26 5.43% 48.00 normal
2018-12-11__17:53:25 0.17 0.26 0.26 5.21% 48.00 normal
2018-12-11__17:53:28 0.16 0.25 0.25 4.95% 48.00 normal
2018-12-11__17:53:33 0.14 0.25 0.25 1.76% 48.00 normal
2018-12-11__17:53:36 0.14 0.25 0.25 2.49% 48.00 normal
2018-12-11__17:53:38 0.13 0.24 0.25 2.49% 48.00 normal
2018-12-11__17:53:43 0.12 0.24 0.25 3.69% 48.00 normal
2018-12-11__17:53:46 0.12 0.24 0.25 11.58% 48.00 normal
2018-12-11__17:53:48 0.35 0.29 0.27 2.23% 49.00 normal
2018-12-11__17:53:53 0.32 0.28 0.26 2.72% 49.00 normal
2018-12-11__17:53:56 0.32 0.28 0.26 2.75% 48.00 normal
2018-12-11__17:53:58 0.30 0.28 0.26 2.49% 48.00 normal
2018-12-11__17:54:03 0.27 0.27 0.26 1.50% 49.00 normal
2018-12-11__17:54:06 0.27 0.27 0.26 2.49% 49.00 normal
2018-12-11__17:54:08 0.25 0.27 0.26 3.47% 48.00 normal
2018-12-11__17:54:13 0.23 0.26 0.26 1.99% 48.00 normal
2018-12-11__17:54:16 0.23 0.26 0.26 3.97% 48.00 normal
2018-12-11__17:54:21 0.21 0.26 0.26 2.99% 48.00 normal
2018-12-11__17:54:24 0.20 0.25 0.25 2.72% 48.00 normal
2018-12-11__17:54:26 0.20 0.25 0.25 3.47% 48.00 normal
2018-12-11__17:54:31 0.24 0.26 0.26 2.23% 48.00 normal
2018-12-11__17:54:34 0.24 0.26 0.26 8.62% 48.00 normal
2018-12-11__17:54:36 0.30 0.27 0.26 4.94% 48.00 normal
2018-12-11__17:54:41 0.52 0.32 0.28 5.75% 49.00 normal
2018-12-11__17:54:44 0.52 0.32 0.28 3.25% 49.00 normal
2018-12-11__17:54:46 0.88 0.40 0.30 7.67% 49.00 normal
2018-12-11__17:54:51 1.05 0.44 0.32 7.86% 49.00 normal
2018-12-11__17:54:54 1.05 0.44 0.32 3.23% 49.00 normal
2018-12-11__17:54:56 1.04 0.45 0.32 1.99% 49.00 normal
2018-12-11__17:55:02 0.96 0.44 0.32 2.23% 50.00 note
2018-12-11__17:55:04 0.96 0.44 0.32 2.76% 50.00 note
2018-12-11__17:55:07 0.88 0.43 0.32 2.72% 49.00 normal
2018-12-11__17:55:12 0.81 0.43 0.32 2.74% 49.00 normal
2018-12-11__17:55:14 0.81 0.43 0.32 3.20% 49.00 normal
2018-12-11__17:55:19 0.75 0.42 0.31 6.93% 49.00 normal
2018-12-11__17:55:22 0.69 0.41 0.31 2.98% 49.00 normal
2018-12-11__17:55:24 0.69 0.41 0.31 2.23% 49.00 normal
2018-12-11__17:55:29 0.63 0.40 0.31 3.25% 49.00 normal
2018-12-11__17:55:32 0.66 0.41 0.31 2.99% 49.00 normal
2018-12-11__17:55:34 0.66 0.41 0.31 2.96% 49.00 normal
2018-12-11__17:55:39 0.61 0.41 0.31 1.98% 49.00 normal
2018-12-11__17:55:42 0.56 0.40 0.31 2.76% 49.00 normal
2018-12-11__17:55:45 0.56 0.40 0.31 2.01% 49.00 normal
2018-12-11__17:55:50 0.67 0.43 0.32 2.99% 49.00 normal
2018-12-11__17:55:52 0.62 0.42 0.32 7.14% 49.00 normal
2018-12-11__17:55:55 0.62 0.42 0.32 2.97% 49.00 normal
2018-12-11__17:56:00 0.57 0.41 0.31 3.97% 49.00 normal
2018-12-11__17:56:02 0.52 0.41 0.31 2.95% 48.00 normal
2018-12-11__18:09:02 0.25 0.21 0.26 12.13% 48.00 normal
2018-12-11__18:09:07 0.23 0.21 0.26 3.23% 47.00 normal
2018-12-11__18:09:09 0.21 0.20 0.26 3.23% 47.00 normal
2018-12-11__18:09:12 0.21 0.20 0.26 3.47% 47.00 normal
2018-12-11__18:09:17 0.19 0.20 0.26 3.47% 47.00 normal
2018-12-11__18:09:19 0.18 0.20 0.26 3.24% 47.00 normal
2018-12-11__18:09:22 0.18 0.20 0.26 4.77% 47.00 normal
2018-12-11__18:09:27 0.15 0.19 0.25 3.00% 48.00 normal
2018-12-11__18:09:29 0.15 0.19 0.25 3.94% 48.00 normal
2018-12-11__18:09:32 0.14 0.19 0.25 2.25% 48.00 normal
2018-12-11__18:09:37 0.13 0.18 0.25 2.99% 47.00 normal
2018-12-11__18:09:40 0.13 0.18 0.25 2.72% 47.00 normal
2018-12-11__18:09:42 0.12 0.18 0.25 2.50% 47.00 normal
2018-12-11__18:09:47 0.11 0.18 0.25 3.74% 47.00 normal
2018-12-11__18:09:50 0.11 0.18 0.25 4.98% 47.00 normal
2018-12-11__18:09:55 0.10 0.17 0.25 3.95% 47.00 normal
2018-12-11__18:09:57 0.09 0.17 0.24 2.23% 47.00 normal
2018-12-11__18:10:00 0.09 0.17 0.24 2.76% 48.00 normal
2018-12-11__18:10:05 0.08 0.17 0.24 3.49% 48.00 normal
2018-12-11__18:10:07 0.08 0.16 0.24 2.23% 48.00 normal
2018-12-11__18:10:10 0.08 0.16 0.24 7.41% 47.00 normal
2018-12-11__18:10:15 0.07 0.16 0.24 16.67% 48.00 normal
2018-12-11__18:10:17 0.06 0.16 0.24 8.79% 49.00 normal
2018-12-11__18:10:20 0.06 0.16 0.24 5.67% 49.00 normal
2018-12-11__18:10:25 0.06 0.16 0.24 7.20% 49.00 normal
2018-12-11__18:10:28 0.05 0.15 0.24 8.64% 49.00 normal
2018-12-11__18:10:30 0.05 0.15 0.24 17.25% 57.00 note
2018-12-11__18:10:35 0.05 0.15 0.23 4.73% 49.00 normal
2018-12-11__18:10:38 0.05 0.15 0.23 4.03% 49.00 normal
2018-12-11__18:10:40 0.05 0.15 0.23 1.75% 49.00 normal
2018-12-11__18:10:45 0.04 0.14 0.23 2.72% 49.00 normal
2018-12-11__18:10:48 0.12 0.16 0.24 4.23% 49.00 normal
2018-12-11__18:10:50 0.12 0.16 0.24 11.08% 51.00 note
2018-12-11__18:10:55 0.11 0.16 0.23 11.60% 53.00 note
2018-12-11__18:10:58 0.18 0.17 0.24 13.10% 50.00 note
2018-12-11__18:11:03 0.25 0.18 0.24 5.38% 50.00 note
2018-12-11__18:11:05 0.25 0.18 0.24 5.45% 51.00 note
2018-12-11__18:11:08 0.23 0.18 0.24 6.55% 53.00 note
2018-12-11__18:11:13 0.29 0.19 0.25 8.48% 51.00 note
2018-12-11__18:11:16 0.29 0.19 0.25 2.76% 50.00 note
2018-12-11__18:11:18 0.27 0.19 0.24 5.49% 50.00 note
2018-12-11__18:11:23 0.24 0.19 0.24 12.69% 50.00 note
2018-12-11__18:11:26 0.24 0.19 0.24 10.22% 51.00 note
2018-12-11__18:11:28 0.30 0.20 0.25 4.77% 50.00 note
2018-12-11__18:11:33 0.28 0.20 0.25 5.00% 50.00 note
2018-12-11__18:11:36 0.28 0.20 0.25 5.97% 50.00 note
2018-12-11__18:11:38 0.26 0.19 0.24 5.43% 50.00 note
2018-12-11__18:11:43 0.24 0.19 0.24 8.09% 51.00 note
2018-12-11__18:11:46 0.24 0.19 0.24 3.51% 50.00 note
2018-12-11__18:11:48 0.22 0.19 0.24 2.96% 50.00 note
2018-12-11__18:11:53 0.28 0.20 0.25 2.50% 50.00 note
2018-12-11__18:11:56 0.28 0.20 0.25 2.74% 50.00 note
2018-12-11__18:11:58 0.26 0.20 0.24 2.72% 49.00 normal
2018-12-11__18:12:04 0.24 0.19 0.24 3.19% 49.00 normal
2018-12-11__18:12:06 0.24 0.19 0.24 5.21% 49.00 normal
2018-12-11__18:12:11 0.22 0.19 0.24 3.49% 49.00 normal
2018-12-11__18:12:14 0.20 0.19 0.24 3.00% 49.00 normal
2018-12-11__18:12:16 0.20 0.19 0.24 1.99% 49.00 normal
2018-12-11__18:12:21 0.18 0.18 0.24 3.23% 49.00 normal
2018-12-11__18:12:24 0.17 0.18 0.24 3.01% 49.00 normal
2018-12-11__18:12:26 0.17 0.18 0.24 4.44% 49.00 normal
2018-12-11__18:12:31 0.16 0.18 0.24 3.23% 49.00 normal
2018-12-11__18:12:34 0.14 0.17 0.23 3.23% 49.00 normal
2018-12-11__18:12:36 0.14 0.17 0.23 3.93% 49.00 normal
2018-12-11__18:12:41 0.13 0.17 0.23 4.95% 49.00 normal
2018-12-11__18:12:44 0.12 0.17 0.23 3.02% 49.00 normal
2018-12-11__18:12:46 0.12 0.17 0.23 4.19% 49.00 normal
2018-12-11__18:12:52 0.11 0.17 0.23 2.24% 49.00 normal
2018-12-11__18:12:54 0.10 0.16 0.23 4.21% 49.00 normal
2018-12-11__18:12:57 0.10 0.16 0.23 2.00% 49.00 normal
2018-12-11__18:13:02 0.09 0.16 0.23 5.76% 49.00 normal
2018-12-11__18:13:04 0.17 0.17 0.23 2.96% 49.00 normal
2018-12-11__18:13:07 0.17 0.17 0.23 4.95% 49.00 normal
2018-12-11__18:13:12 0.15 0.17 0.23 6.98% 49.00 normal
2018-12-11__18:13:14 0.14 0.17 0.23 5.01% 50.00 note
2018-12-11__18:13:19 0.13 0.16 0.23 2.23% 50.00 note
2018-12-11__18:13:22 0.13 0.16 0.23 3.47% 50.00 note
2018-12-11__18:13:24 0.12 0.16 0.23 3.22% 49.00 normal
2018-12-11__18:13:29 0.11 0.16 0.22 5.74% 50.00 note
2018-12-11__18:13:32 0.11 0.16 0.22 7.21% 51.00 note
2018-12-11__18:13:35 0.18 0.17 0.23 4.29% 50.00 note
2018-12-11__18:13:40 0.16 0.17 0.23 2.74% 49.00 normal
2018-12-11__18:13:42 0.16 0.17 0.23 3.95% 50.00 note
2018-12-11__18:13:45 0.15 0.17 0.23 2.24% 50.00 note
2018-12-11__18:13:50 0.14 0.16 0.22 3.01% 49.00 normal
2018-12-11__18:13:52 0.13 0.16 0.22 1.01% 49.00 normal
2018-12-11__18:13:55 0.13 0.16 0.22 7.11% 50.00 note
2018-12-11__18:14:00 0.12 0.16 0.22 3.23% 50.00 note
2018-12-11__18:14:02 0.11 0.16 0.22 9.05% 51.00 note
2018-12-11__18:14:10 0.10 0.15 0.22 3.27% 50.00 note
2018-12-11__18:14:12 0.09 0.15 0.22 2.98% 50.00 note
2018-12-11__18:14:17 0.08 0.15 0.22 3.45% 50.00 note
2018-12-11__18:14:20 0.08 0.15 0.22 7.48% 50.00 note
2018-12-11__18:14:23 0.08 0.14 0.21 2.00% 50.00 note
2018-12-11__18:14:28 0.07 0.14 0.21 2.98% 50.00 note
2018-12-11__18:14:30 0.07 0.14 0.21 2.78% 49.00 normal
2018-12-11__18:14:33 0.06 0.14 0.21 2.74% 49.00 normal
2018-12-11__18:14:38 0.06 0.14 0.21 2.01% 49.00 normal
2018-12-11__18:14:40 0.06 0.14 0.21 1.75% 50.00 note
2018-12-11__18:14:43 0.13 0.15 0.21 7.34% 50.00 note
2018-12-11__18:14:48 0.28 0.18 0.22 3.23% 50.00 note
2018-12-11__18:14:50 0.28 0.18 0.22 7.62% 50.00 note
2018-12-11__18:14:53 0.26 0.18 0.22 4.79% 50.00 note
2018-12-11__18:14:58 0.32 0.19 0.23 7.21% 51.00 note
2018-12-11__18:15:00 0.32 0.19 0.23 9.65% 51.00 note
2018-12-11__18:15:03 0.70 0.27 0.25 14.96% 51.00 note
2018-12-11__18:15:08 0.88 0.32 0.27 6.72% 51.00 note
2018-12-11__18:15:11 0.88 0.32 0.27 5.74% 51.00 note
2018-12-11__18:15:16 0.89 0.33 0.27 5.76% 50.00 note
2018-12-11__18:15:18 1.22 0.41 0.30 6.67% 51.00 note
2018-12-11__18:15:21 1.22 0.41 0.30 7.41% 51.00 note
2018-12-11__18:15:26 1.12 0.40 0.30 6.97% 51.00 note
2018-12-11__18:15:28 1.19 0.43 0.31 6.93% 51.00 note
2018-12-11__18:15:31 1.19 0.43 0.31 6.98% 51.00 note
2018-12-11__18:15:36 1.50 0.50 0.33 11.11% 50.00 note
2018-12-11__18:15:38 1.54 0.53 0.34 1.50% 50.00 note
2018-12-11__18:15:41 1.54 0.53 0.34 9.98% 50.00 note
2018-12-11__18:15:46 1.58 0.55 0.35 6.68% 50.00 note
2018-12-11__18:15:49 1.45 0.54 0.35 8.23% 51.00 note
2018-12-11__18:15:51 1.45 0.54 0.35 7.00% 51.00 note
2018-12-11__18:15:56 1.49 0.57 0.36 6.72% 51.00 note
2018-12-11__18:15:59 1.37 0.56 0.35 7.18% 51.00 note
2018-12-11__18:16:01 1.37 0.56 0.35 5.72% 51.00 note
2018-12-11__18:16:06 1.34 0.57 0.36 7.43% 51.00 note
2018-12-11__18:16:09 1.24 0.56 0.36 6.93% 50.00 note
2018-12-11__18:16:14 1.14 0.55 0.35 8.42% 51.00 note
2018-12-11__18:16:16 1.14 0.55 0.35 6.00% 51.00 note
2018-12-11__18:16:19 1.04 0.54 0.35 8.56% 51.00 note
2018-12-11__18:16:24 0.96 0.53 0.35 5.03% 51.00 note
2018-12-11__18:16:26 0.96 0.53 0.35 4.75% 50.00 note
2018-12-11__18:16:29 0.88 0.52 0.35 5.53% 51.00 note
2018-12-11__18:16:34 0.81 0.51 0.35 7.00% 51.00 note
2018-12-11__18:16:37 0.81 0.51 0.35 6.00% 51.00 note
2018-12-11__18:16:39 1.23 0.60 0.38 5.51% 51.00 note
2018-12-11__18:16:44 1.13 0.59 0.37 8.58% 51.00 note
2018-12-11__18:16:47 1.13 0.59 0.37 11.08% 51.00 note
2018-12-11__18:16:49 1.36 0.65 0.39 5.96% 50.00 note
2018-12-11__18:16:54 1.41 0.67 0.40 4.55% 51.00 note
2018-12-11__18:16:57 1.41 0.67 0.40 3.97% 51.00 note
2018-12-11__18:16:59 1.30 0.66 0.40 6.19% 52.00 note
2018-12-11__18:17:04 1.35 0.68 0.41 3.23% 51.00 note
2018-12-11__18:17:07 1.35 0.68 0.41 6.72% 51.00 note
2018-12-11__18:17:12 1.25 0.67 0.41 8.02% 51.00 note
2018-12-11__18:17:14 1.15 0.66 0.40 6.88% 50.00 note
2018-12-11__18:17:17 1.15 0.66 0.40 9.54% 51.00 note
2018-12-11__18:17:22 1.29 0.70 0.42 7.92% 51.00 note
2018-12-11__18:17:25 1.19 0.69 0.42 5.69% 51.00 note
2018-12-11__18:17:27 1.19 0.69 0.42 8.17% 51.00 note
2018-12-11__18:17:32 1.09 0.68 0.41 7.98% 51.00 note
2018-12-11__18:17:35 1.09 0.68 0.42 10.34% 52.00 note
2018-12-11__18:17:37 1.09 0.68 0.42 4.69% 50.00 note
2018-12-11__18:17:42 1.00 0.68 0.42 7.75% 52.00 note
2018-12-11__18:17:45 1.00 0.68 0.42 7.18% 52.00 note
2018-12-11__18:17:47 0.92 0.66 0.42 6.48% 52.00 note
2018-12-11__18:17:52 0.85 0.65 0.41 7.13% 51.00 note
2018-12-11__18:17:55 0.85 0.65 0.41 6.70% 51.00 note
2018-12-11__18:18:03 0.72 0.63 0.41 9.02% 51.00 note
2018-12-11__18:18:05 0.72 0.63 0.41 4.98% 51.00 note
2018-12-11__18:18:10 0.74 0.64 0.41 6.67% 51.00 note
2018-12-11__18:18:13 0.68 0.63 0.41 10.86% 51.00 note
2018-12-11__18:18:15 0.68 0.63 0.41 6.45% 51.00 note
2018-12-11__18:18:20 0.62 0.62 0.41 7.69% 52.00 note
2018-12-11__18:18:23 0.57 0.61 0.40 8.98% 52.00 note
2018-12-11__18:18:25 0.57 0.61 0.40 9.09% 52.00 note
2018-12-11__18:18:30 0.61 0.61 0.41 5.24% 52.00 note
2018-12-11__18:18:33 0.72 0.64 0.42 4.69% 51.00 note
2018-12-11__18:18:35 0.72 0.64 0.42 3.98% 50.00 note
2018-12-11__18:18:40 0.66 0.62 0.41 3.73% 50.00 note
2018-12-11__18:18:43 0.61 0.61 0.41 5.43% 50.00 note
2018-12-11__18:18:46 0.61 0.61 0.41 5.20% 50.00 note
2018-12-11__18:18:51 0.64 0.62 0.42 7.25% 51.00 note
2018-12-11__18:18:53 0.59 0.61 0.41 9.45% 51.00 note
2018-12-11__18:18:56 0.59 0.61 0.41 8.71% 52.00 note
2018-12-11__18:19:01 0.70 0.63 0.42 5.22% 51.00 note
2018-12-11__18:19:03 0.65 0.62 0.42 8.48% 51.00 note
2018-12-11__18:19:08 0.91 0.68 0.44 10.54% 50.00 note
2018-12-11__18:19:11 0.91 0.68 0.44 8.75% 51.00 note
2018-12-11__18:19:13 1.24 0.75 0.46 3.74% 51.00 note
2018-12-11__18:19:18 1.22 0.76 0.47 8.33% 51.00 note
2018-12-11__18:19:21 1.22 0.76 0.47 5.24% 50.00 note
2018-12-11__18:19:23 1.12 0.74 0.46 5.69% 50.00 note
2018-12-11__18:19:29 1.03 0.73 0.46 7.69% 51.00 note
2018-12-11__18:19:31 1.03 0.73 0.46 7.46% 51.00 note
2018-12-11__18:19:34 0.95 0.72 0.46 6.52% 51.00 note
2018-12-11__18:19:39 0.96 0.72 0.46 9.38% 51.00 note
2018-12-11__18:19:41 0.96 0.72 0.46 7.44% 51.00 note
2018-12-11__18:19:44 1.12 0.76 0.47 3.23% 51.00 note
2018-12-11__18:19:49 1.03 0.75 0.47 8.66% 52.00 note
2018-12-11__18:19:51 1.03 0.75 0.47 7.39% 51.00 note
