2018-09-30__09:43:15 0.24 0.21 0.09 7.77% 46.16 normal
2018-09-30__09:43:20 0.22 0.20 0.09 9.77% 46.16 normal
2018-09-30__09:43:25 0.20 0.20 0.09 3.26% 45.62 normal
2018-09-30__09:43:30 0.18 0.20 0.09 3.27% 45.08 normal
2018-09-30__09:43:35 0.17 0.19 0.09 2.40% 46.16 normal
2018-09-30__09:43:40 0.15 0.19 0.09 2.39% 46.16 normal
2018-09-30__09:43:45 0.14 0.18 0.09 20.56% 47.24 normal
2018-09-30__09:43:50 0.29 0.22 0.10 14.01% 46.16 normal
2018-09-30__09:43:55 0.27 0.21 0.10 10.43% 46.16 normal
2018-09-30__09:44:00 0.25 0.21 0.10 7.55% 46.16 normal
2018-09-30__09:44:05 0.23 0.20 0.10 2.39% 46.70 normal
2018-09-30__09:44:10 0.21 0.20 0.10 0.97% 46.16 normal
2018-09-30__09:44:15 0.19 0.20 0.10 1.42% 46.16 normal
2018-09-30__09:44:20 0.17 0.19 0.09 10.33% 47.24 normal
2018-09-30__09:44:25 0.16 0.19 0.09 5.69% 46.16 normal
2018-09-30__09:44:30 0.15 0.19 0.09 5.69% 47.24 normal
2018-09-30__09:44:35 0.14 0.18 0.09 2.40% 46.16 normal
2018-09-30__09:44:40 0.12 0.18 0.09 5.16% 46.70 normal
2018-09-30__09:44:45 0.11 0.18 0.09 2.86% 46.16 normal
2018-09-30__09:44:50 0.10 0.17 0.09 2.88% 46.16 normal
2018-09-30__09:44:55 0.10 0.17 0.09 1.93% 46.16 normal
2018-09-30__09:45:00 0.09 0.17 0.09 9.22% 46.16 normal
2018-09-30__09:45:05 0.24 0.20 0.10 6.94% 46.16 normal
2018-09-30__09:45:10 0.22 0.19 0.10 3.76% 46.70 normal
2018-09-30__09:45:15 0.20 0.19 0.10 3.29% 46.16 normal
2018-09-30__09:45:20 0.19 0.19 0.10 13.27% 46.16 normal
2018-09-30__09:45:25 0.33 0.22 0.11 7.11% 47.24 normal
2018-09-30__09:45:30 0.39 0.23 0.11 23.19% 47.24 normal
2018-09-30__09:45:35 0.44 0.24 0.12 6.67% 46.70 normal
2018-09-30__09:45:40 0.40 0.24 0.12 4.67% 46.16 normal
2018-09-30__09:45:45 0.37 0.24 0.11 3.33% 47.24 normal
2018-09-30__09:45:50 0.34 0.23 0.11 2.38% 46.70 normal
2018-09-30__09:45:55 0.31 0.23 0.11 2.37% 46.16 normal
2018-09-30__09:46:00 0.29 0.22 0.11 8.88% 47.24 normal
2018-09-30__09:46:05 0.26 0.22 0.11 13.21% 46.16 normal
2018-09-30__09:46:10 0.32 0.23 0.12 14.22% 46.16 normal
2018-09-30__09:46:15 0.38 0.25 0.12 7.18% 46.16 normal
2018-09-30__09:46:20 0.35 0.24 0.12 0.49% 46.70 normal
2018-09-30__09:46:25 0.32 0.24 0.12 2.84% 47.24 normal
2018-09-30__09:46:30 0.29 0.23 0.12 2.87% 47.24 normal
2018-09-30__09:46:35 0.35 0.25 0.12 3.30% 46.70 normal
2018-09-30__09:46:40 0.56 0.29 0.14 4.23% 46.16 normal
2018-09-30__09:46:45 0.60 0.30 0.14 11.48% 47.24 normal
2018-09-30__09:46:50 0.55 0.30 0.14 21.84% 46.70 normal
2018-09-30__09:46:55 0.50 0.29 0.14 9.39% 46.70 normal
2018-09-30__09:47:00 0.46 0.29 0.14 4.21% 46.70 normal
2018-09-30__09:47:05 0.43 0.28 0.14 3.79% 46.70 normal
2018-09-30__09:47:10 0.39 0.28 0.14 3.30% 46.70 normal
2018-09-30__09:47:15 0.36 0.27 0.14 0.95% 46.70 normal
2018-09-30__09:47:20 0.33 0.27 0.14 5.58% 47.24 normal
2018-09-30__09:47:25 0.30 0.26 0.13 3.81% 47.24 normal
2018-09-30__09:47:30 0.28 0.26 0.13 11.47% 46.16 normal
2018-09-30__09:47:35 0.42 0.29 0.14 16.82% 47.24 normal
2018-09-30__09:47:40 0.38 0.28 0.14 11.27% 47.24 normal
2018-09-30__09:47:45 0.35 0.28 0.14 8.61% 47.24 normal
2018-09-30__09:47:50 0.33 0.27 0.14 2.97% 47.24 normal
2018-09-30__09:47:55 0.30 0.27 0.14 5.39% 47.24 normal
2018-09-30__09:48:00 0.52 0.31 0.16 3.74% 46.70 normal
2018-09-30__09:48:05 0.47 0.31 0.15 4.78% 46.70 normal
2018-09-30__09:48:10 0.44 0.30 0.15 16.36% 47.24 normal
2018-09-30__09:48:15 0.40 0.30 0.15 8.92% 46.70 normal
2018-09-30__09:48:20 0.45 0.31 0.16 3.35% 46.16 normal
2018-09-30__09:48:25 0.49 0.32 0.16 1.43% 46.16 normal
2018-09-30__09:48:30 0.53 0.33 0.17 2.37% 46.16 normal
2018-09-30__09:48:35 0.49 0.33 0.17 1.90% 45.62 normal
2018-09-30__09:48:40 0.45 0.32 0.17 3.33% 46.16 normal
2018-09-30__09:48:45 0.41 0.32 0.16 12.38% 46.16 normal
2018-09-30__09:48:50 0.38 0.31 0.16 12.50% 47.24 normal
2018-09-30__09:48:55 0.35 0.31 0.16 8.10% 45.62 normal
2018-09-30__09:49:00 0.56 0.35 0.18 1.44% 46.16 normal
2018-09-30__09:49:05 0.52 0.35 0.18 3.72% 45.62 normal
2018-09-30__09:49:10 0.48 0.34 0.18 1.43% 45.08 normal
2018-09-30__09:49:15 0.44 0.33 0.18 2.38% 46.70 normal
2018-09-30__09:49:20 0.40 0.33 0.17 17.29% 46.16 normal
2018-09-30__09:49:25 0.37 0.32 0.17 9.26% 45.62 normal
2018-09-30__09:49:30 0.34 0.32 0.17 3.76% 47.24 normal
2018-09-30__09:49:35 0.31 0.31 0.17 3.83% 46.16 normal
2018-09-30__09:49:40 0.29 0.31 0.17 2.86% 46.70 normal
2018-09-30__09:49:45 0.34 0.32 0.18 2.36% 46.16 normal
2018-09-30__09:49:50 0.32 0.31 0.17 3.32% 46.16 normal
2018-09-30__09:49:55 0.29 0.31 0.17 0.49% 46.16 normal
2018-09-30__09:50:00 0.27 0.30 0.17 3.32% 46.16 normal
2018-09-30__09:50:05 0.25 0.30 0.17 2.82% 46.16 normal
2018-09-30__09:50:10 0.23 0.29 0.17 2.39% 46.16 normal
2018-09-30__09:50:15 0.21 0.29 0.17 7.14% 47.24 normal
2018-09-30__09:50:20 0.19 0.28 0.17 7.55% 46.16 normal
2018-09-30__09:50:25 0.42 0.33 0.18 3.72% 45.62 normal
2018-09-30__09:50:30 0.38 0.32 0.18 5.26% 46.16 normal
2018-09-30__09:50:35 0.35 0.31 0.18 4.74% 45.08 normal
2018-09-30__09:50:40 0.32 0.31 0.18 4.67% 46.16 normal
2018-09-30__09:50:45 0.30 0.30 0.18 3.30% 45.62 normal
2018-09-30__09:50:50 0.27 0.30 0.18 3.32% 46.16 normal
2018-09-30__09:50:55 0.25 0.29 0.18 14.95% 46.16 normal
2018-09-30__09:51:00 0.23 0.29 0.18 11.00% 46.70 normal
2018-09-30__09:51:05 0.21 0.28 0.18 4.65% 45.62 normal
2018-09-30__09:51:10 0.19 0.28 0.17 2.37% 45.08 normal
2018-09-30__09:51:15 0.18 0.27 0.17 4.25% 46.16 normal
2018-09-30__09:51:20 0.16 0.27 0.17 3.30% 46.70 normal
2018-09-30__09:51:25 0.15 0.26 0.17 2.37% 46.16 normal
2018-09-30__09:51:30 0.14 0.26 0.17 4.29% 46.16 normal
2018-09-30__09:51:35 0.13 0.26 0.17 1.91% 47.77 normal
2018-09-30__09:51:40 0.12 0.25 0.17 15.69% 47.24 normal
2018-09-30__09:51:45 0.11 0.25 0.17 7.69% 46.16 normal
2018-09-30__09:51:50 0.34 0.29 0.18 1.90% 46.16 normal
2018-09-30__09:51:55 0.31 0.29 0.18 4.23% 46.16 normal
2018-09-30__09:52:00 0.29 0.28 0.18 5.61% 45.62 normal
2018-09-30__09:52:05 0.26 0.28 0.18 3.76% 46.70 normal
2018-09-30__09:52:10 0.32 0.29 0.18 4.21% 46.70 normal
2018-09-30__09:52:15 0.30 0.29 0.18 3.27% 46.16 normal
2018-09-30__09:52:20 0.27 0.28 0.18 19.61% 47.24 normal
2018-09-30__09:52:25 0.25 0.28 0.18 16.67% 46.70 normal
2018-09-30__09:52:30 0.47 0.32 0.20 4.21% 46.16 normal
2018-09-30__09:52:35 0.43 0.32 0.19 5.50% 46.16 normal
2018-09-30__09:52:40 0.40 0.31 0.19 2.38% 46.16 normal
2018-09-30__09:52:45 0.37 0.30 0.19 2.38% 46.16 normal
2018-09-30__09:52:50 0.34 0.30 0.19 4.65% 46.16 normal
2018-09-30__09:52:55 0.31 0.29 0.19 2.88% 47.24 normal
2018-09-30__09:53:00 0.28 0.29 0.19 4.27% 46.16 normal
2018-09-30__09:53:05 0.26 0.28 0.19 10.75% 46.70 normal
2018-09-30__09:53:10 0.24 0.28 0.18 4.63% 45.62 normal
2018-09-30__09:53:15 0.54 0.34 0.20 2.39% 46.70 normal
2018-09-30__09:53:20 0.50 0.34 0.20 3.32% 46.70 normal
2018-09-30__09:53:25 0.46 0.33 0.20 2.39% 45.62 normal
2018-09-30__09:53:30 0.42 0.32 0.20 1.91% 46.16 normal
2018-09-30__09:53:35 0.39 0.32 0.20 15.24% 47.24 normal
2018-09-30__09:53:40 0.36 0.31 0.20 2.45% 47.24 normal
2018-09-30__09:53:45 0.33 0.31 0.20 10.84% 47.24 normal
2018-09-30__09:53:50 0.30 0.30 0.19 9.43% 46.70 normal
2018-09-30__09:53:55 0.28 0.30 0.19 2.87% 46.70 normal
2018-09-30__09:54:00 0.25 0.29 0.19 3.30% 46.16 normal
2018-09-30__09:54:05 0.23 0.29 0.19 3.30% 47.24 normal
2018-09-30__09:54:10 0.21 0.28 0.19 3.76% 47.24 normal
2018-09-30__09:54:15 0.20 0.28 0.19 5.91% 47.24 normal
2018-09-30__09:54:20 0.18 0.27 0.19 4.81% 46.16 normal
2018-09-30__09:54:25 0.17 0.27 0.18 24.40% 47.24 normal
2018-09-30__09:54:30 0.15 0.26 0.18 9.81% 46.16 normal
2018-09-30__09:54:35 0.14 0.26 0.18 4.19% 46.16 normal
2018-09-30__09:54:40 0.13 0.25 0.18 3.33% 46.16 normal
2018-09-30__09:54:45 0.12 0.25 0.18 8.80% 46.16 normal
2018-09-30__09:54:50 0.19 0.26 0.18 12.32% 46.70 normal
2018-09-30__09:54:55 0.17 0.26 0.18 3.45% 47.24 normal
2018-09-30__09:55:00 0.16 0.25 0.18 11.06% 47.24 normal
2018-09-30__09:55:05 0.23 0.27 0.19 13.66% 47.24 normal
2018-09-30__09:55:10 0.21 0.26 0.18 8.61% 46.70 normal
2018-09-30__09:55:15 0.19 0.26 0.18 2.84% 46.16 normal
2018-09-30__09:55:20 0.34 0.29 0.19 3.30% 46.16 normal
2018-09-30__09:55:25 0.31 0.28 0.19 4.23% 47.24 normal
2018-09-30__09:55:30 0.28 0.28 0.19 13.68% 46.16 normal
2018-09-30__09:55:35 0.26 0.27 0.19 5.24% 46.70 normal
2018-09-30__09:55:40 0.24 0.27 0.19 2.86% 46.16 normal
2018-09-30__09:55:45 0.22 0.26 0.19 6.10% 47.24 normal
2018-09-30__09:55:50 0.20 0.26 0.18 9.71% 46.70 normal
2018-09-30__09:55:55 0.19 0.25 0.18 8.53% 47.24 normal
2018-09-30__09:56:00 0.17 0.25 0.18 3.86% 46.70 normal
2018-09-30__09:56:05 0.16 0.24 0.18 4.23% 47.24 normal
2018-09-30__09:56:10 0.14 0.24 0.18 16.89% 46.70 normal
2018-09-30__09:56:15 0.13 0.23 0.18 7.01% 47.24 normal
2018-09-30__09:56:20 0.36 0.28 0.19 4.21% 46.16 normal
2018-09-30__09:56:25 0.33 0.28 0.19 3.32% 47.77 normal
2018-09-30__09:56:30 0.39 0.29 0.20 11.33% 47.77 normal
2018-09-30__09:56:35 0.36 0.28 0.20 14.95% 47.24 normal
2018-09-30__09:56:40 0.33 0.28 0.19 2.87% 46.70 normal
2018-09-30__09:56:45 0.54 0.32 0.21 5.24% 46.70 normal
2018-09-30__09:56:50 0.50 0.32 0.21 5.69% 47.24 normal
2018-09-30__09:56:55 0.46 0.31 0.21 3.70% 46.16 normal
2018-09-30__09:57:00 0.42 0.31 0.20 3.77% 47.24 normal
2018-09-30__09:57:05 0.47 0.32 0.21 2.82% 47.24 normal
2018-09-30__09:57:10 0.43 0.31 0.21 8.96% 46.70 normal
2018-09-30__09:57:15 0.39 0.31 0.21 9.52% 46.16 normal
2018-09-30__09:57:20 0.36 0.30 0.20 4.21% 46.16 normal
2018-09-30__09:57:25 0.33 0.30 0.20 4.74% 46.70 normal
2018-09-30__09:57:30 0.31 0.29 0.20 9.00% 47.24 normal
2018-09-30__09:57:35 0.28 0.29 0.20 5.24% 47.24 normal
2018-09-30__09:57:40 0.26 0.28 0.20 8.57% 47.24 normal
2018-09-30__09:57:45 0.24 0.28 0.20 6.60% 47.24 normal
2018-09-30__09:57:50 0.22 0.27 0.20 1.44% 47.24 normal
2018-09-30__09:57:55 0.28 0.28 0.20 18.48% 46.70 normal
2018-09-30__09:58:00 0.26 0.28 0.20 10.33% 46.16 normal
2018-09-30__09:58:05 0.24 0.27 0.20 7.21% 47.24 normal
2018-09-30__09:58:10 0.46 0.32 0.21 8.37% 46.16 normal
2018-09-30__09:58:15 0.42 0.31 0.21 0.49% 46.16 normal
2018-09-30__09:58:20 0.39 0.31 0.21 11.85% 49.39 normal
2018-09-30__09:58:25 0.36 0.30 0.21 2.91% 47.24 normal
2018-09-30__09:58:30 0.33 0.30 0.21 8.45% 47.24 normal
2018-09-30__09:58:35 0.30 0.29 0.21 17.92% 47.24 normal
2018-09-30__09:58:40 0.28 0.29 0.20 12.27% 46.16 normal
2018-09-30__09:58:45 0.25 0.28 0.20 12.92% 46.16 normal
2018-09-30__09:58:50 0.23 0.28 0.20 1.95% 47.24 normal
2018-09-30__09:58:55 0.22 0.27 0.20 5.96% 46.16 normal
2018-09-30__09:59:00 0.36 0.30 0.21 0.97% 47.24 normal
2018-09-30__09:59:05 0.33 0.30 0.21 8.84% 47.24 normal
2018-09-30__09:59:10 0.30 0.29 0.21 7.41% 46.16 normal
2018-09-30__09:59:15 0.28 0.29 0.20 5.50% 46.70 normal
2018-09-30__09:59:20 0.58 0.35 0.23 6.16% 47.24 normal
2018-09-30__09:59:25 0.53 0.34 0.22 6.51% 46.70 normal
2018-09-30__09:59:30 0.49 0.34 0.22 4.72% 47.24 normal
2018-09-30__09:59:35 0.69 0.38 0.24 4.17% 46.16 normal
2018-09-30__09:59:40 0.63 0.38 0.24 11.32% 47.24 normal
2018-09-30__09:59:45 0.58 0.37 0.23 15.89% 47.24 normal
2018-09-30__09:59:50 0.54 0.36 0.23 8.33% 46.16 normal
2018-09-30__09:59:55 0.49 0.36 0.23 3.37% 47.24 normal
2018-09-30__10:00:00 0.45 0.35 0.23 11.54% 47.24 normal
2018-09-30__10:00:05 0.42 0.34 0.23 9.81% 47.24 normal
2018-09-30__10:00:10 0.38 0.34 0.23 6.16% 46.70 normal
2018-09-30__10:00:15 0.35 0.33 0.23 4.29% 47.24 normal
2018-09-30__10:00:20 0.32 0.33 0.22 11.17% 47.24 normal
2018-09-30__10:00:25 0.30 0.32 0.22 8.96% 47.24 normal
2018-09-30__10:00:30 0.51 0.37 0.24 9.26% 47.24 normal
2018-09-30__10:00:35 0.63 0.39 0.25 4.67% 47.24 normal
2018-09-30__10:00:40 0.58 0.39 0.25 2.86% 47.24 normal
2018-09-30__10:00:45 0.54 0.38 0.25 9.22% 47.24 normal
2018-09-30__10:00:50 0.49 0.37 0.24 2.82% 47.24 normal
2018-09-30__10:00:55 0.45 0.37 0.24 10.58% 47.24 normal
2018-09-30__10:01:00 0.50 0.38 0.25 7.01% 47.24 normal
2018-09-30__10:01:05 0.46 0.37 0.25 6.60% 47.24 normal
2018-09-30__10:01:10 0.42 0.36 0.24 6.98% 46.70 normal
2018-09-30__10:01:15 0.39 0.36 0.24 3.32% 47.24 normal
2018-09-30__10:01:20 0.36 0.35 0.24 4.31% 46.70 normal
2018-09-30__10:01:25 0.33 0.35 0.24 10.00% 46.70 normal
2018-09-30__10:01:30 0.30 0.34 0.24 10.48% 47.24 normal
2018-09-30__10:01:35 0.28 0.33 0.24 8.80% 46.16 normal
2018-09-30__10:01:40 0.49 0.38 0.25 2.86% 46.70 normal
2018-09-30__10:01:45 0.45 0.37 0.25 2.84% 46.16 normal
2018-09-30__10:01:50 0.90 0.47 0.28 6.98% 47.24 normal
2018-09-30__10:01:55 0.83 0.46 0.28 4.25% 46.16 normal
2018-09-30__10:02:00 0.76 0.45 0.28 7.69% 46.70 normal
2018-09-30__10:02:05 0.70 0.44 0.28 2.91% 46.70 normal
2018-09-30__10:02:10 0.64 0.43 0.27 7.55% 47.24 normal
2018-09-30__10:02:15 0.59 0.43 0.27 4.67% 46.70 normal
2018-09-30__10:02:20 0.70 0.45 0.28 1.91% 47.24 normal
2018-09-30__10:02:25 0.65 0.45 0.28 4.61% 46.16 normal
2018-09-30__10:02:30 0.60 0.44 0.28 8.10% 47.24 normal
2018-09-30__10:02:35 0.55 0.43 0.28 6.54% 47.24 normal
2018-09-30__10:02:40 0.50 0.42 0.27 7.11% 47.24 normal
2018-09-30__10:02:45 0.46 0.42 0.27 12.50% 47.24 normal
2018-09-30__10:02:50 0.43 0.41 0.27 14.29% 46.16 normal
2018-09-30__10:02:55 0.39 0.40 0.27 7.04% 47.24 normal
2018-09-30__10:03:00 0.36 0.40 0.27 4.21% 46.70 normal
2018-09-30__10:03:05 0.33 0.39 0.27 3.30% 47.24 normal
2018-09-30__10:03:10 0.30 0.38 0.26 7.69% 47.24 normal
2018-09-30__10:03:15 0.28 0.38 0.26 5.63% 47.24 normal
2018-09-30__10:03:20 0.26 0.37 0.26 9.52% 47.24 normal
2018-09-30__10:03:25 0.24 0.36 0.26 9.95% 47.24 normal
2018-09-30__10:03:30 0.22 0.36 0.26 7.18% 47.24 normal
2018-09-30__10:03:35 0.20 0.35 0.26 7.51% 47.24 normal
2018-09-30__10:03:40 0.26 0.36 0.26 1.91% 47.24 normal
2018-09-30__10:03:45 0.24 0.35 0.26 4.61% 46.16 normal
2018-09-30__10:03:50 0.22 0.35 0.26 2.39% 47.24 normal
2018-09-30__10:03:55 0.20 0.34 0.26 10.43% 47.24 normal
2018-09-30__10:04:00 0.19 0.34 0.26 19.14% 47.24 normal
2018-09-30__10:04:05 0.17 0.33 0.25 11.32% 46.16 normal
2018-09-30__10:04:10 0.16 0.33 0.25 0.48% 47.24 normal
2018-09-30__10:04:15 0.15 0.32 0.25 10.58% 47.24 normal
2018-09-30__10:04:20 0.21 0.33 0.26 7.55% 47.24 normal
2018-09-30__10:04:25 0.20 0.33 0.25 2.87% 47.24 normal
2018-09-30__10:04:30 0.18 0.32 0.25 3.72% 46.16 normal
2018-09-30__10:04:35 0.25 0.33 0.26 5.91% 47.24 normal
2018-09-30__10:04:40 0.39 0.36 0.27 14.08% 47.24 normal
2018-09-30__10:04:45 0.36 0.35 0.27 2.84% 46.70 normal
2018-09-30__10:04:50 0.33 0.35 0.26 1.44% 47.24 normal
2018-09-30__10:04:55 0.30 0.34 0.26 8.53% 47.24 normal
2018-09-30__10:05:00 0.28 0.33 0.26 7.66% 46.70 normal
2018-09-30__10:05:05 0.25 0.33 0.26 3.32% 47.24 normal
2018-09-30__10:05:10 0.23 0.32 0.26 1.89% 46.70 normal
2018-09-30__10:05:15 0.21 0.32 0.26 12.80% 47.24 normal
2018-09-30__10:05:20 0.20 0.31 0.25 5.94% 47.24 normal
2018-09-30__10:05:25 0.18 0.31 0.25 1.44% 46.70 normal
2018-09-30__10:05:30 0.17 0.30 0.25 2.39% 47.24 normal
2018-09-30__10:05:35 0.15 0.30 0.25 7.66% 47.24 normal
2018-09-30__10:05:40 0.22 0.31 0.25 5.77% 47.24 normal
2018-09-30__10:05:45 0.20 0.30 0.25 2.44% 47.24 normal
2018-09-30__10:05:50 0.19 0.30 0.25 7.41% 47.24 normal
2018-09-30__10:05:55 0.17 0.29 0.25 2.45% 47.24 normal
2018-09-30__10:06:00 0.40 0.34 0.27 10.05% 46.16 normal
2018-09-30__10:06:05 0.37 0.33 0.26 5.26% 46.16 normal
2018-09-30__10:06:10 0.34 0.33 0.26 2.84% 47.24 normal
2018-09-30__10:06:15 0.31 0.32 0.26 2.83% 46.70 normal
2018-09-30__10:06:20 0.28 0.31 0.26 5.37% 47.24 normal
2018-09-30__10:06:25 0.26 0.31 0.26 22.97% 46.70 normal
2018-09-30__10:06:30 0.24 0.30 0.26 3.74% 46.70 normal
2018-09-30__10:06:35 0.22 0.30 0.26 4.31% 47.24 normal
2018-09-30__10:06:40 0.20 0.29 0.25 11.17% 47.24 normal
2018-09-30__10:06:45 0.27 0.31 0.26 5.16% 47.24 normal
2018-09-30__10:06:50 0.24 0.30 0.26 3.76% 47.24 normal
2018-09-30__10:06:55 0.22 0.29 0.26 1.44% 46.70 normal
2018-09-30__10:07:00 0.21 0.29 0.25 7.25% 47.77 normal
2018-09-30__10:07:05 0.27 0.30 0.26 7.11% 47.24 normal
2018-09-30__10:07:10 0.25 0.30 0.26 3.79% 47.24 normal
2018-09-30__10:07:15 0.23 0.29 0.26 11.96% 47.24 normal
2018-09-30__10:07:20 0.21 0.29 0.25 7.48% 46.16 normal
2018-09-30__10:07:25 0.19 0.28 0.25 13.21% 46.16 normal
2018-09-30__10:07:30 0.18 0.28 0.25 5.58% 46.16 normal
2018-09-30__10:07:35 0.16 0.27 0.25 1.45% 47.24 normal
2018-09-30__10:07:40 0.15 0.27 0.25 6.28% 47.24 normal
2018-09-30__10:07:45 0.14 0.26 0.25 8.06% 47.24 normal
2018-09-30__10:07:50 0.13 0.26 0.25 6.22% 47.24 normal
2018-09-30__10:07:55 0.12 0.25 0.24 6.10% 47.24 normal
2018-09-30__10:08:00 0.27 0.28 0.25 3.30% 47.24 normal
2018-09-30__10:08:05 0.25 0.28 0.25 6.83% 47.24 normal
2018-09-30__10:08:10 0.23 0.27 0.25 5.66% 47.24 normal
2018-09-30__10:08:15 0.29 0.28 0.25 23.94% 47.24 normal
2018-09-30__10:08:20 0.26 0.28 0.25 1.46% 47.24 normal
2018-09-30__10:08:25 0.24 0.27 0.25 6.67% 47.24 normal
2018-09-30__10:08:30 0.22 0.27 0.25 10.24% 47.24 normal
2018-09-30__10:08:35 0.21 0.26 0.25 3.85% 47.24 normal
2018-09-30__10:08:40 0.19 0.26 0.25 3.76% 47.24 normal
2018-09-30__10:08:45 0.17 0.26 0.25 5.63% 47.77 normal
2018-09-30__10:08:50 0.24 0.27 0.25 10.14% 47.77 normal
2018-09-30__10:08:55 0.22 0.26 0.25 4.74% 47.24 normal
2018-09-30__10:09:00 0.20 0.26 0.25 4.67% 46.70 normal
2018-09-30__10:09:05 0.19 0.25 0.25 2.39% 47.24 normal
2018-09-30__10:09:10 0.17 0.25 0.24 24.40% 47.24 normal
2018-09-30__10:09:15 0.56 0.33 0.27 8.61% 47.24 normal
2018-09-30__10:09:20 0.51 0.32 0.27 1.44% 46.16 normal
2018-09-30__10:09:25 0.47 0.32 0.27 12.21% 47.24 normal
2018-09-30__10:09:30 0.43 0.31 0.27 8.17% 46.16 normal
2018-09-30__10:09:35 0.40 0.31 0.26 2.84% 46.16 normal
2018-09-30__10:09:40 0.37 0.30 0.26 3.27% 46.16 normal
2018-09-30__10:09:45 0.34 0.30 0.26 6.16% 46.70 normal
2018-09-30__10:09:50 0.31 0.29 0.26 13.33% 47.24 normal
2018-09-30__10:09:55 0.28 0.29 0.26 7.11% 47.24 normal
2018-09-30__10:10:00 0.26 0.28 0.26 0.97% 47.24 normal
2018-09-30__10:10:05 0.24 0.28 0.26 5.21% 47.24 normal
2018-09-30__10:10:10 0.22 0.27 0.25 6.80% 47.24 normal
2018-09-30__10:10:15 0.36 0.30 0.26 2.84% 47.24 normal
2018-09-30__10:10:20 0.33 0.29 0.26 4.59% 46.70 normal
2018-09-30__10:10:25 0.47 0.32 0.27 9.09% 47.24 normal
2018-09-30__10:10:30 0.43 0.32 0.27 4.33% 46.70 normal
2018-09-30__10:10:35 0.40 0.31 0.27 8.25% 47.24 normal
2018-09-30__10:10:40 0.36 0.31 0.27 9.35% 47.24 normal
2018-09-30__10:10:45 0.33 0.30 0.27 2.84% 47.24 normal
2018-09-30__10:10:50 0.39 0.31 0.27 8.53% 47.24 normal
2018-09-30__10:10:55 0.36 0.31 0.27 5.21% 47.24 normal
2018-09-30__10:11:00 0.41 0.32 0.27 3.32% 47.24 normal
2018-09-30__10:11:05 0.38 0.31 0.27 9.00% 47.24 normal
2018-09-30__10:11:10 0.35 0.31 0.27 5.34% 46.16 normal
2018-09-30__10:11:15 0.32 0.30 0.27 19.52% 47.24 normal
2018-09-30__10:11:20 0.29 0.30 0.27 9.48% 47.24 normal
2018-09-30__10:11:25 0.27 0.29 0.27 1.91% 46.16 normal
2018-09-30__10:11:30 0.33 0.31 0.27 6.34% 47.77 normal
2018-09-30__10:11:35 0.30 0.30 0.27 6.98% 47.24 normal
2018-09-30__10:11:40 0.28 0.29 0.27 11.21% 47.24 normal
2018-09-30__10:11:45 0.25 0.29 0.27 5.21% 47.24 normal
2018-09-30__10:11:50 0.23 0.28 0.26 3.33% 47.24 normal
2018-09-30__10:11:55 0.29 0.30 0.27 1.46% 47.24 normal
2018-09-30__10:12:00 0.27 0.29 0.27 3.85% 47.24 normal
2018-09-30__10:12:05 0.41 0.32 0.28 0.96% 47.24 normal
2018-09-30__10:12:10 0.38 0.31 0.28 11.96% 47.24 normal
2018-09-30__10:12:15 0.35 0.31 0.27 11.85% 47.24 normal
2018-09-30__10:12:20 0.32 0.30 0.27 2.83% 47.24 normal
2018-09-30__10:12:25 0.37 0.32 0.28 2.86% 47.24 normal
2018-09-30__10:12:30 0.34 0.31 0.27 3.77% 46.70 normal
2018-09-30__10:12:35 0.31 0.30 0.27 1.90% 46.70 normal
2018-09-30__10:12:40 0.45 0.33 0.28 8.21% 47.24 normal
2018-09-30__10:12:45 0.41 0.33 0.28 5.83% 47.24 normal
2018-09-30__10:12:50 0.54 0.35 0.29 1.44% 46.16 normal
2018-09-30__10:12:55 0.50 0.35 0.29 7.27% 46.16 normal
2018-09-30__10:13:00 0.54 0.36 0.29 2.84% 46.16 normal
2018-09-30__10:13:05 0.50 0.35 0.29 0.97% 46.16 normal
2018-09-30__10:13:10 0.45 0.35 0.29 4.23% 47.24 normal
2018-09-30__10:13:15 0.42 0.34 0.29 3.79% 46.16 normal
2018-09-30__10:13:20 0.38 0.34 0.28 11.32% 46.16 normal
2018-09-30__10:13:25 0.35 0.33 0.28 4.39% 46.70 normal
2018-09-30__10:13:30 0.33 0.32 0.28 3.79% 47.24 normal
2018-09-30__10:13:35 0.30 0.32 0.28 3.88% 46.16 normal
2018-09-30__10:13:40 0.27 0.31 0.28 3.32% 46.16 normal
2018-09-30__10:13:45 0.25 0.31 0.27 1.45% 47.24 normal
2018-09-30__10:13:50 0.31 0.32 0.28 3.76% 46.70 normal
2018-09-30__10:13:55 0.29 0.31 0.28 3.30% 47.24 normal
2018-09-30__10:14:00 0.34 0.33 0.28 1.45% 46.70 normal
2018-09-30__10:14:05 0.32 0.32 0.28 14.35% 46.70 normal
2018-09-30__10:14:10 0.29 0.31 0.28 3.37% 46.70 normal
2018-09-30__10:14:15 0.43 0.34 0.28 1.43% 46.16 normal
2018-09-30__10:14:20 0.39 0.34 0.28 6.82% 45.62 normal
2018-09-30__10:14:25 0.36 0.33 0.28 3.30% 46.70 normal
2018-09-30__10:14:30 0.33 0.32 0.28 4.63% 46.16 normal
2018-09-30__10:14:35 0.31 0.32 0.28 3.29% 47.24 normal
2018-09-30__10:14:40 0.28 0.31 0.27 2.83% 46.70 normal
2018-09-30__10:14:45 0.26 0.31 0.27 8.06% 46.16 normal
2018-09-30__10:14:50 0.24 0.30 0.27 14.08% 47.24 normal
2018-09-30__10:14:55 0.22 0.30 0.27 4.29% 46.16 normal
2018-09-30__10:15:00 0.20 0.29 0.27 2.37% 46.16 normal
2018-09-30__10:15:05 0.18 0.29 0.27 2.86% 47.24 normal
2018-09-30__10:15:10 0.17 0.28 0.27 2.87% 46.70 normal
2018-09-30__10:15:15 0.16 0.28 0.26 1.42% 46.16 normal
2018-09-30__10:15:20 0.30 0.31 0.27 3.77% 46.70 normal
2018-09-30__10:15:25 0.28 0.30 0.27 2.86% 46.16 normal
2018-09-30__10:15:30 0.26 0.30 0.27 8.37% 46.70 normal
2018-09-30__10:15:35 0.24 0.29 0.27 6.57% 46.70 normal
2018-09-30__10:15:40 0.22 0.29 0.27 2.38% 45.62 normal
2018-09-30__10:15:45 0.20 0.28 0.27 3.81% 46.16 normal
2018-09-30__10:15:50 0.18 0.28 0.26 3.76% 45.62 normal
2018-09-30__10:15:55 0.17 0.27 0.26 4.67% 46.16 normal
2018-09-30__10:16:00 0.23 0.28 0.27 1.45% 46.16 normal
2018-09-30__10:16:05 0.22 0.28 0.27 3.74% 45.62 normal
2018-09-30__10:16:10 0.20 0.27 0.26 1.44% 46.16 normal
2018-09-30__10:16:15 0.18 0.27 0.26 3.72% 45.62 normal
2018-09-30__10:16:20 0.17 0.26 0.26 1.91% 46.16 normal
2018-09-30__10:16:25 0.15 0.26 0.26 4.21% 45.62 normal
2018-09-30__10:16:30 0.14 0.25 0.26 2.36% 45.62 normal
2018-09-30__10:16:35 0.13 0.25 0.26 2.84% 46.16 normal
2018-09-30__10:16:40 0.12 0.25 0.26 11.21% 46.16 normal
2018-09-30__10:16:45 0.11 0.24 0.25 6.10% 46.16 normal
2018-09-30__10:16:50 0.10 0.24 0.25 4.59% 46.16 normal
2018-09-30__10:16:55 0.09 0.23 0.25 3.27% 45.62 normal
2018-09-30__10:17:00 0.08 0.23 0.25 1.90% 46.16 normal
2018-09-30__10:17:05 0.08 0.22 0.25 3.32% 46.16 normal
2018-09-30__10:17:10 0.71 0.35 0.29 1.90% 45.08 normal
2018-09-30__10:17:15 0.65 0.35 0.29 4.65% 46.16 normal
2018-09-30__10:17:20 0.60 0.34 0.29 8.57% 46.70 normal
2018-09-30__10:17:25 0.55 0.34 0.28 1.44% 45.62 normal
2018-09-30__10:17:30 0.51 0.33 0.28 5.05% 46.16 normal
2018-09-30__10:17:35 0.47 0.32 0.28 2.83% 46.16 normal
2018-09-30__10:17:40 0.43 0.32 0.28 2.83% 46.16 normal
2018-09-30__10:17:45 0.40 0.31 0.28 4.25% 46.16 normal
2018-09-30__10:17:50 0.44 0.32 0.28 3.30% 46.16 normal
2018-09-30__10:17:55 0.41 0.32 0.28 10.75% 46.16 normal
2018-09-30__10:18:00 0.38 0.31 0.28 9.17% 45.62 normal
2018-09-30__10:18:05 0.35 0.31 0.27 3.77% 46.16 normal
2018-09-30__10:18:10 0.32 0.30 0.27 0.97% 46.70 normal
2018-09-30__10:18:15 0.29 0.30 0.27 3.74% 45.62 normal
2018-09-30__10:18:20 0.27 0.29 0.27 1.89% 45.62 normal
2018-09-30__10:18:25 0.25 0.29 0.27 2.38% 46.16 normal
2018-09-30__10:18:30 0.23 0.28 0.27 1.43% 45.08 normal
2018-09-30__10:18:35 0.21 0.28 0.27 9.68% 46.70 normal
2018-09-30__10:18:40 0.19 0.27 0.26 5.66% 46.16 normal
2018-09-30__10:18:45 0.18 0.27 0.26 1.42% 45.08 normal
2018-09-30__10:18:50 0.16 0.26 0.26 3.29% 45.62 normal
2018-09-30__10:18:55 0.15 0.26 0.26 2.84% 46.16 normal
2018-09-30__10:19:00 0.14 0.25 0.26 3.27% 45.62 normal
2018-09-30__10:19:05 0.12 0.25 0.26 1.44% 46.16 normal
2018-09-30__10:19:10 0.11 0.25 0.25 2.38% 46.16 normal
2018-09-30__10:19:15 0.10 0.24 0.25 9.68% 46.16 normal
2018-09-30__10:19:20 0.10 0.24 0.25 5.66% 46.16 normal
2018-09-30__10:19:25 0.09 0.23 0.25 1.90% 45.62 normal
2018-09-30__10:19:30 0.08 0.23 0.25 3.30% 46.16 normal
2018-09-30__10:19:35 0.07 0.22 0.25 2.88% 46.16 normal
2018-09-30__10:19:40 0.07 0.22 0.25 2.35% 46.16 normal
2018-09-30__10:19:45 0.06 0.22 0.24 3.29% 45.62 normal
2018-09-30__10:19:50 0.06 0.21 0.24 1.92% 47.24 normal
2018-09-30__10:19:55 0.05 0.21 0.24 4.19% 46.16 normal
2018-09-30__10:20:00 0.05 0.20 0.24 7.69% 47.24 normal
2018-09-30__10:20:05 0.04 0.20 0.24 3.30% 46.16 normal
2018-09-30__10:20:10 0.04 0.20 0.24 4.39% 46.70 normal
2018-09-30__10:20:15 0.04 0.19 0.24 3.32% 46.16 normal
2018-09-30__10:20:20 0.03 0.19 0.23 3.32% 46.70 normal
2018-09-30__10:20:25 0.03 0.19 0.23 3.77% 46.16 normal
2018-09-30__10:20:30 0.03 0.18 0.23 1.92% 46.16 normal
2018-09-30__10:20:35 0.03 0.18 0.23 3.27% 45.62 normal
2018-09-30__10:20:40 0.02 0.18 0.23 9.95% 46.70 normal
2018-09-30__10:20:45 0.02 0.17 0.23 4.74% 46.70 normal
2018-09-30__10:20:50 0.02 0.17 0.23 2.84% 47.24 normal
2018-09-30__10:20:55 0.02 0.17 0.22 2.38% 46.70 normal
2018-09-30__10:21:00 0.02 0.16 0.22 5.12% 46.70 normal
2018-09-30__10:21:05 0.01 0.16 0.22 2.38% 46.70 normal
2018-09-30__10:21:10 0.01 0.16 0.22 3.76% 46.16 normal
2018-09-30__10:21:15 0.01 0.16 0.22 4.65% 46.16 normal
2018-09-30__10:21:20 0.09 0.17 0.22 4.74% 46.16 normal
2018-09-30__10:21:25 0.08 0.17 0.22 5.69% 46.16 normal
2018-09-30__10:21:30 0.08 0.16 0.22 2.84% 46.70 normal
2018-09-30__10:21:35 0.07 0.16 0.22 2.83% 45.62 normal
2018-09-30__10:21:40 0.06 0.16 0.22 3.74% 45.62 normal
2018-09-30__10:21:45 0.06 0.16 0.22 4.67% 46.16 normal
2018-09-30__10:21:50 0.05 0.15 0.21 2.38% 46.16 normal
2018-09-30__10:21:55 0.05 0.15 0.21 5.21% 46.16 normal
2018-09-30__10:22:00 0.05 0.15 0.21 3.38% 46.70 normal
2018-09-30__10:22:05 0.04 0.14 0.21 2.82% 45.08 normal
2018-09-30__10:22:10 0.04 0.14 0.21 5.99% 46.16 normal
2018-09-30__10:22:15 0.03 0.14 0.21 5.09% 45.62 normal
2018-09-30__10:22:20 0.03 0.14 0.20 1.90% 45.08 normal
2018-09-30__10:22:25 0.03 0.13 0.20 1.89% 45.62 normal
2018-09-30__10:22:30 0.03 0.13 0.20 3.32% 46.16 normal
2018-09-30__10:22:35 0.02 0.13 0.20 6.70% 46.16 normal
2018-09-30__10:22:40 0.02 0.13 0.20 5.24% 46.70 normal
2018-09-30__10:22:45 0.02 0.12 0.20 0.96% 45.62 normal
2018-09-30__10:22:50 0.02 0.12 0.20 0.96% 46.16 normal
2018-09-30__10:22:55 0.02 0.12 0.19 3.77% 46.16 normal
2018-09-30__10:23:00 0.02 0.12 0.19 5.94% 45.62 normal
2018-09-30__10:23:05 0.01 0.12 0.19 3.33% 46.16 normal
2018-09-30__10:23:10 0.01 0.11 0.19 2.38% 45.62 normal
2018-09-30__10:23:15 0.01 0.11 0.19 3.38% 46.70 normal
2018-09-30__10:23:20 0.01 0.11 0.19 2.38% 46.16 normal
2018-09-30__10:23:25 0.01 0.11 0.19 2.37% 46.16 normal
2018-09-30__10:23:30 0.01 0.11 0.18 2.35% 45.08 normal
2018-09-30__10:23:35 0.01 0.10 0.18 3.33% 46.16 normal
2018-09-30__10:23:40 0.01 0.10 0.18 4.25% 46.16 normal
2018-09-30__10:23:45 0.09 0.12 0.19 1.90% 46.16 normal
2018-09-30__10:23:50 0.08 0.11 0.18 9.00% 46.16 normal
2018-09-30__10:23:55 0.07 0.11 0.18 7.08% 45.62 normal
2018-09-30__10:24:00 0.07 0.11 0.18 4.25% 45.62 normal
2018-09-30__10:24:05 0.06 0.11 0.18 4.19% 45.62 normal
2018-09-30__10:24:10 0.06 0.11 0.18 4.67% 45.62 normal
2018-09-30__10:24:15 0.05 0.10 0.18 0.97% 46.16 normal
2018-09-30__10:24:20 0.05 0.10 0.18 2.84% 46.16 normal
2018-09-30__10:24:25 0.04 0.10 0.18 2.36% 46.16 normal
2018-09-30__10:24:30 0.04 0.10 0.18 1.45% 45.08 normal
2018-09-30__10:24:35 0.04 0.10 0.17 4.76% 46.16 normal
2018-09-30__10:24:40 0.03 0.10 0.17 5.14% 45.62 normal
2018-09-30__10:24:45 0.03 0.09 0.17 3.29% 45.62 normal
2018-09-30__10:24:50 0.03 0.09 0.17 3.30% 46.16 normal
2018-09-30__10:24:55 0.02 0.09 0.17 5.07% 45.08 normal
2018-09-30__10:25:00 0.02 0.09 0.17 4.19% 45.08 normal
2018-09-30__10:25:05 0.02 0.09 0.17 3.27% 45.08 normal
2018-09-30__10:25:10 0.02 0.08 0.17 3.30% 45.62 normal
2018-09-30__10:25:15 0.02 0.08 0.17 14.15% 45.08 normal
2018-09-30__10:25:20 0.02 0.08 0.17 4.76% 46.16 normal
2018-09-30__10:25:25 0.01 0.08 0.16 2.84% 45.08 normal
2018-09-30__10:25:30 0.17 0.11 0.18 3.30% 46.16 normal
2018-09-30__10:25:35 0.16 0.11 0.17 4.63% 45.62 normal
2018-09-30__10:25:40 0.15 0.11 0.17 3.30% 46.16 normal
2018-09-30__10:25:45 0.13 0.11 0.17 1.45% 46.16 normal
2018-09-30__10:25:50 0.12 0.10 0.17 3.29% 46.16 normal
2018-09-30__10:25:55 0.11 0.10 0.17 8.13% 46.16 normal
2018-09-30__10:26:00 0.10 0.10 0.17 4.76% 46.16 normal
2018-09-30__10:26:05 0.10 0.10 0.17 2.38% 46.16 normal
2018-09-30__10:26:10 0.09 0.10 0.17 2.83% 45.62 normal
2018-09-30__10:26:15 0.08 0.09 0.17 2.87% 46.16 normal
2018-09-30__10:26:20 0.07 0.09 0.17 2.84% 46.16 normal
2018-09-30__10:26:25 0.07 0.09 0.16 1.45% 46.16 normal
2018-09-30__10:26:30 0.06 0.09 0.16 4.67% 46.16 normal
2018-09-30__10:26:35 0.06 0.09 0.16 1.44% 45.08 normal
2018-09-30__10:26:40 0.05 0.09 0.16 4.74% 45.62 normal
2018-09-30__10:26:45 0.05 0.08 0.16 3.27% 45.08 normal
2018-09-30__10:26:50 0.04 0.08 0.16 3.30% 45.62 normal
2018-09-30__10:26:55 0.04 0.08 0.16 2.40% 46.16 normal
2018-09-30__10:27:00 0.04 0.08 0.16 2.38% 46.16 normal
2018-09-30__10:27:05 0.03 0.08 0.16 1.89% 45.62 normal
2018-09-30__10:27:10 0.03 0.08 0.16 2.86% 46.16 normal
2018-09-30__10:27:15 0.11 0.09 0.16 2.84% 46.16 normal
2018-09-30__10:27:20 0.10 0.09 0.16 6.83% 46.16 normal
2018-09-30__10:27:25 0.09 0.09 0.16 3.79% 46.16 normal
2018-09-30__10:27:30 0.08 0.09 0.16 4.17% 45.08 normal
2018-09-30__10:27:35 0.08 0.08 0.16 2.80% 45.08 normal
2018-09-30__10:27:40 0.07 0.08 0.16 4.67% 46.16 normal
2018-09-30__10:27:45 0.07 0.08 0.16 4.19% 45.62 normal
2018-09-30__10:27:50 0.06 0.08 0.15 4.69% 46.16 normal
2018-09-30__10:27:55 0.06 0.08 0.15 1.92% 46.16 normal
2018-09-30__10:28:00 0.05 0.08 0.15 8.10% 45.62 normal
2018-09-30__10:28:05 0.05 0.08 0.15 4.78% 45.62 normal
2018-09-30__10:28:10 0.05 0.08 0.15 4.21% 46.16 normal
2018-09-30__10:28:15 0.04 0.07 0.15 2.37% 46.16 normal
2018-09-30__10:28:20 0.28 0.12 0.17 3.32% 46.16 normal
2018-09-30__10:28:25 0.50 0.17 0.18 1.92% 46.16 normal
2018-09-30__10:28:30 0.86 0.25 0.21 3.72% 45.08 normal
2018-09-30__10:28:35 1.59 0.41 0.26 3.27% 45.62 normal
2018-09-30__10:28:40 1.86 0.49 0.29 6.64% 46.16 normal
2018-09-30__10:28:45 2.36 0.62 0.33 5.21% 45.62 normal
2018-09-30__10:28:50 2.41 0.66 0.34 5.14% 45.62 normal
2018-09-30__10:28:55 2.37 0.68 0.35 5.07% 45.08 normal
2018-09-30__10:29:00 2.42 0.72 0.37 1.91% 45.62 normal
2018-09-30__10:29:05 2.31 0.72 0.37 2.38% 46.16 normal
2018-09-30__10:29:10 2.13 0.71 0.37 4.23% 45.08 normal
2018-09-30__10:29:15 1.95 0.70 0.36 3.74% 45.62 normal
2018-09-30__10:29:20 1.80 0.68 0.36 1.93% 45.62 normal
2018-09-30__10:29:25 1.65 0.67 0.36 9.05% 45.62 normal
2018-09-30__10:29:30 1.52 0.66 0.36 6.13% 45.62 normal
2018-09-30__10:29:35 1.40 0.65 0.36 1.90% 45.08 normal
2018-09-30__10:29:40 1.29 0.64 0.35 2.35% 45.08 normal
2018-09-30__10:29:45 1.34 0.66 0.36 5.58% 45.62 normal
2018-09-30__10:29:50 1.24 0.65 0.36 2.83% 45.08 normal
2018-09-30__10:29:55 1.14 0.64 0.36 2.38% 45.62 normal
2018-09-30__10:30:00 1.05 0.63 0.36 2.84% 45.08 normal
2018-09-30__10:30:05 0.96 0.62 0.36 9.91% 46.16 normal
2018-09-30__10:30:10 0.88 0.61 0.35 3.86% 46.16 normal
2018-09-30__10:30:15 0.81 0.60 0.35 3.81% 45.62 normal
2018-09-30__10:30:20 0.75 0.59 0.35 1.92% 45.62 normal
2018-09-30__10:30:25 0.69 0.58 0.35 4.23% 46.16 normal
2018-09-30__10:30:30 0.63 0.57 0.35 2.86% 46.16 normal
2018-09-30__10:30:35 0.58 0.56 0.34 2.37% 46.16 normal
2018-09-30__10:30:40 0.54 0.55 0.34 2.83% 45.62 normal
2018-09-30__10:30:45 0.49 0.54 0.34 6.57% 46.16 normal
2018-09-30__10:30:50 0.45 0.53 0.34 5.21% 45.08 normal
2018-09-30__10:30:55 0.42 0.52 0.34 3.76% 45.62 normal
2018-09-30__10:31:00 0.38 0.51 0.33 3.26% 45.08 normal
2018-09-30__10:31:05 0.35 0.50 0.33 4.23% 46.16 normal
2018-09-30__10:31:10 0.32 0.49 0.33 2.83% 45.08 normal
2018-09-30__10:31:15 0.30 0.49 0.33 2.83% 46.16 normal
2018-09-30__10:31:20 0.27 0.48 0.33 2.82% 45.08 normal
2018-09-30__10:31:25 0.25 0.47 0.32 3.32% 46.16 normal
2018-09-30__10:31:30 0.23 0.46 0.32 6.48% 46.16 normal
2018-09-30__10:31:35 0.21 0.45 0.32 4.23% 45.62 normal
2018-09-30__10:31:40 0.19 0.45 0.32 2.37% 45.08 normal
2018-09-30__10:31:45 0.18 0.44 0.32 1.46% 45.62 normal
2018-09-30__10:31:50 0.16 0.43 0.31 2.38% 46.16 normal
2018-09-30__10:31:55 0.15 0.42 0.31 2.82% 45.62 normal
2018-09-30__10:32:00 0.14 0.42 0.31 2.84% 46.16 normal
2018-09-30__10:32:05 0.13 0.41 0.31 2.86% 46.16 normal
2018-09-30__10:32:10 0.12 0.40 0.31 14.22% 45.62 normal
2018-09-30__10:32:15 0.19 0.41 0.31 2.93% 45.62 normal
2018-09-30__10:32:20 0.17 0.41 0.31 3.30% 45.62 normal
2018-09-30__10:32:25 0.16 0.40 0.31 4.19% 45.08 normal
2018-09-30__10:32:30 0.15 0.39 0.30 2.84% 45.08 normal
2018-09-30__10:32:35 0.13 0.38 0.30 2.37% 45.08 normal
2018-09-30__10:32:40 0.12 0.38 0.30 1.90% 45.08 normal
2018-09-30__10:32:45 0.11 0.37 0.30 3.77% 45.62 normal
2018-09-30__10:32:50 0.10 0.37 0.30 13.15% 45.08 normal
2018-09-30__10:32:55 0.10 0.36 0.29 4.76% 46.16 normal
2018-09-30__10:33:00 0.09 0.35 0.29 4.69% 45.08 normal
2018-09-30__10:33:05 0.08 0.35 0.29 3.29% 45.08 normal
2018-09-30__10:33:10 0.07 0.34 0.29 4.23% 46.16 normal
2018-09-30__10:33:15 0.07 0.33 0.29 0.49% 45.62 normal
2018-09-30__10:33:20 0.06 0.33 0.29 3.32% 45.08 normal
2018-09-30__10:33:25 0.06 0.32 0.28 1.91% 45.08 normal
2018-09-30__10:33:30 0.29 0.37 0.30 4.69% 46.16 normal
2018-09-30__10:33:35 0.27 0.36 0.30 4.78% 45.62 normal
2018-09-30__10:33:40 0.25 0.36 0.29 3.74% 45.08 normal
2018-09-30__10:33:45 0.23 0.35 0.29 3.26% 45.08 normal
2018-09-30__10:33:50 0.37 0.38 0.30 2.86% 45.62 normal
2018-09-30__10:33:55 0.50 0.40 0.31 4.25% 46.16 normal
2018-09-30__10:34:00 0.62 0.43 0.32 4.17% 45.62 normal
2018-09-30__10:34:05 0.73 0.46 0.33 3.76% 45.08 normal
2018-09-30__10:34:10 0.67 0.45 0.33 3.72% 45.08 normal
2018-09-30__10:34:15 0.78 0.48 0.34 5.83% 46.16 normal
2018-09-30__10:34:20 0.72 0.47 0.33 2.84% 45.62 normal
2018-09-30__10:34:25 0.66 0.46 0.33 3.77% 46.16 normal
2018-09-30__10:34:30 0.61 0.45 0.33 4.25% 46.16 normal
2018-09-30__10:34:35 0.56 0.44 0.33 3.76% 45.62 normal
2018-09-30__10:34:40 0.51 0.44 0.33 4.65% 45.08 normal
2018-09-30__10:34:45 0.47 0.43 0.32 3.32% 46.16 normal
2018-09-30__10:34:50 0.43 0.42 0.32 0.48% 45.62 normal
2018-09-30__10:34:55 0.40 0.41 0.32 11.43% 45.08 normal
2018-09-30__10:35:00 0.37 0.41 0.32 6.13% 45.08 normal
2018-09-30__10:35:05 0.34 0.40 0.32 3.32% 46.16 normal
2018-09-30__10:35:10 0.31 0.39 0.31 3.74% 45.62 normal
2018-09-30__10:35:15 0.28 0.39 0.31 3.29% 45.08 normal
2018-09-30__10:35:20 0.26 0.38 0.31 3.30% 46.16 normal
2018-09-30__10:35:25 0.24 0.37 0.31 3.29% 45.62 normal
2018-09-30__10:35:30 0.22 0.37 0.31 0.97% 46.16 normal
2018-09-30__10:35:35 0.20 0.36 0.31 13.55% 46.16 normal
2018-09-30__10:35:40 0.19 0.35 0.30 6.07% 46.16 normal
2018-09-30__10:35:45 0.33 0.38 0.31 4.67% 46.16 normal
2018-09-30__10:35:50 0.30 0.37 0.31 4.65% 45.08 normal
2018-09-30__10:35:55 0.28 0.37 0.31 4.67% 45.08 normal
2018-09-30__10:36:00 0.26 0.36 0.31 5.14% 45.62 normal
2018-09-30__10:36:05 0.24 0.36 0.30 3.30% 46.16 normal
2018-09-30__10:36:10 0.22 0.35 0.30 2.83% 46.70 normal
2018-09-30__10:36:15 0.20 0.34 0.30 3.30% 46.16 normal
2018-09-30__10:36:20 0.18 0.34 0.30 3.37% 46.16 normal
2018-09-30__10:36:25 0.17 0.33 0.30 2.87% 46.16 normal
2018-09-30__10:36:30 0.16 0.33 0.29 1.90% 45.08 normal
2018-09-30__10:36:35 0.14 0.32 0.29 3.76% 46.16 normal
2018-09-30__10:36:40 0.13 0.31 0.29 4.23% 45.62 normal
2018-09-30__10:36:45 0.12 0.31 0.29 2.82% 45.08 normal
2018-09-30__10:36:50 0.11 0.30 0.29 1.91% 45.62 normal
2018-09-30__10:36:55 0.10 0.30 0.29 1.43% 46.16 normal
2018-09-30__10:37:00 0.09 0.29 0.28 8.17% 46.16 normal
2018-09-30__10:37:05 0.08 0.29 0.28 3.86% 45.62 normal
2018-09-30__10:37:10 0.08 0.28 0.28 2.38% 46.16 normal
2018-09-30__10:37:15 0.07 0.28 0.28 3.74% 45.08 normal
2018-09-30__10:37:20 0.07 0.27 0.28 3.76% 46.16 normal
2018-09-30__10:37:25 0.06 0.27 0.27 1.45% 46.16 normal
2018-09-30__10:37:30 0.06 0.26 0.27 3.32% 46.16 normal
2018-09-30__10:37:35 0.05 0.26 0.27 2.37% 46.16 normal
2018-09-30__10:37:40 0.05 0.26 0.27 11.11% 46.16 normal
2018-09-30__10:37:45 0.04 0.25 0.27 7.01% 46.16 normal
2018-09-30__10:37:50 0.04 0.25 0.27 4.23% 45.62 normal
2018-09-30__10:37:55 0.04 0.24 0.26 2.38% 45.08 normal
2018-09-30__10:38:00 0.03 0.24 0.26 2.84% 46.16 normal
2018-09-30__10:38:05 0.11 0.25 0.27 4.23% 46.16 normal
2018-09-30__10:38:10 0.10 0.25 0.27 2.84% 46.16 normal
2018-09-30__10:38:15 0.09 0.24 0.26 3.33% 46.16 normal
2018-09-30__10:38:20 0.08 0.24 0.26 2.38% 46.16 normal
2018-09-30__10:38:25 0.08 0.23 0.26 14.08% 45.08 normal
2018-09-30__10:38:30 0.07 0.23 0.26 3.29% 45.62 normal
2018-09-30__10:38:35 0.07 0.22 0.26 0.00% 46.16 normal
2018-09-30__10:38:40 0.06 0.22 0.26 4.67% 46.16 normal
2018-09-30__10:38:45 0.06 0.22 0.26 2.84% 46.16 normal
2018-09-30__10:38:50 0.05 0.21 0.25 2.86% 46.16 normal
2018-09-30__10:38:55 0.05 0.21 0.25 1.44% 46.16 normal
2018-09-30__10:39:00 0.04 0.21 0.25 2.84% 46.16 normal
2018-09-30__10:39:05 0.04 0.20 0.25 4.27% 45.62 normal
2018-09-30__10:39:10 0.04 0.20 0.25 2.84% 45.62 normal
2018-09-30__10:39:15 0.03 0.20 0.25 1.46% 46.16 normal
2018-09-30__10:39:20 0.03 0.19 0.25 2.83% 45.62 normal
2018-09-30__10:39:25 0.03 0.19 0.24 3.32% 46.16 normal
2018-09-30__10:39:30 0.02 0.18 0.24 0.97% 46.16 normal
2018-09-30__10:39:35 0.02 0.18 0.24 1.91% 45.62 normal
2018-09-30__10:39:40 0.02 0.18 0.24 4.69% 46.16 normal
2018-09-30__10:39:45 0.02 0.17 0.24 4.65% 45.08 normal
2018-09-30__10:39:50 0.02 0.17 0.24 4.25% 45.62 normal
2018-09-30__10:39:55 0.02 0.17 0.23 3.29% 45.08 normal
2018-09-30__10:40:00 0.01 0.17 0.23 7.55% 45.62 normal
2018-09-30__10:40:05 0.01 0.16 0.23 3.32% 46.16 normal
2018-09-30__10:40:10 0.01 0.16 0.23 4.63% 45.62 normal
2018-09-30__10:40:15 0.01 0.16 0.23 2.37% 46.16 normal
2018-09-30__10:40:20 0.01 0.15 0.23 5.07% 45.62 normal
2018-09-30__10:40:25 0.01 0.15 0.23 1.91% 45.62 normal
2018-09-30__10:40:30 0.01 0.15 0.22 1.90% 45.62 normal
2018-09-30__10:40:35 0.01 0.15 0.22 3.30% 45.08 normal
2018-09-30__10:40:40 0.01 0.14 0.22 2.82% 45.08 normal
2018-09-30__10:40:45 0.00 0.14 0.22 2.37% 45.08 normal
2018-09-30__10:40:50 0.00 0.14 0.22 3.32% 46.16 normal
2018-09-30__10:40:55 0.00 0.14 0.22 4.23% 46.16 normal
2018-09-30__10:41:00 0.00 0.13 0.22 2.37% 45.08 normal
2018-09-30__10:41:05 0.00 0.13 0.21 2.86% 45.62 normal
2018-09-30__10:41:10 0.00 0.13 0.21 1.42% 45.62 normal
2018-09-30__10:41:15 0.00 0.13 0.21 2.37% 46.16 normal
2018-09-30__10:41:20 0.00 0.12 0.21 2.87% 45.62 normal
2018-09-30__10:41:25 0.00 0.12 0.21 4.25% 45.62 normal
2018-09-30__10:41:30 0.00 0.12 0.21 2.37% 45.08 normal
2018-09-30__10:41:35 0.00 0.12 0.21 2.37% 45.62 normal
2018-09-30__10:41:40 0.00 0.11 0.20 4.21% 45.08 normal
2018-09-30__10:41:45 0.00 0.11 0.20 2.37% 45.62 normal
2018-09-30__10:41:50 0.00 0.11 0.20 3.76% 45.62 normal
2018-09-30__10:41:55 0.00 0.11 0.20 2.36% 45.08 normal
2018-09-30__10:42:00 0.00 0.11 0.20 3.32% 46.16 normal
2018-09-30__10:42:05 0.00 0.10 0.20 5.96% 45.08 normal
2018-09-30__10:42:10 0.00 0.10 0.20 4.21% 45.08 normal
2018-09-30__10:42:15 0.16 0.13 0.20 4.21% 45.08 normal
2018-09-30__10:42:20 0.15 0.13 0.20 1.93% 45.08 normal
2018-09-30__10:42:25 0.13 0.13 0.20 1.90% 45.08 normal
2018-09-30__10:42:30 0.12 0.13 0.20 1.45% 45.08 normal
2018-09-30__10:42:35 0.11 0.12 0.20 2.80% 45.08 normal
2018-09-30__10:42:40 0.10 0.12 0.20 4.67% 45.62 normal
2018-09-30__10:42:45 0.10 0.12 0.20 4.19% 45.08 normal
2018-09-30__10:42:50 0.09 0.12 0.19 3.32% 45.62 normal
2018-09-30__10:42:55 0.08 0.12 0.19 4.63% 45.62 normal
2018-09-30__10:43:00 0.07 0.11 0.19 3.32% 45.08 normal
2018-09-30__10:43:05 0.07 0.11 0.19 4.65% 45.08 normal
2018-09-30__10:43:10 0.06 0.11 0.19 3.29% 46.16 normal
2018-09-30__10:43:15 0.06 0.11 0.19 4.67% 45.08 normal
2018-09-30__10:43:20 0.05 0.11 0.19 4.19% 45.08 normal
2018-09-30__10:43:25 0.05 0.10 0.18 2.82% 45.08 normal
2018-09-30__10:43:30 0.04 0.10 0.18 1.94% 45.62 normal
2018-09-30__10:43:35 0.04 0.10 0.18 3.76% 45.62 normal
2018-09-30__10:43:40 0.04 0.10 0.18 1.42% 45.62 normal
2018-09-30__10:43:45 0.03 0.10 0.18 1.90% 45.08 normal
2018-09-30__10:43:50 0.03 0.09 0.18 2.38% 46.16 normal
2018-09-30__10:43:55 0.03 0.09 0.18 4.19% 45.08 normal
2018-09-30__10:44:00 0.02 0.09 0.18 3.77% 45.62 normal
2018-09-30__10:44:05 0.02 0.09 0.18 4.19% 45.08 normal
2018-09-30__10:44:10 0.02 0.09 0.17 4.27% 45.08 normal
2018-09-30__10:44:15 0.02 0.08 0.17 4.21% 45.08 normal
2018-09-30__10:44:20 0.02 0.08 0.17 2.35% 45.08 normal
2018-09-30__10:44:25 0.02 0.08 0.17 4.19% 45.62 normal
2018-09-30__10:44:30 0.01 0.08 0.17 2.36% 45.08 normal
2018-09-30__10:44:35 0.01 0.08 0.17 2.84% 45.08 normal
2018-09-30__10:44:40 0.01 0.08 0.17 3.30% 46.16 normal
